#
# A fatal error has been detected by the Java Runtime Environment:
#
#  EXCEPTION_UNCAUGHT_CXX_EXCEPTION (0xe06d7363) at pc=0x00007ff8ec07a388, pid=292, tid=0x00000000000032ac
#
# JRE version: Java(TM) SE Runtime Environment (8.0_161-b12) (build 1.8.0_161-b12)
# Java VM: Java HotSpot(TM) 64-Bit Server VM (25.161-b12 mixed mode windows-amd64 compressed oops)
# Problematic frame:
# C  [KERNELBASE.dll+0x3a388]
#
# Failed to write core dump. Minidumps are not enabled by default on client versions of Windows
#
# If you would like to submit a bug report, please visit:
#   http://bugreport.java.com/bugreport/crash.jsp
# The crash happened outside the Java Virtual Machine in native code.
# See problematic frame for where to report the bug.
#

---------------  T H R E A D  ---------------

Current thread (0x0000000002d54000):  JavaThread "main" [_thread_in_native, id=12972, stack(0x0000000002c50000,0x0000000002d50000)]

siginfo: ExceptionCode=0xe06d7363, ExceptionInformation=0x0000000019930520 0x0000000002d4e958 0x00007ff8c9a1e738 0x00007ff8c9770000 

Registers:
RAX=0x0000000002d4e370, RBX=0x0000000000ce6310, RCX=0x0000000002d4e400, RDX=0x00007ff8ec2ca506
RSP=0x0000000002d4e7c0, RBP=0x0000000002d4e900, RSI=0x00007ff8c9a1e738, RDI=0x0000000002d4ea10
R8 =0x00007ff8c977d2dc, R9 =0x00000000000000e0, R10=0x0000000002d4e370, R11=0x0000000100000032
R12=0x00000000ffffff29, R13=0x0000000000000000, R14=0x0000000002d4e958, R15=0x0000000002d4eae8
RIP=0x00007ff8ec07a388, EFLAGS=0x0000000000000202

Top of Stack: (sp=0x0000000002d4e7c0)
0x0000000002d4e7c0:   00007ff8c99a08a4 0000000000ce6310
0x0000000002d4e7d0:   00007ff8c9a1e738 0000000002d4ea10
0x0000000002d4e7e0:   00000001e06d7363 0000000000000000
0x0000000002d4e7f0:   00007ff8ec07a388 0000000000000004
0x0000000002d4e800:   0000000019930520 0000000002d4e958
0x0000000002d4e810:   00007ff8c9a1e738 00007ff8c9770000
0x0000000002d4e820:   0000000002d4e958 00000000ffffff29
0x0000000002d4e830:   0000000002d4ea10 00007ff8c9a1e738
0x0000000002d4e840:   0000000002d4e900 00007ff8efcaa39f
0x0000000002d4e850:   0000000002d4e920 00007ff800000000
0x0000000002d4e860:   0000000000000002 0000000000c10000
0x0000000002d4e870:   00007ff8c9a4d000 00007ff8c9770000
0x0000000002d4e880:   0000702e41572af4 00000000535ae6aa
0x0000000002d4e890:   0000000000ce6310 00007ff8e44544f2
0x0000000002d4e8a0:   0000000002d4ea10 00007ff8ec2c81c6
0x0000000002d4e8b0:   0000000000000000 00007ff8c998bc60 

Instructions: (pc=0x00007ff8ec07a388)
0x00007ff8ec07a368:   49 8b d1 44 0f 47 c0 44 89 44 24 38 49 c1 e0 03
0x00007ff8ec07a378:   e8 da 3d 04 00 48 8d 4c 24 20 ff 15 a0 82 14 00
0x00007ff8ec07a388:   48 8b 8c 24 c0 00 00 00 48 33 cc e8 08 fe 03 00
0x00007ff8ec07a398:   48 81 c4 d8 00 00 00 c3 83 64 24 38 00 eb d6 cc 


Register to memory mapping:

RAX=0x0000000002d4e370 is pointing into the stack for thread: 0x0000000002d54000
RBX=0x0000000000ce6310 is an unknown value
RCX=0x0000000002d4e400 is pointing into the stack for thread: 0x0000000002d54000
RDX=0x00007ff8ec2ca506 is an unknown value
RSP=0x0000000002d4e7c0 is pointing into the stack for thread: 0x0000000002d54000
RBP=0x0000000002d4e900 is pointing into the stack for thread: 0x0000000002d54000
RSI=0x00007ff8c9a1e738 is an unknown value
RDI=0x0000000002d4ea10 is pointing into the stack for thread: 0x0000000002d54000
R8 =0x00007ff8c977d2dc is an unknown value
R9 =0x00000000000000e0 is an unknown value
R10=0x0000000002d4e370 is pointing into the stack for thread: 0x0000000002d54000
R11=0x0000000100000032 is pointing into metadata
R12=0x00000000ffffff29 is an unallocated location in the heap
R13=0x0000000000000000 is an unknown value
R14=0x0000000002d4e958 is pointing into the stack for thread: 0x0000000002d54000
R15=0x0000000002d4eae8 is pointing into the stack for thread: 0x0000000002d54000


Stack: [0x0000000002c50000,0x0000000002d50000],  sp=0x0000000002d4e7c0,  free space=1017k
Native frames: (J=compiled Java code, j=interpreted, Vv=VM code, C=native code)
C  [KERNELBASE.dll+0x3a388]
C  [VCRUNTIME140.dll+0x44f2]
C  [opencv_core342.dll+0x1b0ff6]
C  [opencv_core342.dll+0x1b114a]
C  [opencv_core342.dll+0x1349a7]
C  [opencv_core342.dll+0x60b81]
C  [opencv_imgcodecs342.dll+0x2e7b]
C  [opencv_imgcodecs342.dll+0xef5e]
C  [jniopencv_imgcodecs.dll+0x294e]
C  0x0000000002e68c67

Java frames: (J=compiled Java code, j=interpreted, Vv=VM code)
j  org.bytedeco.javacpp.opencv_imgcodecs.cvSaveImage(Ljava/lang/String;Lorg/bytedeco/javacpp/helper/opencv_core$CvArr;)I+0
j  javacv.Javacv.main([Ljava/lang/String;)V+67
v  ~StubRoutines::call_stub

---------------  P R O C E S S  ---------------

Java Threads: ( => current thread )
  0x0000000018183800 JavaThread "JavaCPP Deallocator" daemon [_thread_blocked, id=11324, stack(0x0000000018b80000,0x0000000018c80000)]
  0x00000000154bd000 JavaThread "Service Thread" daemon [_thread_blocked, id=11176, stack(0x00000000171b0000,0x00000000172b0000)]
  0x0000000015496000 JavaThread "C1 CompilerThread2" daemon [_thread_blocked, id=6112, stack(0x0000000016cb0000,0x0000000016db0000)]
  0x0000000015468000 JavaThread "C2 CompilerThread1" daemon [_thread_blocked, id=6332, stack(0x0000000016bb0000,0x0000000016cb0000)]
  0x0000000015463800 JavaThread "C2 CompilerThread0" daemon [_thread_blocked, id=11872, stack(0x0000000016ab0000,0x0000000016bb0000)]
  0x0000000015462000 JavaThread "Attach Listener" daemon [_thread_blocked, id=12480, stack(0x00000000169b0000,0x0000000016ab0000)]
  0x000000001545e800 JavaThread "Signal Dispatcher" daemon [_thread_blocked, id=12812, stack(0x00000000168b0000,0x00000000169b0000)]
  0x000000001544a000 JavaThread "Finalizer" daemon [_thread_blocked, id=13200, stack(0x00000000166c0000,0x00000000167c0000)]
  0x0000000002e43800 JavaThread "Reference Handler" daemon [_thread_blocked, id=12188, stack(0x00000000165c0000,0x00000000166c0000)]
=>0x0000000002d54000 JavaThread "main" [_thread_in_native, id=12972, stack(0x0000000002c50000,0x0000000002d50000)]

Other Threads:
  0x0000000015427800 VMThread [stack: 0x00000000164c0000,0x00000000165c0000] [id=12908]
  0x00000000154bd800 WatcherThread [stack: 0x00000000172b0000,0x00000000173b0000] [id=10772]

VM state:not at safepoint (normal execution)

VM Mutex/Monitor currently owned by a thread: None

Heap:
 PSYoungGen      total 32256K, used 3741K [0x00000000eb180000, 0x00000000ed580000, 0x0000000100000000)
  eden space 31744K, 10% used [0x00000000eb180000,0x00000000eb4e6dd0,0x00000000ed080000)
  from space 512K, 50% used [0x00000000ed180000,0x00000000ed1c0810,0x00000000ed200000)
  to   space 2560K, 0% used [0x00000000ed300000,0x00000000ed300000,0x00000000ed580000)
 ParOldGen       total 44032K, used 1351K [0x00000000c1400000, 0x00000000c3f00000, 0x00000000eb180000)
  object space 44032K, 3% used [0x00000000c1400000,0x00000000c1551d68,0x00000000c3f00000)
 Metaspace       used 7078K, capacity 7366K, committed 7424K, reserved 1056768K
  class space    used 719K, capacity 753K, committed 768K, reserved 1048576K

Card table byte_map: [0x0000000012210000,0x0000000012410000] byte_map_base: 0x0000000011c06000

Marking Bits: (ParMarkBitMap*) 0x0000000053baf860
 Begin Bits: [0x0000000012960000, 0x0000000013910000)
 End Bits:   [0x0000000013910000, 0x00000000148c0000)

Polling page: 0x0000000000cc0000

CodeCache: size=245760Kb used=3784Kb max_used=3795Kb free=241975Kb
 bounds [0x0000000002e50000, 0x0000000003210000, 0x0000000011e50000]
 total_blobs=1154 nmethods=748 adapters=319
 compilation: enabled

Compilation events (10 events):
Event: 7.483 Thread 0x0000000015463800 nmethod 744 0x00000000031f0c50 code [0x00000000031f0dc0, 0x00000000031f0fe8]
Event: 7.492 Thread 0x0000000015468000 nmethod 737% 0x00000000032011d0 code [0x00000000032013c0, 0x0000000003202f98]
Event: 7.521 Thread 0x0000000015496000  745       3       java.net.URI::isAbsolute (13 bytes)
Event: 7.521 Thread 0x0000000015496000 nmethod 745 0x00000000031f08d0 code [0x00000000031f0a20, 0x00000000031f0bd0]
Event: 7.596 Thread 0x0000000015496000  746       3       org.bytedeco.javacpp.ClassProperties::getProperty (7 bytes)
Event: 7.597 Thread 0x0000000015496000 nmethod 746 0x00000000031f7310 code [0x00000000031f7540, 0x00000000031f8298]
Event: 7.636 Thread 0x0000000015463800  747       4       java.lang.String::startsWith (7 bytes)
Event: 7.637 Thread 0x0000000015496000  748       3       java.net.URLClassLoader::defineClass (142 bytes)
Event: 7.641 Thread 0x0000000015496000 nmethod 748 0x0000000003204610 code [0x0000000003204980, 0x0000000003206c58]
Event: 7.641 Thread 0x0000000015463800 nmethod 747 0x00000000031f5750 code [0x00000000031f58a0, 0x00000000031f59b8]

GC Heap History (10 events):
Event: 4.772 GC heap before
{Heap before GC invocations=3 (full 0):
 PSYoungGen      total 18944K, used 18696K [0x00000000eb180000, 0x00000000ec680000, 0x0000000100000000)
  eden space 16384K, 100% used [0x00000000eb180000,0x00000000ec180000,0x00000000ec180000)
  from space 2560K, 90% used [0x00000000ec400000,0x00000000ec6421f0,0x00000000ec680000)
  to   space 2560K, 0% used [0x00000000ec180000,0x00000000ec180000,0x00000000ec400000)
 ParOldGen       total 44032K, used 16K [0x00000000c1400000, 0x00000000c3f00000, 0x00000000eb180000)
  object space 44032K, 0% used [0x00000000c1400000,0x00000000c1404000,0x00000000c3f00000)
 Metaspace       used 6697K, capacity 7078K, committed 7168K, reserved 1056768K
  class space    used 683K, capacity 721K, committed 768K, reserved 1048576K
Event: 4.779 GC heap after
Heap after GC invocations=3 (full 0):
 PSYoungGen      total 18944K, used 1408K [0x00000000eb180000, 0x00000000ed680000, 0x0000000100000000)
  eden space 16384K, 0% used [0x00000000eb180000,0x00000000eb180000,0x00000000ec180000)
  from space 2560K, 55% used [0x00000000ec180000,0x00000000ec2e0020,0x00000000ec400000)
  to   space 2560K, 0% used [0x00000000ed400000,0x00000000ed400000,0x00000000ed680000)
 ParOldGen       total 44032K, used 24K [0x00000000c1400000, 0x00000000c3f00000, 0x00000000eb180000)
  object space 44032K, 0% used [0x00000000c1400000,0x00000000c1406000,0x00000000c3f00000)
 Metaspace       used 6697K, capacity 7078K, committed 7168K, reserved 1056768K
  class space    used 683K, capacity 721K, committed 768K, reserved 1048576K
}
Event: 5.546 GC heap before
{Heap before GC invocations=4 (full 0):
 PSYoungGen      total 18944K, used 17792K [0x00000000eb180000, 0x00000000ed680000, 0x0000000100000000)
  eden space 16384K, 100% used [0x00000000eb180000,0x00000000ec180000,0x00000000ec180000)
  from space 2560K, 55% used [0x00000000ec180000,0x00000000ec2e0020,0x00000000ec400000)
  to   space 2560K, 0% used [0x00000000ed400000,0x00000000ed400000,0x00000000ed680000)
 ParOldGen       total 44032K, used 24K [0x00000000c1400000, 0x00000000c3f00000, 0x00000000eb180000)
  object space 44032K, 0% used [0x00000000c1400000,0x00000000c1406000,0x00000000c3f00000)
 Metaspace       used 6842K, capacity 7206K, committed 7424K, reserved 1056768K
  class space    used 702K, capacity 721K, committed 768K, reserved 1048576K
Event: 5.551 GC heap after
Heap after GC invocations=4 (full 0):
 PSYoungGen      total 17920K, used 1456K [0x00000000eb180000, 0x00000000ed580000, 0x0000000100000000)
  eden space 16384K, 0% used [0x00000000eb180000,0x00000000eb180000,0x00000000ec180000)
  from space 1536K, 94% used [0x00000000ed400000,0x00000000ed56c010,0x00000000ed580000)
  to   space 2560K, 0% used [0x00000000ed080000,0x00000000ed080000,0x00000000ed300000)
 ParOldGen       total 44032K, used 32K [0x00000000c1400000, 0x00000000c3f00000, 0x00000000eb180000)
  object space 44032K, 0% used [0x00000000c1400000,0x00000000c1408000,0x00000000c3f00000)
 Metaspace       used 6842K, capacity 7206K, committed 7424K, reserved 1056768K
  class space    used 702K, capacity 721K, committed 768K, reserved 1048576K
}
Event: 5.770 GC heap before
{Heap before GC invocations=5 (full 0):
 PSYoungGen      total 17920K, used 17840K [0x00000000eb180000, 0x00000000ed580000, 0x0000000100000000)
  eden space 16384K, 100% used [0x00000000eb180000,0x00000000ec180000,0x00000000ec180000)
  from space 1536K, 94% used [0x00000000ed400000,0x00000000ed56c010,0x00000000ed580000)
  to   space 2560K, 0% used [0x00000000ed080000,0x00000000ed080000,0x00000000ed300000)
 ParOldGen       total 44032K, used 32K [0x00000000c1400000, 0x00000000c3f00000, 0x00000000eb180000)
  object space 44032K, 0% used [0x00000000c1400000,0x00000000c1408000,0x00000000c3f00000)
 Metaspace       used 6854K, capacity 7206K, committed 7424K, reserved 1056768K
  class space    used 703K, capacity 721K, committed 768K, reserved 1048576K
Event: 5.775 GC heap after
Heap after GC invocations=5 (full 0):
 PSYoungGen      total 34304K, used 1376K [0x00000000eb180000, 0x00000000ed680000, 0x0000000100000000)
  eden space 31744K, 0% used [0x00000000eb180000,0x00000000eb180000,0x00000000ed080000)
  from space 2560K, 53% used [0x00000000ed080000,0x00000000ed1d8020,0x00000000ed300000)
  to   space 2560K, 0% used [0x00000000ed400000,0x00000000ed400000,0x00000000ed680000)
 ParOldGen       total 44032K, used 40K [0x00000000c1400000, 0x00000000c3f00000, 0x00000000eb180000)
  object space 44032K, 0% used [0x00000000c1400000,0x00000000c140a000,0x00000000c3f00000)
 Metaspace       used 6854K, capacity 7206K, committed 7424K, reserved 1056768K
  class space    used 703K, capacity 721K, committed 768K, reserved 1048576K
}
Event: 6.315 GC heap before
{Heap before GC invocations=6 (full 0):
 PSYoungGen      total 34304K, used 33120K [0x00000000eb180000, 0x00000000ed680000, 0x0000000100000000)
  eden space 31744K, 100% used [0x00000000eb180000,0x00000000ed080000,0x00000000ed080000)
  from space 2560K, 53% used [0x00000000ed080000,0x00000000ed1d8020,0x00000000ed300000)
  to   space 2560K, 0% used [0x00000000ed400000,0x00000000ed400000,0x00000000ed680000)
 ParOldGen       total 44032K, used 40K [0x00000000c1400000, 0x00000000c3f00000, 0x00000000eb180000)
  object space 44032K, 0% used [0x00000000c1400000,0x00000000c140a000,0x00000000c3f00000)
 Metaspace       used 6908K, capacity 7206K, committed 7424K, reserved 1056768K
  class space    used 703K, capacity 721K, committed 768K, reserved 1048576K
Event: 6.321 GC heap after
Heap after GC invocations=6 (full 0):
 PSYoungGen      total 35328K, used 1408K [0x00000000eb180000, 0x00000000ef480000, 0x0000000100000000)
  eden space 32768K, 0% used [0x00000000eb180000,0x00000000eb180000,0x00000000ed180000)
  from space 2560K, 55% used [0x00000000ed400000,0x00000000ed560000,0x00000000ed680000)
  to   space 2560K, 0% used [0x00000000ed180000,0x00000000ed180000,0x00000000ed400000)
 ParOldGen       total 44032K, used 48K [0x00000000c1400000, 0x00000000c3f00000, 0x00000000eb180000)
  object space 44032K, 0% used [0x00000000c1400000,0x00000000c140c000,0x00000000c3f00000)
 Metaspace       used 6908K, capacity 7206K, committed 7424K, reserved 1056768K
  class space    used 703K, capacity 721K, committed 768K, reserved 1048576K
}
Event: 7.494 GC heap before
{Heap before GC invocations=7 (full 0):
 PSYoungGen      total 35328K, used 34176K [0x00000000eb180000, 0x00000000ef480000, 0x0000000100000000)
  eden space 32768K, 100% used [0x00000000eb180000,0x00000000ed180000,0x00000000ed180000)
  from space 2560K, 55% used [0x00000000ed400000,0x00000000ed560000,0x00000000ed680000)
  to   space 2560K, 0% used [0x00000000ed180000,0x00000000ed180000,0x00000000ed400000)
 ParOldGen       total 44032K, used 48K [0x00000000c1400000, 0x00000000c3f00000, 0x00000000eb180000)
  object space 44032K, 0% used [0x00000000c1400000,0x00000000c140c000,0x00000000c3f00000)
 Metaspace       used 7039K, capacity 7366K, committed 7424K, reserved 1056768K
  class space    used 708K, capacity 753K, committed 768K, reserved 1048576K
Event: 7.500 GC heap after
Heap after GC invocations=7 (full 0):
 PSYoungGen      total 32256K, used 258K [0x00000000eb180000, 0x00000000ed580000, 0x0000000100000000)
  eden space 31744K, 0% used [0x00000000eb180000,0x00000000eb180000,0x00000000ed080000)
  from space 512K, 50% used [0x00000000ed180000,0x00000000ed1c0810,0x00000000ed200000)
  to   space 2560K, 0% used [0x00000000ed300000,0x00000000ed300000,0x00000000ed580000)
 ParOldGen       total 44032K, used 1351K [0x00000000c1400000, 0x00000000c3f00000, 0x00000000eb180000)
  object space 44032K, 3% used [0x00000000c1400000,0x00000000c1551d68,0x00000000c3f00000)
 Metaspace       used 7039K, capacity 7366K, committed 7424K, reserved 1056768K
  class space    used 708K, capacity 753K, committed 768K, reserved 1048576K
}

Deoptimization events (4 events):
Event: 1.380 Thread 0x0000000002d54000 Uncommon trap: reason=unstable_if action=reinterpret pc=0x0000000002f500f8 method=java.lang.String.hashCode()I @ 14
Event: 1.514 Thread 0x0000000002d54000 Uncommon trap: reason=unstable_if action=reinterpret pc=0x0000000002fd8234 method=java.lang.String.indexOf([CII[CIII)I @ 134
Event: 1.699 Thread 0x0000000002d54000 Uncommon trap: reason=unstable_if action=reinterpret pc=0x000000000300fdfc method=java.io.WinNTFileSystem.normalize(Ljava/lang/String;II)Ljava/lang/String; @ 8
Event: 2.164 Thread 0x0000000002d54000 Uncommon trap: reason=unstable_if action=reinterpret pc=0x0000000003036e38 method=sun.misc.URLClassPath$JarLoader.findResource(Ljava/lang/String;Z)Ljava/net/URL; @ 8

Classes redefined (0 events):
No events

Internal exceptions (10 events):
Event: 0.936 Thread 0x0000000002d54000 Exception <a 'java/security/PrivilegedActionException'> (0x00000000eb446250) thrown at [C:\re\workspace\8-2-build-windows-amd64-cygwin\jdk8u161\10277\hotspot\src\share\vm\prims\jvm.cpp, line 1390]
Event: 0.936 Thread 0x0000000002d54000 Exception <a 'java/security/PrivilegedActionException'> (0x00000000eb446460) thrown at [C:\re\workspace\8-2-build-windows-amd64-cygwin\jdk8u161\10277\hotspot\src\share\vm\prims\jvm.cpp, line 1390]
Event: 0.936 Thread 0x0000000002d54000 Exception <a 'java/security/PrivilegedActionException'> (0x00000000eb4472d0) thrown at [C:\re\workspace\8-2-build-windows-amd64-cygwin\jdk8u161\10277\hotspot\src\share\vm\prims\jvm.cpp, line 1390]
Event: 0.936 Thread 0x0000000002d54000 Exception <a 'java/security/PrivilegedActionException'> (0x00000000eb4474e0) thrown at [C:\re\workspace\8-2-build-windows-amd64-cygwin\jdk8u161\10277\hotspot\src\share\vm\prims\jvm.cpp, line 1390]
Event: 1.118 Thread 0x0000000002d54000 Exception <a 'java/security/PrivilegedActionException'> (0x00000000eb4a1128) thrown at [C:\re\workspace\8-2-build-windows-amd64-cygwin\jdk8u161\10277\hotspot\src\share\vm\prims\jvm.cpp, line 1390]
Event: 1.119 Thread 0x0000000002d54000 Exception <a 'java/security/PrivilegedActionException'> (0x00000000eb4a1338) thrown at [C:\re\workspace\8-2-build-windows-amd64-cygwin\jdk8u161\10277\hotspot\src\share\vm\prims\jvm.cpp, line 1390]
Event: 1.509 Thread 0x0000000002d54000 Exception <a 'java/security/PrivilegedActionException'> (0x00000000eb5993f0) thrown at [C:\re\workspace\8-2-build-windows-amd64-cygwin\jdk8u161\10277\hotspot\src\share\vm\prims\jvm.cpp, line 1390]
Event: 1.509 Thread 0x0000000002d54000 Exception <a 'java/security/PrivilegedActionException'> (0x00000000eb599600) thrown at [C:\re\workspace\8-2-build-windows-amd64-cygwin\jdk8u161\10277\hotspot\src\share\vm\prims\jvm.cpp, line 1390]
Event: 1.511 Thread 0x0000000002d54000 Exception <a 'java/security/PrivilegedActionException'> (0x00000000eb59d510) thrown at [C:\re\workspace\8-2-build-windows-amd64-cygwin\jdk8u161\10277\hotspot\src\share\vm\prims\jvm.cpp, line 1390]
Event: 1.511 Thread 0x0000000002d54000 Exception <a 'java/security/PrivilegedActionException'> (0x00000000eb59d720) thrown at [C:\re\workspace\8-2-build-windows-amd64-cygwin\jdk8u161\10277\hotspot\src\share\vm\prims\jvm.cpp, line 1390]

Events (10 events):
Event: 7.635 loading class org/bytedeco/javacpp/opencv_highgui$CvButtonCallback
Event: 7.635 loading class org/bytedeco/javacpp/opencv_highgui$CvButtonCallback done
Event: 7.636 loading class org/bytedeco/javacpp/opencv_highgui$Pt2Func_int_byte__
Event: 7.636 loading class org/bytedeco/javacpp/opencv_highgui$Pt2Func_int_byte__ done
Event: 7.636 loading class org/bytedeco/javacpp/opencv_highgui$Pt2Func_int_ByteBuffer
Event: 7.636 loading class org/bytedeco/javacpp/opencv_highgui$Pt2Func_int_ByteBuffer done
Event: 7.637 loading class org/bytedeco/javacpp/opencv_highgui$Pt2Func_int_BytePointer
Event: 7.637 loading class org/bytedeco/javacpp/opencv_highgui$Pt2Func_int_BytePointer done
Event: 7.638 loading class org/bytedeco/javacpp/opencv_highgui$Pt2Func_int_PointerPointer
Event: 7.638 loading class org/bytedeco/javacpp/opencv_highgui$Pt2Func_int_PointerPointer done


Dynamic libraries:
0x00007ff6054e0000 - 0x00007ff605517000 	C:\Program Files\Java\jdk1.8.0_161\bin\java.exe
0x00007ff8efca0000 - 0x00007ff8efe81000 	C:\WINDOWS\SYSTEM32\ntdll.dll
0x00007ff8ee3a0000 - 0x00007ff8ee452000 	C:\WINDOWS\System32\KERNEL32.DLL
0x00007ff8ec040000 - 0x00007ff8ec2b3000 	C:\WINDOWS\System32\KERNELBASE.dll
0x00007ff8edf40000 - 0x00007ff8edfe1000 	C:\WINDOWS\System32\ADVAPI32.dll
0x00007ff8ee300000 - 0x00007ff8ee39e000 	C:\WINDOWS\System32\msvcrt.dll
0x00007ff8ed100000 - 0x00007ff8ed15b000 	C:\WINDOWS\System32\sechost.dll
0x00007ff8ed720000 - 0x00007ff8ed844000 	C:\WINDOWS\System32\RPCRT4.dll
0x00007ff8efa20000 - 0x00007ff8efbb0000 	C:\WINDOWS\System32\USER32.dll
0x00007ff8ed0e0000 - 0x00007ff8ed100000 	C:\WINDOWS\System32\win32u.dll
0x00007ff8ee150000 - 0x00007ff8ee178000 	C:\WINDOWS\System32\GDI32.dll
0x00007ff8ecb50000 - 0x00007ff8ecce2000 	C:\WINDOWS\System32\gdi32full.dll
0x00007ff8ecd50000 - 0x00007ff8ecdef000 	C:\WINDOWS\System32\msvcp_win.dll
0x00007ff8ec2c0000 - 0x00007ff8ec3ba000 	C:\WINDOWS\System32\ucrtbase.dll
0x00007ff8db500000 - 0x00007ff8db769000 	C:\WINDOWS\WinSxS\amd64_microsoft.windows.common-controls_6595b64144ccf1df_6.0.17134.286_none_fb43982d306480cc\COMCTL32.dll
0x00007ff8ed9c0000 - 0x00007ff8edce3000 	C:\WINDOWS\System32\combase.dll
0x00007ff8ecad0000 - 0x00007ff8ecb4a000 	C:\WINDOWS\System32\bcryptPrimitives.dll
0x00007ff8ee460000 - 0x00007ff8ee48d000 	C:\WINDOWS\System32\IMM32.DLL
0x0000000054330000 - 0x0000000054402000 	C:\Program Files\Java\jdk1.8.0_161\jre\bin\msvcr100.dll
0x0000000053390000 - 0x0000000053c2f000 	C:\Program Files\Java\jdk1.8.0_161\jre\bin\server\jvm.dll
0x00007ff8ee490000 - 0x00007ff8ee498000 	C:\WINDOWS\System32\PSAPI.DLL
0x00007ff8dda20000 - 0x00007ff8dda2a000 	C:\WINDOWS\SYSTEM32\VERSION.dll
0x00007ff8eade0000 - 0x00007ff8eade9000 	C:\WINDOWS\SYSTEM32\WSOCK32.dll
0x00007ff8ed6b0000 - 0x00007ff8ed71c000 	C:\WINDOWS\System32\WS2_32.dll
0x00007ff8e9a60000 - 0x00007ff8e9a83000 	C:\WINDOWS\SYSTEM32\WINMM.dll
0x00007ff8e9a30000 - 0x00007ff8e9a5a000 	C:\WINDOWS\SYSTEM32\winmmbase.dll
0x00007ff8ed090000 - 0x00007ff8ed0d9000 	C:\WINDOWS\System32\cfgmgr32.dll
0x0000000054320000 - 0x000000005432f000 	C:\Program Files\Java\jdk1.8.0_161\jre\bin\verify.dll
0x00000000542f0000 - 0x0000000054319000 	C:\Program Files\Java\jdk1.8.0_161\jre\bin\java.dll
0x00000000542d0000 - 0x00000000542e6000 	C:\Program Files\Java\jdk1.8.0_161\jre\bin\zip.dll
0x00007ff8ee4a0000 - 0x00007ff8ef8e0000 	C:\WINDOWS\System32\SHELL32.dll
0x00007ff8ede90000 - 0x00007ff8edf39000 	C:\WINDOWS\System32\shcore.dll
0x00007ff8ec3c0000 - 0x00007ff8ecacd000 	C:\WINDOWS\System32\windows.storage.dll
0x00007ff8ef8e0000 - 0x00007ff8ef931000 	C:\WINDOWS\System32\shlwapi.dll
0x00007ff8ec020000 - 0x00007ff8ec031000 	C:\WINDOWS\System32\kernel.appcore.dll
0x00007ff8ebfe0000 - 0x00007ff8ebfff000 	C:\WINDOWS\System32\profapi.dll
0x00007ff8ebf90000 - 0x00007ff8ebfdc000 	C:\WINDOWS\System32\powrprof.dll
0x00007ff8ebf80000 - 0x00007ff8ebf8a000 	C:\WINDOWS\System32\FLTLIB.DLL
0x00007ff8e4470000 - 0x00007ff8e44c1000 	C:\Users\Deshan\.javacpp\cache\opencv-windows-x86_64.jar\org\bytedeco\javacpp\windows-x86_64\concrt140.dll
0x00007ff8e4450000 - 0x00007ff8e4466000 	C:\Program Files\Java\jdk1.8.0_161\jre\bin\VCRUNTIME140.dll
0x00007ff8d25a0000 - 0x00007ff8d263c000 	C:\Program Files\Java\jdk1.8.0_161\jre\bin\MSVCP140.dll
0x00000000542b0000 - 0x00000000542ca000 	C:\Program Files\Java\jdk1.8.0_161\jre\bin\net.dll
0x00007ff8eb7a0000 - 0x00007ff8eb806000 	C:\WINDOWS\system32\mswsock.dll
0x0000000054290000 - 0x00000000542a1000 	C:\Program Files\Java\jdk1.8.0_161\jre\bin\nio.dll
0x00007ff8d0ab0000 - 0x00007ff8d0b4d000 	C:\Users\Deshan\.javacpp\cache\opencv-windows-x86_64.jar\org\bytedeco\javacpp\windows-x86_64\msvcp140.dll
0x00007ff8e43f0000 - 0x00007ff8e4407000 	C:\Users\Deshan\.javacpp\cache\opencv-windows-x86_64.jar\org\bytedeco\javacpp\windows-x86_64\vcruntime140.dll
0x0000000002aa0000 - 0x0000000002aa3000 	C:\Users\Deshan\.javacpp\cache\opencv-windows-x86_64.jar\org\bytedeco\javacpp\windows-x86_64\api-ms-win-crt-locale-l1-1-0.dll
0x0000000002ab0000 - 0x0000000002ab4000 	C:\Users\Deshan\.javacpp\cache\opencv-windows-x86_64.jar\org\bytedeco\javacpp\windows-x86_64\api-ms-win-crt-string-l1-1-0.dll
0x0000000002ac0000 - 0x0000000002ac4000 	C:\Users\Deshan\.javacpp\cache\opencv-windows-x86_64.jar\org\bytedeco\javacpp\windows-x86_64\api-ms-win-crt-stdio-l1-1-0.dll
0x0000000002ad0000 - 0x0000000002ad5000 	C:\Users\Deshan\.javacpp\cache\opencv-windows-x86_64.jar\org\bytedeco\javacpp\windows-x86_64\api-ms-win-crt-math-l1-1-0.dll
0x0000000002ae0000 - 0x0000000002ae3000 	C:\Users\Deshan\.javacpp\cache\opencv-windows-x86_64.jar\org\bytedeco\javacpp\windows-x86_64\api-ms-win-crt-heap-l1-1-0.dll
0x0000000002af0000 - 0x0000000002af4000 	C:\Users\Deshan\.javacpp\cache\opencv-windows-x86_64.jar\org\bytedeco\javacpp\windows-x86_64\api-ms-win-crt-runtime-l1-1-0.dll
0x0000000002b00000 - 0x0000000002b04000 	C:\Users\Deshan\.javacpp\cache\opencv-windows-x86_64.jar\org\bytedeco\javacpp\windows-x86_64\api-ms-win-crt-convert-l1-1-0.dll
0x0000000002b10000 - 0x0000000002b13000 	C:\Users\Deshan\.javacpp\cache\opencv-windows-x86_64.jar\org\bytedeco\javacpp\windows-x86_64\api-ms-win-crt-environment-l1-1-0.dll
0x0000000002b20000 - 0x0000000002b23000 	C:\Users\Deshan\.javacpp\cache\opencv-windows-x86_64.jar\org\bytedeco\javacpp\windows-x86_64\api-ms-win-crt-time-l1-1-0.dll
0x0000000002b30000 - 0x0000000002b33000 	C:\Users\Deshan\.javacpp\cache\opencv-windows-x86_64.jar\org\bytedeco\javacpp\windows-x86_64\api-ms-win-crt-filesystem-l1-1-0.dll
0x0000000002b40000 - 0x0000000002b43000 	C:\Users\Deshan\.javacpp\cache\opencv-windows-x86_64.jar\org\bytedeco\javacpp\windows-x86_64\api-ms-win-crt-utility-l1-1-0.dll
0x0000000002b50000 - 0x0000000002b55000 	C:\Users\Deshan\.javacpp\cache\opencv-windows-x86_64.jar\org\bytedeco\javacpp\windows-x86_64\api-ms-win-crt-multibyte-l1-1-0.dll
0x00007ff8c9770000 - 0x00007ff8c9a74000 	C:\Users\Deshan\.javacpp\cache\opencv-windows-x86_64.jar\org\bytedeco\javacpp\windows-x86_64\opencv_core342.dll
0x00007ff8c01b0000 - 0x00007ff8c05cc000 	C:\Users\Deshan\.javacpp\cache\opencv-windows-x86_64.jar\org\bytedeco\javacpp\windows-x86_64\opencv_imgproc342.dll
0x00007ff8bfe10000 - 0x00007ff8c01a2000 	C:\Users\Deshan\.javacpp\cache\opencv-windows-x86_64.jar\org\bytedeco\javacpp\windows-x86_64\jniopencv_core.dll
0x00007ff8cf880000 - 0x00007ff8cf9d8000 	C:\Users\Deshan\.javacpp\cache\opencv-windows-x86_64.jar\org\bytedeco\javacpp\windows-x86_64\jniopencv_imgproc.dll
0x00007ff8c46f0000 - 0x00007ff8c49d4000 	C:\Users\Deshan\.javacpp\cache\opencv-windows-x86_64.jar\org\bytedeco\javacpp\windows-x86_64\opencv_imgcodecs342.dll
0x00007ff8da370000 - 0x00007ff8da3a4000 	C:\Users\Deshan\.javacpp\cache\opencv-windows-x86_64.jar\org\bytedeco\javacpp\windows-x86_64\jniopencv_imgcodecs.dll
0x00007ff8d2330000 - 0x00007ff8d23ae000 	C:\Users\Deshan\.javacpp\cache\opencv-windows-x86_64.jar\org\bytedeco\javacpp\windows-x86_64\opencv_videoio342.dll
0x00007ff8edff0000 - 0x00007ff8ee141000 	C:\WINDOWS\System32\ole32.dll
0x00007ff8ef940000 - 0x00007ff8efa02000 	C:\WINDOWS\System32\OLEAUT32.dll
0x00007ff8df460000 - 0x00007ff8df63b000 	C:\WINDOWS\SYSTEM32\MFPlat.DLL
0x00007ff8d0f20000 - 0x00007ff8d0f9b000 	C:\WINDOWS\SYSTEM32\MF.dll
0x00007ff8ca0b0000 - 0x00007ff8ca1a8000 	C:\WINDOWS\SYSTEM32\MFReadWrite.dll
0x00007ff8d9ab0000 - 0x00007ff8d9ad9000 	C:\WINDOWS\SYSTEM32\MSVFW32.dll
0x00007ff8e43d0000 - 0x00007ff8e43e8000 	C:\WINDOWS\SYSTEM32\AVICAP32.dll
0x00007ff8e0fd0000 - 0x00007ff8e0fef000 	C:\WINDOWS\SYSTEM32\AVIFIL32.dll
0x00007ff8e0dc0000 - 0x00007ff8e0ddc000 	C:\WINDOWS\SYSTEM32\MSACM32.dll
0x00007ff8bf9e0000 - 0x00007ff8bfe0e000 	C:\WINDOWS\SYSTEM32\MFCORE.DLL
0x00007ff8ecdf0000 - 0x00007ff8ecfd2000 	C:\WINDOWS\System32\CRYPT32.dll
0x00007ff8ec000000 - 0x00007ff8ec012000 	C:\WINDOWS\System32\MSASN1.dll
0x00007ff8eba80000 - 0x00007ff8ebaa5000 	C:\WINDOWS\SYSTEM32\bcrypt.dll
0x00007ff8e8b60000 - 0x00007ff8e8b69000 	C:\WINDOWS\SYSTEM32\ksuser.dll
0x00007ff8eb950000 - 0x00007ff8eb95b000 	C:\WINDOWS\SYSTEM32\CRYPTBASE.DLL
0x00007ff8e28e0000 - 0x00007ff8e290e000 	C:\WINDOWS\SYSTEM32\RTWorkQ.DLL
0x00007ff8df6d0000 - 0x00007ff8df6ef000 	C:\Users\Deshan\.javacpp\cache\opencv-windows-x86_64.jar\org\bytedeco\javacpp\windows-x86_64\jniopencv_videoio.dll
0x00007ff8d50d0000 - 0x00007ff8d5106000 	C:\Users\Deshan\.javacpp\cache\opencv-windows-x86_64.jar\org\bytedeco\javacpp\windows-x86_64\opencv_highgui342.dll
0x00007ff8ed850000 - 0x00007ff8ed93d000 	C:\WINDOWS\System32\COMDLG32.dll
0x00007ff8d0a60000 - 0x00007ff8d0ab0000 	C:\Users\Deshan\.javacpp\cache\opencv-windows-x86_64.jar\org\bytedeco\javacpp\windows-x86_64\jniopencv_highgui.dll
0x00007ff8ea230000 - 0x00007ff8ea2c8000 	C:\WINDOWS\system32\uxtheme.dll
0x00007ff8ee180000 - 0x00007ff8ee2f5000 	C:\WINDOWS\System32\MSCTF.dll
0x00007ff8ea650000 - 0x00007ff8ea679000 	C:\WINDOWS\system32\dwmapi.dll
0x00007ff8e4040000 - 0x00007ff8e40d7000 	C:\WINDOWS\System32\TextInputFramework.dll
0x00007ff8e52f0000 - 0x00007ff8e560e000 	C:\WINDOWS\System32\CoreUIComponents.dll
0x00007ff8e9cf0000 - 0x00007ff8e9dca000 	C:\WINDOWS\System32\CoreMessaging.dll
0x00007ff8e8a00000 - 0x00007ff8e8b4d000 	C:\WINDOWS\SYSTEM32\wintypes.dll
0x00007ff8eb070000 - 0x00007ff8eb0a1000 	C:\WINDOWS\SYSTEM32\ntmarta.dll
0x00007ff8eac10000 - 0x00007ff8eadd9000 	C:\WINDOWS\SYSTEM32\dbghelp.dll

VM Arguments:
jvm_args: -Dfile.encoding=UTF-8 
java_command: javacv.Javacv
java_class_path (initial): C:\javacv\javacpp.jar;C:\javacv\javacv.jar;C:\javacv\ffmpeg.jar;C:\javacv\opencv.jar;C:\javacv\flandmark.jar;C:\javacv\flycapture.jar;C:\javacv\javacv-platform.jar;C:\javacv\leptonica.jar;C:\javacv\libdc1394.jar;C:\javacv\libfreenect.jar;C:\javacv\libfreenect2.jar;C:\javacv\librealsense.jar;C:\javacv\tesseract.jar;C:\javacvcpp-jars\artoolkitplus-android-arm.jar;C:\javacvcpp-jars\artoolkitplus-android-arm64.jar;C:\javacvcpp-jars\artoolkitplus-android-x86.jar;C:\javacvcpp-jars\artoolkitplus-android-x86_64.jar;C:\javacvcpp-jars\artoolkitplus-linux-armhf.jar;C:\javacvcpp-jars\artoolkitplus-linux-ppc64le.jar;C:\javacvcpp-jars\artoolkitplus-linux-x86.jar;C:\javacvcpp-jars\artoolkitplus-linux-x86_64.jar;C:\javacvcpp-jars\artoolkitplus-macosx-x86_64.jar;C:\javacvcpp-jars\artoolkitplus-platform.jar;C:\javacvcpp-jars\artoolkitplus-windows-x86.jar;C:\javacvcpp-jars\artoolkitplus-windows-x86_64.jar;C:\javacvcpp-jars\artoolkitplus.jar;C:\javacvcpp-jars\ffmpeg-android-arm.jar;C:\javacvcpp-jars\ffmpeg-android-arm64.jar;C:\javacvcpp-jars\ffmpeg-android-x86.jar;C:\javacvcpp-jars\ffmpeg-android-x86_64.jar;C:\javacvcpp-jars\ffmpeg-linux-armhf.jar;C:\javacvcpp-jars\ffmpeg-linux-ppc64le.jar;C:\javacvcpp-jars\ffmpeg-linux-x86.jar;C:\javacvcpp-jars\ffmpeg-linux-x86_64.jar;C:\javacvcpp-jars\ffmpeg-macosx-x86_64.jar;C:\javacvcpp-jars\ffmpeg-platform.jar;C:\javacvcpp-jars\ffmpeg-windows-x86.jar;C:\javacvcpp-jars\ffmpeg-windows-x86_64.jar;C:\javacvcpp-jars\ffmpeg.jar;C:\javacvcpp-jars\flandmark-android-arm.jar;C:\javacvcpp-jars\flandmark-android-arm64.jar;C:\javacvcpp-jars\flandmark-android-x86.jar;C:\javacvcpp-jars\flandmark-android-x86_64.jar;C:\javacvcpp-jars\flandmark-linux-armhf.jar;C:\javacvcpp-jars\flandmark-linux-ppc64le.jar;C:\javacvcpp-jars\flandmark-linux-x86.jar;C:\javacvcpp-jars\flandmark-linux-x86_64.jar;C:\javacvcpp-jars\flandmark-macosx-x86_64.jar;C:\javacvcpp-jars\flandmark-platform.jar;C:\javacvcpp-jars\flandmark-windows-x86.jar;C:\javacvcpp-jars
Launcher Type: SUN_STANDARD

Environment Variables:
PATH=C:\Program Files (x86)\Common Files\Oracle\Java\javapath;C:\Program Files (x86)\Intel\iCLS Client\;C:\Program Files\Intel\iCLS Client\;C:\WINDOWS\system32;C:\WINDOWS;C:\WINDOWS\System32\Wbem;C:\WINDOWS\System32\WindowsPowerShell\v1.0\;C:\Program Files (x86)\Intel\Intel(R) Management Engine Components\DAL;C:\Program Files\Intel\Intel(R) Management Engine Components\DAL;C:\Program Files (x86)\Intel\Intel(R) Management Engine Components\IPT;C:\Program Files\Intel\Intel(R) Management Engine Components\IPT;C:\Program Files\Java\jdk1.8.0_161\bin;C:\cygwin64;C:\WINDOWS\System32\OpenSSH\;"C:\Program Files\Java\jdk1.8.0_161\bin;";C:\Program Files\Intel\WiFi\bin\;C:\Program Files\Common Files\Intel\WirelessCommon\;C:\Program Files (x86)\Microsoft SQL Server\100\Tools\Binn\;C:\Program Files\Microsoft SQL Server\100\Tools\Binn\;C:\Program Files\Microsoft SQL Server\100\DTS\Binn\;C:\opencv\opencv\build\x64\vc15\bin;C:\Users\Deshan\AppData\Local\Programs\Python\Python36-32\Scripts\;C:\Users\Deshan\AppData\Local\Programs\Python\Python36-32\;C:\Users\Deshan\AppData\Local\Microsoft\WindowsApps;C:\Program Files\Intel\WiFi\bin\;C:\Program Files\Common Files\Intel\WirelessCommon\;
USERNAME=Deshan
OS=Windows_NT
PROCESSOR_IDENTIFIER=Intel64 Family 6 Model 142 Stepping 9, GenuineIntel



---------------  S Y S T E M  ---------------

OS: Windows 10.0 , 64 bit Build 17134 (10.0.17134.1)

CPU:total 4 (initial active 4) (2 cores per cpu, 2 threads per core) family 6 model 142 stepping 9, cmov, cx8, fxsr, mmx, sse, sse2, sse3, ssse3, sse4.1, sse4.2, popcnt, avx, avx2, aes, clmul, erms, 3dnowpref, lzcnt, ht, tsc, tscinvbit, bmi1, bmi2, adx

Memory: 4k page, physical 4108200k(1321852k free), swap 6336424k(2958780k free)

vm_info: Java HotSpot(TM) 64-Bit Server VM (25.161-b12) for windows-amd64 JRE (1.8.0_161-b12), built on Dec 19 2017 17:52:25 by "java_re" with MS VC++ 10.0 (VS2010)

time: Fri Sep 28 11:41:06 2018
elapsed time: 28 seconds (0d 0h 0m 28s)

