#
# A fatal error has been detected by the Java Runtime Environment:
#
#  EXCEPTION_UNCAUGHT_CXX_EXCEPTION (0xe06d7363) at pc=0x00007ff8ec07a388, pid=10364, tid=0x0000000000002d40
#
# JRE version: Java(TM) SE Runtime Environment (8.0_161-b12) (build 1.8.0_161-b12)
# Java VM: Java HotSpot(TM) 64-Bit Server VM (25.161-b12 mixed mode windows-amd64 compressed oops)
# Problematic frame:
# C  [KERNELBASE.dll+0x3a388]
#
# Failed to write core dump. Minidumps are not enabled by default on client versions of Windows
#
# If you would like to submit a bug report, please visit:
#   http://bugreport.java.com/bugreport/crash.jsp
# The crash happened outside the Java Virtual Machine in native code.
# See problematic frame for where to report the bug.
#

---------------  T H R E A D  ---------------

Current thread (0x0000000002514000):  JavaThread "main" [_thread_in_native, id=11584, stack(0x0000000002370000,0x0000000002470000)]

siginfo: ExceptionCode=0xe06d7363, ExceptionInformation=0x0000000019930520 0x000000000246ef18 0x00007ff8b7bfe738 0x00007ff8b7950000 

Registers:
RAX=0x000000000246e930, RBX=0x00000000005562a0, RCX=0x000000000246e9c0, RDX=0x00007ff8ec2ca506
RSP=0x000000000246ed80, RBP=0x000000000246eec0, RSI=0x00007ff8b7bfe738, RDI=0x000000000246efd0
R8 =0x00007ff8b795d2dc, R9 =0x00000000000000e0, R10=0x000000000246e930, R11=0x0000000100000032
R12=0x00000000ffffff29, R13=0x0000000000000000, R14=0x000000000246ef18, R15=0x000000000246f0a8
RIP=0x00007ff8ec07a388, EFLAGS=0x0000000000000206

Top of Stack: (sp=0x000000000246ed80)
0x000000000246ed80:   00007ff8b7b808a4 00000000005562a0
0x000000000246ed90:   00007ff8b7bfe738 000000000246efd0
0x000000000246eda0:   00000001e06d7363 0000000000000000
0x000000000246edb0:   00007ff8ec07a388 0000000000000004
0x000000000246edc0:   0000000019930520 000000000246ef18
0x000000000246edd0:   00007ff8b7bfe738 00007ff8b7950000
0x000000000246ede0:   000000000246ef18 00000000ffffff29
0x000000000246edf0:   000000000246efd0 00007ff8b7bfe738
0x000000000246ee00:   000000000246eec0 00007ff8efcaa39f
0x000000000246ee10:   000000000246eee0 00007ff800000000
0x000000000246ee20:   0000000000000002 0000000000500000
0x000000000246ee30:   00007ff8b7c2d000 00007ff8b7950000
0x000000000246ee40:   0000a0e6bf4b026c 00000000535ae6aa
0x000000000246ee50:   00000000005562a0 00007ff8e0cb44f2
0x000000000246ee60:   000000000246efd0 00007ff8ec2c81c6
0x000000000246ee70:   0000000000000000 00007ff8b7b6bc60 

Instructions: (pc=0x00007ff8ec07a388)
0x00007ff8ec07a368:   49 8b d1 44 0f 47 c0 44 89 44 24 38 49 c1 e0 03
0x00007ff8ec07a378:   e8 da 3d 04 00 48 8d 4c 24 20 ff 15 a0 82 14 00
0x00007ff8ec07a388:   48 8b 8c 24 c0 00 00 00 48 33 cc e8 08 fe 03 00
0x00007ff8ec07a398:   48 81 c4 d8 00 00 00 c3 83 64 24 38 00 eb d6 cc 


Register to memory mapping:

RAX=0x000000000246e930 is pointing into the stack for thread: 0x0000000002514000
RBX=0x00000000005562a0 is an unknown value
RCX=0x000000000246e9c0 is pointing into the stack for thread: 0x0000000002514000
RDX=0x00007ff8ec2ca506 is an unknown value
RSP=0x000000000246ed80 is pointing into the stack for thread: 0x0000000002514000
RBP=0x000000000246eec0 is pointing into the stack for thread: 0x0000000002514000
RSI=0x00007ff8b7bfe738 is an unknown value
RDI=0x000000000246efd0 is pointing into the stack for thread: 0x0000000002514000
R8 =0x00007ff8b795d2dc is an unknown value
R9 =0x00000000000000e0 is an unknown value
R10=0x000000000246e930 is pointing into the stack for thread: 0x0000000002514000
R11=0x0000000100000032 is pointing into metadata
R12=0x00000000ffffff29 is an unallocated location in the heap
R13=0x0000000000000000 is an unknown value
R14=0x000000000246ef18 is pointing into the stack for thread: 0x0000000002514000
R15=0x000000000246f0a8 is pointing into the stack for thread: 0x0000000002514000


Stack: [0x0000000002370000,0x0000000002470000],  sp=0x000000000246ed80,  free space=1019k
Native frames: (J=compiled Java code, j=interpreted, Vv=VM code, C=native code)
C  [KERNELBASE.dll+0x3a388]
C  [VCRUNTIME140.dll+0x44f2]
C  [opencv_core342.dll+0x1b0ff6]
C  [opencv_core342.dll+0x1b114a]
C  [opencv_core342.dll+0x1349a7]
C  [opencv_core342.dll+0x60b81]
C  [opencv_imgcodecs342.dll+0x2e7b]
C  [opencv_imgcodecs342.dll+0xef5e]
C  [jniopencv_imgcodecs.dll+0x294e]
C  0x0000000002628c67

Java frames: (J=compiled Java code, j=interpreted, Vv=VM code)
j  org.bytedeco.javacpp.opencv_imgcodecs.cvSaveImage(Ljava/lang/String;Lorg/bytedeco/javacpp/helper/opencv_core$CvArr;)I+0
j  javacv.Javacv.main([Ljava/lang/String;)V+67
v  ~StubRoutines::call_stub

---------------  P R O C E S S  ---------------

Java Threads: ( => current thread )
  0x0000000017dc4800 JavaThread "JavaCPP Deallocator" daemon [_thread_blocked, id=12728, stack(0x00000000183b0000,0x00000000184b0000)]
  0x0000000014c7d000 JavaThread "Service Thread" daemon [_thread_blocked, id=7832, stack(0x0000000016960000,0x0000000016a60000)]
  0x0000000014c2e800 JavaThread "C1 CompilerThread2" daemon [_thread_blocked, id=10776, stack(0x0000000016460000,0x0000000016560000)]
  0x0000000014c24800 JavaThread "C2 CompilerThread1" daemon [_thread_blocked, id=4420, stack(0x0000000016360000,0x0000000016460000)]
  0x0000000014c1c800 JavaThread "C2 CompilerThread0" daemon [_thread_blocked, id=1116, stack(0x0000000016260000,0x0000000016360000)]
  0x0000000014c2c000 JavaThread "Attach Listener" daemon [_thread_blocked, id=11540, stack(0x0000000016160000,0x0000000016260000)]
  0x0000000014c28800 JavaThread "Signal Dispatcher" daemon [_thread_blocked, id=6980, stack(0x0000000016060000,0x0000000016160000)]
  0x000000000260e800 JavaThread "Finalizer" daemon [_thread_blocked, id=8384, stack(0x0000000015e70000,0x0000000015f70000)]
  0x0000000002605000 JavaThread "Reference Handler" daemon [_thread_blocked, id=4312, stack(0x0000000015d70000,0x0000000015e70000)]
=>0x0000000002514000 JavaThread "main" [_thread_in_native, id=11584, stack(0x0000000002370000,0x0000000002470000)]

Other Threads:
  0x0000000014be6800 VMThread [stack: 0x0000000015c70000,0x0000000015d70000] [id=5436]
  0x0000000014c7d800 WatcherThread [stack: 0x0000000016a60000,0x0000000016b60000] [id=3064]

VM state:not at safepoint (normal execution)

VM Mutex/Monitor currently owned by a thread: None

Heap:
 PSYoungGen      total 19456K, used 4398K [0x00000000eb180000, 0x00000000ed500000, 0x0000000100000000)
  eden space 16384K, 25% used [0x00000000eb180000,0x00000000eb5a39c8,0x00000000ec180000)
  from space 3072K, 5% used [0x00000000ecf00000,0x00000000ecf28000,0x00000000ed200000)
  to   space 3072K, 0% used [0x00000000ed200000,0x00000000ed200000,0x00000000ed500000)
 ParOldGen       total 44032K, used 1387K [0x00000000c1400000, 0x00000000c3f00000, 0x00000000eb180000)
  object space 44032K, 3% used [0x00000000c1400000,0x00000000c155ad58,0x00000000c3f00000)
 Metaspace       used 7287K, capacity 7398K, committed 7552K, reserved 1056768K
  class space    used 746K, capacity 785K, committed 896K, reserved 1048576K

Card table byte_map: [0x00000000119d0000,0x0000000011bd0000] byte_map_base: 0x00000000113c6000

Marking Bits: (ParMarkBitMap*) 0x0000000053baf860
 Begin Bits: [0x0000000012120000, 0x00000000130d0000)
 End Bits:   [0x00000000130d0000, 0x0000000014080000)

Polling page: 0x0000000000b60000

CodeCache: size=245760Kb used=3805Kb max_used=3806Kb free=241954Kb
 bounds [0x0000000002610000, 0x00000000029d0000, 0x0000000011610000]
 total_blobs=1173 nmethods=755 adapters=331
 compilation: enabled

Compilation events (10 events):
Event: 18.886 Thread 0x0000000014c2e800  755       3       java.net.URI::isAbsolute (13 bytes)
Event: 18.887 Thread 0x0000000014c2e800 nmethod 755 0x00000000029b6950 code [0x00000000029b6aa0, 0x00000000029b6c50]
Event: 18.893 Thread 0x0000000014c2e800  756       3       java.lang.ref.WeakReference::<init> (7 bytes)
Event: 18.894 Thread 0x0000000014c2e800 nmethod 756 0x00000000029b6450 code [0x00000000029b65c0, 0x00000000029b6870]
Event: 18.938 Thread 0x0000000014c24800 nmethod 746% 0x00000000029c1dd0 code [0x00000000029c1fc0, 0x00000000029c3b98]
Event: 19.011 Thread 0x0000000014c1c800 nmethod 754 0x00000000029c8f10 code [0x00000000029c9220, 0x00000000029cb7a8]
Event: 19.854 Thread 0x0000000014c2e800  757       3       org.bytedeco.javacpp.ClassProperties::getProperty (7 bytes)
Event: 19.856 Thread 0x0000000014c2e800 nmethod 757 0x00000000029b4d10 code [0x00000000029b4f40, 0x00000000029b5c98]
Event: 20.520 Thread 0x0000000014c2e800  758       3       java.net.URLClassLoader::defineClass (142 bytes)
Event: 20.524 Thread 0x0000000014c2e800 nmethod 758 0x00000000029c5690 code [0x00000000029c5a00, 0x00000000029c7cd8]

GC Heap History (10 events):
Event: 15.618 GC heap before
{Heap before GC invocations=5 (full 0):
 PSYoungGen      total 18944K, used 17824K [0x00000000eb180000, 0x00000000ec680000, 0x0000000100000000)
  eden space 16384K, 100% used [0x00000000eb180000,0x00000000ec180000,0x00000000ec180000)
  from space 2560K, 56% used [0x00000000ec400000,0x00000000ec568000,0x00000000ec680000)
  to   space 2560K, 0% used [0x00000000ec180000,0x00000000ec180000,0x00000000ec400000)
 ParOldGen       total 44032K, used 32K [0x00000000c1400000, 0x00000000c3f00000, 0x00000000eb180000)
  object space 44032K, 0% used [0x00000000c1400000,0x00000000c1408000,0x00000000c3f00000)
 Metaspace       used 7065K, capacity 7238K, committed 7424K, reserved 1056768K
  class space    used 731K, capacity 753K, committed 768K, reserved 1048576K
Event: 15.622 GC heap after
Heap after GC invocations=5 (full 0):
 PSYoungGen      total 18944K, used 1392K [0x00000000eb180000, 0x00000000ec680000, 0x0000000100000000)
  eden space 16384K, 0% used [0x00000000eb180000,0x00000000eb180000,0x00000000ec180000)
  from space 2560K, 54% used [0x00000000ec180000,0x00000000ec2dc010,0x00000000ec400000)
  to   space 2560K, 0% used [0x00000000ec400000,0x00000000ec400000,0x00000000ec680000)
 ParOldGen       total 44032K, used 40K [0x00000000c1400000, 0x00000000c3f00000, 0x00000000eb180000)
  object space 44032K, 0% used [0x00000000c1400000,0x00000000c140a000,0x00000000c3f00000)
 Metaspace       used 7065K, capacity 7238K, committed 7424K, reserved 1056768K
  class space    used 731K, capacity 753K, committed 768K, reserved 1048576K
}
Event: 15.848 GC heap before
{Heap before GC invocations=6 (full 0):
 PSYoungGen      total 18944K, used 17776K [0x00000000eb180000, 0x00000000ec680000, 0x0000000100000000)
  eden space 16384K, 100% used [0x00000000eb180000,0x00000000ec180000,0x00000000ec180000)
  from space 2560K, 54% used [0x00000000ec180000,0x00000000ec2dc010,0x00000000ec400000)
  to   space 2560K, 0% used [0x00000000ec400000,0x00000000ec400000,0x00000000ec680000)
 ParOldGen       total 44032K, used 40K [0x00000000c1400000, 0x00000000c3f00000, 0x00000000eb180000)
  object space 44032K, 0% used [0x00000000c1400000,0x00000000c140a000,0x00000000c3f00000)
 Metaspace       used 7072K, capacity 7238K, committed 7424K, reserved 1056768K
  class space    used 731K, capacity 753K, committed 768K, reserved 1048576K
Event: 15.851 GC heap after
Heap after GC invocations=6 (full 0):
 PSYoungGen      total 18944K, used 1344K [0x00000000eb180000, 0x00000000ec680000, 0x0000000100000000)
  eden space 16384K, 0% used [0x00000000eb180000,0x00000000eb180000,0x00000000ec180000)
  from space 2560K, 52% used [0x00000000ec400000,0x00000000ec550000,0x00000000ec680000)
  to   space 2560K, 0% used [0x00000000ec180000,0x00000000ec180000,0x00000000ec400000)
 ParOldGen       total 44032K, used 48K [0x00000000c1400000, 0x00000000c3f00000, 0x00000000eb180000)
  object space 44032K, 0% used [0x00000000c1400000,0x00000000c140c000,0x00000000c3f00000)
 Metaspace       used 7072K, capacity 7238K, committed 7424K, reserved 1056768K
  class space    used 731K, capacity 753K, committed 768K, reserved 1048576K
}
Event: 16.054 GC heap before
{Heap before GC invocations=7 (full 0):
 PSYoungGen      total 18944K, used 17728K [0x00000000eb180000, 0x00000000ec680000, 0x0000000100000000)
  eden space 16384K, 100% used [0x00000000eb180000,0x00000000ec180000,0x00000000ec180000)
  from space 2560K, 52% used [0x00000000ec400000,0x00000000ec550000,0x00000000ec680000)
  to   space 2560K, 0% used [0x00000000ec180000,0x00000000ec180000,0x00000000ec400000)
 ParOldGen       total 44032K, used 48K [0x00000000c1400000, 0x00000000c3f00000, 0x00000000eb180000)
  object space 44032K, 0% used [0x00000000c1400000,0x00000000c140c000,0x00000000c3f00000)
 Metaspace       used 7114K, capacity 7238K, committed 7424K, reserved 1056768K
  class space    used 731K, capacity 753K, committed 768K, reserved 1048576K
Event: 16.058 GC heap after
Heap after GC invocations=7 (full 0):
 PSYoungGen      total 18944K, used 128K [0x00000000eb180000, 0x00000000ed780000, 0x0000000100000000)
  eden space 16384K, 0% used [0x00000000eb180000,0x00000000eb180000,0x00000000ec180000)
  from space 2560K, 5% used [0x00000000ec180000,0x00000000ec1a0000,0x00000000ec400000)
  to   space 3072K, 0% used [0x00000000ed480000,0x00000000ed480000,0x00000000ed780000)
 ParOldGen       total 44032K, used 1307K [0x00000000c1400000, 0x00000000c3f00000, 0x00000000eb180000)
  object space 44032K, 2% used [0x00000000c1400000,0x00000000c1546d58,0x00000000c3f00000)
 Metaspace       used 7114K, capacity 7238K, committed 7424K, reserved 1056768K
  class space    used 731K, capacity 753K, committed 768K, reserved 1048576K
}
Event: 16.730 GC heap before
{Heap before GC invocations=8 (full 0):
 PSYoungGen      total 18944K, used 16512K [0x00000000eb180000, 0x00000000ed780000, 0x0000000100000000)
  eden space 16384K, 100% used [0x00000000eb180000,0x00000000ec180000,0x00000000ec180000)
  from space 2560K, 5% used [0x00000000ec180000,0x00000000ec1a0000,0x00000000ec400000)
  to   space 3072K, 0% used [0x00000000ed480000,0x00000000ed480000,0x00000000ed780000)
 ParOldGen       total 44032K, used 1307K [0x00000000c1400000, 0x00000000c3f00000, 0x00000000eb180000)
  object space 44032K, 2% used [0x00000000c1400000,0x00000000c1546d58,0x00000000c3f00000)
 Metaspace       used 7215K, capacity 7366K, committed 7424K, reserved 1056768K
  class space    used 733K, capacity 753K, committed 768K, reserved 1048576K
Event: 16.732 GC heap after
Heap after GC invocations=8 (full 0):
 PSYoungGen      total 16896K, used 226K [0x00000000eb180000, 0x00000000ed500000, 0x0000000100000000)
  eden space 16384K, 0% used [0x00000000eb180000,0x00000000eb180000,0x00000000ec180000)
  from space 512K, 44% used [0x00000000ed480000,0x00000000ed4b8810,0x00000000ed500000)
  to   space 3072K, 0% used [0x00000000ecf00000,0x00000000ecf00000,0x00000000ed200000)
 ParOldGen       total 44032K, used 1363K [0x00000000c1400000, 0x00000000c3f00000, 0x00000000eb180000)
  object space 44032K, 3% used [0x00000000c1400000,0x00000000c1554d58,0x00000000c3f00000)
 Metaspace       used 7215K, capacity 7366K, committed 7424K, reserved 1056768K
  class space    used 733K, capacity 753K, committed 768K, reserved 1048576K
}
Event: 18.815 GC heap before
{Heap before GC invocations=9 (full 0):
 PSYoungGen      total 16896K, used 16610K [0x00000000eb180000, 0x00000000ed500000, 0x0000000100000000)
  eden space 16384K, 100% used [0x00000000eb180000,0x00000000ec180000,0x00000000ec180000)
  from space 512K, 44% used [0x00000000ed480000,0x00000000ed4b8810,0x00000000ed500000)
  to   space 3072K, 0% used [0x00000000ecf00000,0x00000000ecf00000,0x00000000ed200000)
 ParOldGen       total 44032K, used 1363K [0x00000000c1400000, 0x00000000c3f00000, 0x00000000eb180000)
  object space 44032K, 3% used [0x00000000c1400000,0x00000000c1554d58,0x00000000c3f00000)
 Metaspace       used 7244K, capacity 7398K, committed 7552K, reserved 1056768K
  class space    used 736K, capacity 785K, committed 896K, reserved 1048576K
Event: 18.816 GC heap after
Heap after GC invocations=9 (full 0):
 PSYoungGen      total 19456K, used 160K [0x00000000eb180000, 0x00000000ed500000, 0x0000000100000000)
  eden space 16384K, 0% used [0x00000000eb180000,0x00000000eb180000,0x00000000ec180000)
  from space 3072K, 5% used [0x00000000ecf00000,0x00000000ecf28000,0x00000000ed200000)
  to   space 3072K, 0% used [0x00000000ed200000,0x00000000ed200000,0x00000000ed500000)
 ParOldGen       total 44032K, used 1387K [0x00000000c1400000, 0x00000000c3f00000, 0x00000000eb180000)
  object space 44032K, 3% used [0x00000000c1400000,0x00000000c155ad58,0x00000000c3f00000)
 Metaspace       used 7244K, capacity 7398K, committed 7552K, reserved 1056768K
  class space    used 736K, capacity 785K, committed 896K, reserved 1048576K
}

Deoptimization events (3 events):
Event: 0.793 Thread 0x0000000002514000 Uncommon trap: reason=unstable_if action=reinterpret pc=0x0000000002713238 method=java.lang.String.hashCode()I @ 14
Event: 0.907 Thread 0x0000000002514000 Uncommon trap: reason=unstable_if action=reinterpret pc=0x0000000002797834 method=java.lang.String.indexOf([CII[CIII)I @ 134
Event: 1.019 Thread 0x0000000002514000 Uncommon trap: reason=unstable_if action=reinterpret pc=0x00000000027d7134 method=java.io.WinNTFileSystem.normalize(Ljava/lang/String;II)Ljava/lang/String; @ 8

Classes redefined (0 events):
No events

Internal exceptions (10 events):
Event: 0.597 Thread 0x0000000002514000 Exception <a 'java/security/PrivilegedActionException'> (0x00000000eb4462d0) thrown at [C:\re\workspace\8-2-build-windows-amd64-cygwin\jdk8u161\10277\hotspot\src\share\vm\prims\jvm.cpp, line 1390]
Event: 0.597 Thread 0x0000000002514000 Exception <a 'java/security/PrivilegedActionException'> (0x00000000eb4464e0) thrown at [C:\re\workspace\8-2-build-windows-amd64-cygwin\jdk8u161\10277\hotspot\src\share\vm\prims\jvm.cpp, line 1390]
Event: 0.597 Thread 0x0000000002514000 Exception <a 'java/security/PrivilegedActionException'> (0x00000000eb447350) thrown at [C:\re\workspace\8-2-build-windows-amd64-cygwin\jdk8u161\10277\hotspot\src\share\vm\prims\jvm.cpp, line 1390]
Event: 0.597 Thread 0x0000000002514000 Exception <a 'java/security/PrivilegedActionException'> (0x00000000eb447560) thrown at [C:\re\workspace\8-2-build-windows-amd64-cygwin\jdk8u161\10277\hotspot\src\share\vm\prims\jvm.cpp, line 1390]
Event: 0.681 Thread 0x0000000002514000 Exception <a 'java/security/PrivilegedActionException'> (0x00000000eb4a11a8) thrown at [C:\re\workspace\8-2-build-windows-amd64-cygwin\jdk8u161\10277\hotspot\src\share\vm\prims\jvm.cpp, line 1390]
Event: 0.681 Thread 0x0000000002514000 Exception <a 'java/security/PrivilegedActionException'> (0x00000000eb4a13b8) thrown at [C:\re\workspace\8-2-build-windows-amd64-cygwin\jdk8u161\10277\hotspot\src\share\vm\prims\jvm.cpp, line 1390]
Event: 0.903 Thread 0x0000000002514000 Exception <a 'java/security/PrivilegedActionException'> (0x00000000eb599488) thrown at [C:\re\workspace\8-2-build-windows-amd64-cygwin\jdk8u161\10277\hotspot\src\share\vm\prims\jvm.cpp, line 1390]
Event: 0.904 Thread 0x0000000002514000 Exception <a 'java/security/PrivilegedActionException'> (0x00000000eb599698) thrown at [C:\re\workspace\8-2-build-windows-amd64-cygwin\jdk8u161\10277\hotspot\src\share\vm\prims\jvm.cpp, line 1390]
Event: 0.905 Thread 0x0000000002514000 Exception <a 'java/security/PrivilegedActionException'> (0x00000000eb59d5a8) thrown at [C:\re\workspace\8-2-build-windows-amd64-cygwin\jdk8u161\10277\hotspot\src\share\vm\prims\jvm.cpp, line 1390]
Event: 0.905 Thread 0x0000000002514000 Exception <a 'java/security/PrivilegedActionException'> (0x00000000eb59d7b8) thrown at [C:\re\workspace\8-2-build-windows-amd64-cygwin\jdk8u161\10277\hotspot\src\share\vm\prims\jvm.cpp, line 1390]

Events (10 events):
Event: 20.519 loading class org/bytedeco/javacpp/opencv_highgui$CvButtonCallback
Event: 20.520 loading class org/bytedeco/javacpp/opencv_highgui$CvButtonCallback done
Event: 20.520 loading class org/bytedeco/javacpp/opencv_highgui$Pt2Func_int_byte__
Event: 20.520 loading class org/bytedeco/javacpp/opencv_highgui$Pt2Func_int_byte__ done
Event: 20.521 loading class org/bytedeco/javacpp/opencv_highgui$Pt2Func_int_ByteBuffer
Event: 20.521 loading class org/bytedeco/javacpp/opencv_highgui$Pt2Func_int_ByteBuffer done
Event: 20.521 loading class org/bytedeco/javacpp/opencv_highgui$Pt2Func_int_BytePointer
Event: 20.521 loading class org/bytedeco/javacpp/opencv_highgui$Pt2Func_int_BytePointer done
Event: 20.522 loading class org/bytedeco/javacpp/opencv_highgui$Pt2Func_int_PointerPointer
Event: 20.522 loading class org/bytedeco/javacpp/opencv_highgui$Pt2Func_int_PointerPointer done


Dynamic libraries:
0x00007ff6fa1f0000 - 0x00007ff6fa227000 	C:\Program Files\Java\jdk1.8.0_161\bin\java.exe
0x00007ff8efca0000 - 0x00007ff8efe81000 	C:\WINDOWS\SYSTEM32\ntdll.dll
0x00007ff8ee3a0000 - 0x00007ff8ee452000 	C:\WINDOWS\System32\KERNEL32.DLL
0x00007ff8ec040000 - 0x00007ff8ec2b3000 	C:\WINDOWS\System32\KERNELBASE.dll
0x00007ff8edf40000 - 0x00007ff8edfe1000 	C:\WINDOWS\System32\ADVAPI32.dll
0x00007ff8ee300000 - 0x00007ff8ee39e000 	C:\WINDOWS\System32\msvcrt.dll
0x00007ff8ed100000 - 0x00007ff8ed15b000 	C:\WINDOWS\System32\sechost.dll
0x00007ff8ed720000 - 0x00007ff8ed844000 	C:\WINDOWS\System32\RPCRT4.dll
0x00007ff8efa20000 - 0x00007ff8efbb0000 	C:\WINDOWS\System32\USER32.dll
0x00007ff8ed0e0000 - 0x00007ff8ed100000 	C:\WINDOWS\System32\win32u.dll
0x00007ff8ee150000 - 0x00007ff8ee178000 	C:\WINDOWS\System32\GDI32.dll
0x00007ff8ecb50000 - 0x00007ff8ecce2000 	C:\WINDOWS\System32\gdi32full.dll
0x00007ff8ecd50000 - 0x00007ff8ecdef000 	C:\WINDOWS\System32\msvcp_win.dll
0x00007ff8ec2c0000 - 0x00007ff8ec3ba000 	C:\WINDOWS\System32\ucrtbase.dll
0x00007ff8db500000 - 0x00007ff8db769000 	C:\WINDOWS\WinSxS\amd64_microsoft.windows.common-controls_6595b64144ccf1df_6.0.17134.286_none_fb43982d306480cc\COMCTL32.dll
0x00007ff8ed9c0000 - 0x00007ff8edce3000 	C:\WINDOWS\System32\combase.dll
0x00007ff8ecad0000 - 0x00007ff8ecb4a000 	C:\WINDOWS\System32\bcryptPrimitives.dll
0x00007ff8ee460000 - 0x00007ff8ee48d000 	C:\WINDOWS\System32\IMM32.DLL
0x0000000054330000 - 0x0000000054402000 	C:\Program Files\Java\jdk1.8.0_161\jre\bin\msvcr100.dll
0x0000000053390000 - 0x0000000053c2f000 	C:\Program Files\Java\jdk1.8.0_161\jre\bin\server\jvm.dll
0x00007ff8ee490000 - 0x00007ff8ee498000 	C:\WINDOWS\System32\PSAPI.DLL
0x00007ff8dda20000 - 0x00007ff8dda2a000 	C:\WINDOWS\SYSTEM32\VERSION.dll
0x00007ff8eade0000 - 0x00007ff8eade9000 	C:\WINDOWS\SYSTEM32\WSOCK32.dll
0x00007ff8ed6b0000 - 0x00007ff8ed71c000 	C:\WINDOWS\System32\WS2_32.dll
0x00007ff8e9a60000 - 0x00007ff8e9a83000 	C:\WINDOWS\SYSTEM32\WINMM.dll
0x00007ff8e9a30000 - 0x00007ff8e9a5a000 	C:\WINDOWS\SYSTEM32\WINMMBASE.dll
0x00007ff8ed090000 - 0x00007ff8ed0d9000 	C:\WINDOWS\System32\cfgmgr32.dll
0x0000000054320000 - 0x000000005432f000 	C:\Program Files\Java\jdk1.8.0_161\jre\bin\verify.dll
0x00000000542f0000 - 0x0000000054319000 	C:\Program Files\Java\jdk1.8.0_161\jre\bin\java.dll
0x00000000542d0000 - 0x00000000542e6000 	C:\Program Files\Java\jdk1.8.0_161\jre\bin\zip.dll
0x00007ff8ee4a0000 - 0x00007ff8ef8e0000 	C:\WINDOWS\System32\SHELL32.dll
0x00007ff8ede90000 - 0x00007ff8edf39000 	C:\WINDOWS\System32\shcore.dll
0x00007ff8ec3c0000 - 0x00007ff8ecacd000 	C:\WINDOWS\System32\windows.storage.dll
0x00007ff8ef8e0000 - 0x00007ff8ef931000 	C:\WINDOWS\System32\shlwapi.dll
0x00007ff8ec020000 - 0x00007ff8ec031000 	C:\WINDOWS\System32\kernel.appcore.dll
0x00007ff8ebfe0000 - 0x00007ff8ebfff000 	C:\WINDOWS\System32\profapi.dll
0x00007ff8ebf90000 - 0x00007ff8ebfdc000 	C:\WINDOWS\System32\powrprof.dll
0x00007ff8ebf80000 - 0x00007ff8ebf8a000 	C:\WINDOWS\System32\FLTLIB.DLL
0x00000000542b0000 - 0x00000000542ca000 	C:\Program Files\Java\jdk1.8.0_161\jre\bin\net.dll
0x00007ff8eb7a0000 - 0x00007ff8eb806000 	C:\WINDOWS\system32\mswsock.dll
0x0000000054290000 - 0x00000000542a1000 	C:\Program Files\Java\jdk1.8.0_161\jre\bin\nio.dll
0x00007ff8cd4f0000 - 0x00007ff8cd541000 	C:\Users\Deshan\.javacpp\cache\opencv-windows-x86_64.jar\org\bytedeco\javacpp\windows-x86_64\concrt140.dll
0x00007ff8e0cb0000 - 0x00007ff8e0cc6000 	C:\Program Files\Java\jdk1.8.0_161\jre\bin\VCRUNTIME140.dll
0x00007ff8be650000 - 0x00007ff8be6ec000 	C:\Program Files\Java\jdk1.8.0_161\jre\bin\MSVCP140.dll
0x00007ff8bc990000 - 0x00007ff8bca2d000 	C:\Users\Deshan\.javacpp\cache\opencv-windows-x86_64.jar\org\bytedeco\javacpp\windows-x86_64\msvcp140.dll
0x00007ff8e0c90000 - 0x00007ff8e0ca7000 	C:\Users\Deshan\.javacpp\cache\opencv-windows-x86_64.jar\org\bytedeco\javacpp\windows-x86_64\vcruntime140.dll
0x00000000024a0000 - 0x00000000024a3000 	C:\Users\Deshan\.javacpp\cache\opencv-windows-x86_64.jar\org\bytedeco\javacpp\windows-x86_64\api-ms-win-crt-locale-l1-1-0.dll
0x00000000024b0000 - 0x00000000024b4000 	C:\Users\Deshan\.javacpp\cache\opencv-windows-x86_64.jar\org\bytedeco\javacpp\windows-x86_64\api-ms-win-crt-string-l1-1-0.dll
0x00000000024c0000 - 0x00000000024c4000 	C:\Users\Deshan\.javacpp\cache\opencv-windows-x86_64.jar\org\bytedeco\javacpp\windows-x86_64\api-ms-win-crt-stdio-l1-1-0.dll
0x00000000024d0000 - 0x00000000024d5000 	C:\Users\Deshan\.javacpp\cache\opencv-windows-x86_64.jar\org\bytedeco\javacpp\windows-x86_64\api-ms-win-crt-math-l1-1-0.dll
0x00000000024e0000 - 0x00000000024e3000 	C:\Users\Deshan\.javacpp\cache\opencv-windows-x86_64.jar\org\bytedeco\javacpp\windows-x86_64\api-ms-win-crt-heap-l1-1-0.dll
0x00000000024f0000 - 0x00000000024f4000 	C:\Users\Deshan\.javacpp\cache\opencv-windows-x86_64.jar\org\bytedeco\javacpp\windows-x86_64\api-ms-win-crt-runtime-l1-1-0.dll
0x0000000018330000 - 0x0000000018334000 	C:\Users\Deshan\.javacpp\cache\opencv-windows-x86_64.jar\org\bytedeco\javacpp\windows-x86_64\api-ms-win-crt-convert-l1-1-0.dll
0x0000000018340000 - 0x0000000018343000 	C:\Users\Deshan\.javacpp\cache\opencv-windows-x86_64.jar\org\bytedeco\javacpp\windows-x86_64\api-ms-win-crt-environment-l1-1-0.dll
0x0000000018350000 - 0x0000000018353000 	C:\Users\Deshan\.javacpp\cache\opencv-windows-x86_64.jar\org\bytedeco\javacpp\windows-x86_64\api-ms-win-crt-time-l1-1-0.dll
0x0000000018360000 - 0x0000000018363000 	C:\Users\Deshan\.javacpp\cache\opencv-windows-x86_64.jar\org\bytedeco\javacpp\windows-x86_64\api-ms-win-crt-filesystem-l1-1-0.dll
0x0000000018370000 - 0x0000000018373000 	C:\Users\Deshan\.javacpp\cache\opencv-windows-x86_64.jar\org\bytedeco\javacpp\windows-x86_64\api-ms-win-crt-utility-l1-1-0.dll
0x0000000018380000 - 0x0000000018385000 	C:\Users\Deshan\.javacpp\cache\opencv-windows-x86_64.jar\org\bytedeco\javacpp\windows-x86_64\api-ms-win-crt-multibyte-l1-1-0.dll
0x00007ff8b7950000 - 0x00007ff8b7c54000 	C:\Users\Deshan\.javacpp\cache\opencv-windows-x86_64.jar\org\bytedeco\javacpp\windows-x86_64\opencv_core342.dll
0x00007ff8a60f0000 - 0x00007ff8a650c000 	C:\Users\Deshan\.javacpp\cache\opencv-windows-x86_64.jar\org\bytedeco\javacpp\windows-x86_64\opencv_imgproc342.dll
0x00007ff8a5d50000 - 0x00007ff8a60e2000 	C:\Users\Deshan\.javacpp\cache\opencv-windows-x86_64.jar\org\bytedeco\javacpp\windows-x86_64\jniopencv_core.dll
0x00007ff8bc830000 - 0x00007ff8bc988000 	C:\Users\Deshan\.javacpp\cache\opencv-windows-x86_64.jar\org\bytedeco\javacpp\windows-x86_64\jniopencv_imgproc.dll
0x00007ff8a5a60000 - 0x00007ff8a5d44000 	C:\Users\Deshan\.javacpp\cache\opencv-windows-x86_64.jar\org\bytedeco\javacpp\windows-x86_64\opencv_imgcodecs342.dll
0x00007ff8d8f30000 - 0x00007ff8d8f64000 	C:\Users\Deshan\.javacpp\cache\opencv-windows-x86_64.jar\org\bytedeco\javacpp\windows-x86_64\jniopencv_imgcodecs.dll
0x00007ff8cce90000 - 0x00007ff8ccf0e000 	C:\Users\Deshan\.javacpp\cache\opencv-windows-x86_64.jar\org\bytedeco\javacpp\windows-x86_64\opencv_videoio342.dll
0x00007ff8edff0000 - 0x00007ff8ee141000 	C:\WINDOWS\System32\ole32.dll
0x00007ff8ef940000 - 0x00007ff8efa02000 	C:\WINDOWS\System32\OLEAUT32.dll
0x00007ff8e1f70000 - 0x00007ff8e214b000 	C:\WINDOWS\SYSTEM32\MFPlat.DLL
0x00007ff8df0c0000 - 0x00007ff8df0e9000 	C:\WINDOWS\SYSTEM32\MSVFW32.dll
0x00007ff8cad20000 - 0x00007ff8cad9b000 	C:\WINDOWS\SYSTEM32\MF.dll
0x00007ff8df4f0000 - 0x00007ff8df50f000 	C:\WINDOWS\SYSTEM32\AVIFIL32.dll
0x00007ff8df690000 - 0x00007ff8df6ac000 	C:\WINDOWS\SYSTEM32\MSACM32.dll
0x00007ff8df300000 - 0x00007ff8df318000 	C:\WINDOWS\SYSTEM32\AVICAP32.dll
0x00007ff8bae70000 - 0x00007ff8baf68000 	C:\WINDOWS\SYSTEM32\MFReadWrite.dll
0x00007ff8a5630000 - 0x00007ff8a5a5e000 	C:\WINDOWS\SYSTEM32\MFCORE.DLL
0x00007ff8ecdf0000 - 0x00007ff8ecfd2000 	C:\WINDOWS\System32\CRYPT32.dll
0x00007ff8ec000000 - 0x00007ff8ec012000 	C:\WINDOWS\System32\MSASN1.dll
0x00007ff8e85f0000 - 0x00007ff8e85f9000 	C:\WINDOWS\SYSTEM32\ksuser.dll
0x00007ff8eba80000 - 0x00007ff8ebaa5000 	C:\WINDOWS\SYSTEM32\bcrypt.dll
0x00007ff8eb950000 - 0x00007ff8eb95b000 	C:\WINDOWS\SYSTEM32\CRYPTBASE.DLL
0x00007ff8e7290000 - 0x00007ff8e72be000 	C:\WINDOWS\SYSTEM32\RTWorkQ.DLL
0x00007ff8deb20000 - 0x00007ff8deb3f000 	C:\Users\Deshan\.javacpp\cache\opencv-windows-x86_64.jar\org\bytedeco\javacpp\windows-x86_64\jniopencv_videoio.dll
0x00007ff8d8340000 - 0x00007ff8d8376000 	C:\Users\Deshan\.javacpp\cache\opencv-windows-x86_64.jar\org\bytedeco\javacpp\windows-x86_64\opencv_highgui342.dll
0x00007ff8ed850000 - 0x00007ff8ed93d000 	C:\WINDOWS\System32\COMDLG32.dll
0x00007ff8cd2d0000 - 0x00007ff8cd320000 	C:\Users\Deshan\.javacpp\cache\opencv-windows-x86_64.jar\org\bytedeco\javacpp\windows-x86_64\jniopencv_highgui.dll
0x00007ff8ea230000 - 0x00007ff8ea2c8000 	C:\WINDOWS\system32\uxtheme.dll
0x00007ff8ee180000 - 0x00007ff8ee2f5000 	C:\WINDOWS\System32\MSCTF.dll
0x00007ff8ea650000 - 0x00007ff8ea679000 	C:\WINDOWS\system32\dwmapi.dll
0x00007ff8e0240000 - 0x00007ff8e02d7000 	C:\WINDOWS\System32\TextInputFramework.dll
0x00007ff8e52f0000 - 0x00007ff8e560e000 	C:\WINDOWS\System32\CoreUIComponents.dll
0x00007ff8eb070000 - 0x00007ff8eb0a1000 	C:\WINDOWS\SYSTEM32\ntmarta.dll
0x00007ff8e8a00000 - 0x00007ff8e8b4d000 	C:\WINDOWS\SYSTEM32\wintypes.dll
0x00007ff8e9cf0000 - 0x00007ff8e9dca000 	C:\WINDOWS\System32\CoreMessaging.dll
0x00007ff8eac10000 - 0x00007ff8eadd9000 	C:\WINDOWS\SYSTEM32\dbghelp.dll

VM Arguments:
jvm_args: -Dfile.encoding=UTF-8 
java_command: javacv.Javacv
java_class_path (initial): C:\javacv\javacpp.jar;C:\javacv\javacv.jar;C:\javacv\ffmpeg.jar;C:\javacv\opencv.jar;C:\javacv\flandmark.jar;C:\javacv\flycapture.jar;C:\javacv\javacv-platform.jar;C:\javacv\leptonica.jar;C:\javacv\libdc1394.jar;C:\javacv\libfreenect.jar;C:\javacv\libfreenect2.jar;C:\javacv\librealsense.jar;C:\javacv\tesseract.jar;C:\javacvcpp-jars\artoolkitplus-android-arm.jar;C:\javacvcpp-jars\artoolkitplus-android-arm64.jar;C:\javacvcpp-jars\artoolkitplus-android-x86.jar;C:\javacvcpp-jars\artoolkitplus-android-x86_64.jar;C:\javacvcpp-jars\artoolkitplus-linux-armhf.jar;C:\javacvcpp-jars\artoolkitplus-linux-ppc64le.jar;C:\javacvcpp-jars\artoolkitplus-linux-x86.jar;C:\javacvcpp-jars\artoolkitplus-linux-x86_64.jar;C:\javacvcpp-jars\artoolkitplus-macosx-x86_64.jar;C:\javacvcpp-jars\artoolkitplus-platform.jar;C:\javacvcpp-jars\artoolkitplus-windows-x86.jar;C:\javacvcpp-jars\artoolkitplus-windows-x86_64.jar;C:\javacvcpp-jars\artoolkitplus.jar;C:\javacvcpp-jars\ffmpeg-android-arm.jar;C:\javacvcpp-jars\ffmpeg-android-arm64.jar;C:\javacvcpp-jars\ffmpeg-android-x86.jar;C:\javacvcpp-jars\ffmpeg-android-x86_64.jar;C:\javacvcpp-jars\ffmpeg-linux-armhf.jar;C:\javacvcpp-jars\ffmpeg-linux-ppc64le.jar;C:\javacvcpp-jars\ffmpeg-linux-x86.jar;C:\javacvcpp-jars\ffmpeg-linux-x86_64.jar;C:\javacvcpp-jars\ffmpeg-macosx-x86_64.jar;C:\javacvcpp-jars\ffmpeg-platform.jar;C:\javacvcpp-jars\ffmpeg-windows-x86.jar;C:\javacvcpp-jars\ffmpeg-windows-x86_64.jar;C:\javacvcpp-jars\ffmpeg.jar;C:\javacvcpp-jars\flandmark-android-arm.jar;C:\javacvcpp-jars\flandmark-android-arm64.jar;C:\javacvcpp-jars\flandmark-android-x86.jar;C:\javacvcpp-jars\flandmark-android-x86_64.jar;C:\javacvcpp-jars\flandmark-linux-armhf.jar;C:\javacvcpp-jars\flandmark-linux-ppc64le.jar;C:\javacvcpp-jars\flandmark-linux-x86.jar;C:\javacvcpp-jars\flandmark-linux-x86_64.jar;C:\javacvcpp-jars\flandmark-macosx-x86_64.jar;C:\javacvcpp-jars\flandmark-platform.jar;C:\javacvcpp-jars\flandmark-windows-x86.jar;C:\javacvcpp-jars
Launcher Type: SUN_STANDARD

Environment Variables:
PATH=C:\Program Files (x86)\Common Files\Oracle\Java\javapath;C:\Program Files (x86)\Intel\iCLS Client\;C:\Program Files\Intel\iCLS Client\;C:\WINDOWS\system32;C:\WINDOWS;C:\WINDOWS\System32\Wbem;C:\WINDOWS\System32\WindowsPowerShell\v1.0\;C:\Program Files (x86)\Intel\Intel(R) Management Engine Components\DAL;C:\Program Files\Intel\Intel(R) Management Engine Components\DAL;C:\Program Files (x86)\Intel\Intel(R) Management Engine Components\IPT;C:\Program Files\Intel\Intel(R) Management Engine Components\IPT;C:\Program Files\Java\jdk1.8.0_161\bin;C:\cygwin64;C:\WINDOWS\System32\OpenSSH\;"C:\Program Files\Java\jdk1.8.0_161\bin;";C:\Program Files\Intel\WiFi\bin\;C:\Program Files\Common Files\Intel\WirelessCommon\;C:\Program Files (x86)\Microsoft SQL Server\100\Tools\Binn\;C:\Program Files\Microsoft SQL Server\100\Tools\Binn\;C:\Program Files\Microsoft SQL Server\100\DTS\Binn\;C:\Users\Deshan\AppData\Local\Programs\Python\Python36-32\Scripts\;C:\Users\Deshan\AppData\Local\Programs\Python\Python36-32\;C:\Users\Deshan\AppData\Local\Microsoft\WindowsApps;C:\Program Files\Intel\WiFi\bin\;C:\Program Files\Common Files\Intel\WirelessCommon\;
USERNAME=Deshan
OS=Windows_NT
PROCESSOR_IDENTIFIER=Intel64 Family 6 Model 142 Stepping 9, GenuineIntel



---------------  S Y S T E M  ---------------

OS: Windows 10.0 , 64 bit Build 17134 (10.0.17134.1)

CPU:total 4 (initial active 4) (2 cores per cpu, 2 threads per core) family 6 model 142 stepping 9, cmov, cx8, fxsr, mmx, sse, sse2, sse3, ssse3, sse4.1, sse4.2, popcnt, avx, avx2, aes, clmul, erms, 3dnowpref, lzcnt, ht, tsc, tscinvbit, bmi1, bmi2, adx

Memory: 4k page, physical 4108200k(501228k free), swap 6336424k(1433192k free)

vm_info: Java HotSpot(TM) 64-Bit Server VM (25.161-b12) for windows-amd64 JRE (1.8.0_161-b12), built on Dec 19 2017 17:52:25 by "java_re" with MS VC++ 10.0 (VS2010)

time: Fri Sep 28 09:58:06 2018
elapsed time: 36 seconds (0d 0h 0m 36s)

