#
# A fatal error has been detected by the Java Runtime Environment:
#
#  EXCEPTION_UNCAUGHT_CXX_EXCEPTION (0xe06d7363) at pc=0x00007ff8ec07a388, pid=6380, tid=0x00000000000032b8
#
# JRE version: Java(TM) SE Runtime Environment (8.0_161-b12) (build 1.8.0_161-b12)
# Java VM: Java HotSpot(TM) 64-Bit Server VM (25.161-b12 mixed mode windows-amd64 compressed oops)
# Problematic frame:
# C  [KERNELBASE.dll+0x3a388]
#
# Failed to write core dump. Minidumps are not enabled by default on client versions of Windows
#
# If you would like to submit a bug report, please visit:
#   http://bugreport.java.com/bugreport/crash.jsp
# The crash happened outside the Java Virtual Machine in native code.
# See problematic frame for where to report the bug.
#

---------------  T H R E A D  ---------------

Current thread (0x00000000024c4000):  JavaThread "main" [_thread_in_native, id=12984, stack(0x00000000023c0000,0x00000000024c0000)]

siginfo: ExceptionCode=0xe06d7363, ExceptionInformation=0x0000000019930520 0x00000000024bee48 0x00007ff8bd15e738 0x00007ff8bceb0000 

Registers:
RAX=0x00000000024be860, RBX=0x0000000000677270, RCX=0x00000000024be8f0, RDX=0x00007ff8ec2ca506
RSP=0x00000000024becb0, RBP=0x00000000024bedf0, RSI=0x00007ff8bd15e738, RDI=0x00000000024bef00
R8 =0x00007ff8bcebd2dc, R9 =0x00000000000000e0, R10=0x00000000024be860, R11=0x00041ac000041374
R12=0x00000000ffffff29, R13=0x0000000000000000, R14=0x00000000024bee48, R15=0x00000000024befd8
RIP=0x00007ff8ec07a388, EFLAGS=0x0000000000000202

Top of Stack: (sp=0x00000000024becb0)
0x00000000024becb0:   00007ff8bd0e08a4 0000000000677270
0x00000000024becc0:   00007ff8bd15e738 00000000024bef00
0x00000000024becd0:   00000001e06d7363 0000000000000000
0x00000000024bece0:   00007ff8ec07a388 0000000000000004
0x00000000024becf0:   0000000019930520 00000000024bee48
0x00000000024bed00:   00007ff8bd15e738 00007ff8bceb0000
0x00000000024bed10:   00000000024bee48 00000000ffffff29
0x00000000024bed20:   00000000024bef00 00007ff8bd15e738
0x00000000024bed30:   00000000024bedf0 00007ff8efcaa39f
0x00000000024bed40:   00000000024bee10 00007ff800000000
0x00000000024bed50:   0000000000000002 00000000005e0000
0x00000000024bed60:   00007ff8bd18d000 00007ff8bceb0000
0x00000000024bed70:   000069a0597fe1ca 00000000535ae6aa
0x00000000024bed80:   0000000000677270 00007ff8e43b44f2
0x00000000024bed90:   00000000024bef00 00007ff8ec2c81c6
0x00000000024beda0:   0000000000000000 00007ff8bd0cbc60 

Instructions: (pc=0x00007ff8ec07a388)
0x00007ff8ec07a368:   49 8b d1 44 0f 47 c0 44 89 44 24 38 49 c1 e0 03
0x00007ff8ec07a378:   e8 da 3d 04 00 48 8d 4c 24 20 ff 15 a0 82 14 00
0x00007ff8ec07a388:   48 8b 8c 24 c0 00 00 00 48 33 cc e8 08 fe 03 00
0x00007ff8ec07a398:   48 81 c4 d8 00 00 00 c3 83 64 24 38 00 eb d6 cc 


Register to memory mapping:

RAX=0x00000000024be860 is pointing into the stack for thread: 0x00000000024c4000
RBX=0x0000000000677270 is an unknown value
RCX=0x00000000024be8f0 is pointing into the stack for thread: 0x00000000024c4000
RDX=0x00007ff8ec2ca506 is an unknown value
RSP=0x00000000024becb0 is pointing into the stack for thread: 0x00000000024c4000
RBP=0x00000000024bedf0 is pointing into the stack for thread: 0x00000000024c4000
RSI=0x00007ff8bd15e738 is an unknown value
RDI=0x00000000024bef00 is pointing into the stack for thread: 0x00000000024c4000
R8 =0x00007ff8bcebd2dc is an unknown value
R9 =0x00000000000000e0 is an unknown value
R10=0x00000000024be860 is pointing into the stack for thread: 0x00000000024c4000
R11=0x00041ac000041374 is an unknown value
R12=0x00000000ffffff29 is an unallocated location in the heap
R13=0x0000000000000000 is an unknown value
R14=0x00000000024bee48 is pointing into the stack for thread: 0x00000000024c4000
R15=0x00000000024befd8 is pointing into the stack for thread: 0x00000000024c4000


Stack: [0x00000000023c0000,0x00000000024c0000],  sp=0x00000000024becb0,  free space=1019k
Native frames: (J=compiled Java code, j=interpreted, Vv=VM code, C=native code)
C  [KERNELBASE.dll+0x3a388]
C  [VCRUNTIME140.dll+0x44f2]
C  [opencv_core342.dll+0x1b0ff6]
C  [opencv_core342.dll+0x1b114a]
C  [opencv_core342.dll+0x1349a7]
C  [opencv_core342.dll+0x60b81]
C  [opencv_imgcodecs342.dll+0x2e7b]
C  [opencv_imgcodecs342.dll+0xef5e]
C  [jniopencv_imgcodecs.dll+0x294e]
C  0x00000000025d8c67

Java frames: (J=compiled Java code, j=interpreted, Vv=VM code)
j  org.bytedeco.javacpp.opencv_imgcodecs.cvSaveImage(Ljava/lang/String;Lorg/bytedeco/javacpp/helper/opencv_core$CvArr;)I+0
j  javacv.Javacv.main([Ljava/lang/String;)V+45
v  ~StubRoutines::call_stub

---------------  P R O C E S S  ---------------

Java Threads: ( => current thread )
  0x00000000175f3000 JavaThread "JavaCPP Deallocator" daemon [_thread_blocked, id=10552, stack(0x00000000183c0000,0x00000000184c0000)]
  0x000000001653d000 JavaThread "Service Thread" daemon [_thread_blocked, id=11912, stack(0x0000000016910000,0x0000000016a10000)]
  0x0000000014bdf000 JavaThread "C1 CompilerThread2" daemon [_thread_blocked, id=3628, stack(0x0000000016410000,0x0000000016510000)]
  0x0000000014bd5800 JavaThread "C2 CompilerThread1" daemon [_thread_in_native, id=9304, stack(0x0000000016310000,0x0000000016410000)]
  0x0000000014bce000 JavaThread "C2 CompilerThread0" daemon [_thread_blocked, id=4724, stack(0x0000000016210000,0x0000000016310000)]
  0x0000000014bdd800 JavaThread "Attach Listener" daemon [_thread_blocked, id=2380, stack(0x0000000016110000,0x0000000016210000)]
  0x0000000014bda000 JavaThread "Signal Dispatcher" daemon [_thread_blocked, id=8696, stack(0x0000000016010000,0x0000000016110000)]
  0x00000000025be000 JavaThread "Finalizer" daemon [_thread_blocked, id=3204, stack(0x0000000015e20000,0x0000000015f20000)]
  0x00000000025b5000 JavaThread "Reference Handler" daemon [_thread_blocked, id=9996, stack(0x0000000015d20000,0x0000000015e20000)]
=>0x00000000024c4000 JavaThread "main" [_thread_in_native, id=12984, stack(0x00000000023c0000,0x00000000024c0000)]

Other Threads:
  0x0000000014b96800 VMThread [stack: 0x0000000015c20000,0x0000000015d20000] [id=11988]
  0x0000000016559800 WatcherThread [stack: 0x0000000016a10000,0x0000000016b10000] [id=13184]

VM state:not at safepoint (normal execution)

VM Mutex/Monitor currently owned by a thread: None

Heap:
 PSYoungGen      total 35328K, used 23003K [0x00000000eb180000, 0x00000000ef680000, 0x0000000100000000)
  eden space 32768K, 65% used [0x00000000eb180000,0x00000000ec68efa8,0x00000000ed180000)
  from space 2560K, 56% used [0x00000000ed180000,0x00000000ed2e8000,0x00000000ed400000)
  to   space 2560K, 0% used [0x00000000ef400000,0x00000000ef400000,0x00000000ef680000)
 ParOldGen       total 44032K, used 32K [0x00000000c1400000, 0x00000000c3f00000, 0x00000000eb180000)
  object space 44032K, 0% used [0x00000000c1400000,0x00000000c1408000,0x00000000c3f00000)
 Metaspace       used 6904K, capacity 7206K, committed 7424K, reserved 1056768K
  class space    used 703K, capacity 721K, committed 768K, reserved 1048576K

Card table byte_map: [0x0000000011980000,0x0000000011b80000] byte_map_base: 0x0000000011376000

Marking Bits: (ParMarkBitMap*) 0x0000000053baf860
 Begin Bits: [0x00000000120d0000, 0x0000000013080000)
 End Bits:   [0x0000000013080000, 0x0000000014030000)

Polling page: 0x0000000002340000

CodeCache: size=245760Kb used=3668Kb max_used=3677Kb free=242091Kb
 bounds [0x00000000025c0000, 0x0000000002960000, 0x00000000115c0000]
 total_blobs=1081 nmethods=679 adapters=315
 compilation: enabled

Compilation events (10 events):
Event: 3.210 Thread 0x0000000014bdf000  677       3       java.util.LinkedHashMap$LinkedHashIterator::hasNext (13 bytes)
Event: 3.210 Thread 0x0000000014bdf000 nmethod 677 0x000000000293a550 code [0x000000000293a6a0, 0x000000000293a850]
Event: 3.210 Thread 0x0000000014bdf000  676       3       java.net.URI::access$002 (7 bytes)
Event: 3.210 Thread 0x0000000014bdf000 nmethod 676 0x000000000293a210 code [0x000000000293a360, 0x000000000293a4b0]
Event: 3.231 Thread 0x0000000014bce000 nmethod 674 0x0000000002937b50 code [0x0000000002937ce0, 0x00000000029382c8]
Event: 3.264 Thread 0x0000000014bd5800  678       4       sun.misc.URLClassPath::getResource (83 bytes)
Event: 3.265 Thread 0x0000000014bdf000  679       1       java.lang.ClassLoader::findLibrary (2 bytes)
Event: 3.265 Thread 0x0000000014bdf000 nmethod 679 0x0000000002911e90 code [0x0000000002911fe0, 0x00000000029120f0]
Event: 3.270 Thread 0x0000000014bdf000  680       3       java.io.File::getCanonicalFile (21 bytes)
Event: 3.271 Thread 0x0000000014bdf000 nmethod 680 0x0000000002939850 code [0x0000000002939a20, 0x0000000002939fa8]

GC Heap History (10 events):
Event: 1.284 GC heap before
{Heap before GC invocations=1 (full 0):
 PSYoungGen      total 18944K, used 16384K [0x00000000eb180000, 0x00000000ec680000, 0x0000000100000000)
  eden space 16384K, 100% used [0x00000000eb180000,0x00000000ec180000,0x00000000ec180000)
  from space 2560K, 0% used [0x00000000ec400000,0x00000000ec400000,0x00000000ec680000)
  to   space 2560K, 0% used [0x00000000ec180000,0x00000000ec180000,0x00000000ec400000)
 ParOldGen       total 44032K, used 0K [0x00000000c1400000, 0x00000000c3f00000, 0x00000000eb180000)
  object space 44032K, 0% used [0x00000000c1400000,0x00000000c1400000,0x00000000c3f00000)
 Metaspace       used 4759K, capacity 5318K, committed 5376K, reserved 1056768K
  class space    used 458K, capacity 497K, committed 512K, reserved 1048576K
Event: 1.292 GC heap after
Heap after GC invocations=1 (full 0):
 PSYoungGen      total 18944K, used 1714K [0x00000000eb180000, 0x00000000ec680000, 0x0000000100000000)
  eden space 16384K, 0% used [0x00000000eb180000,0x00000000eb180000,0x00000000ec180000)
  from space 2560K, 66% used [0x00000000ec180000,0x00000000ec32cac0,0x00000000ec400000)
  to   space 2560K, 0% used [0x00000000ec400000,0x00000000ec400000,0x00000000ec680000)
 ParOldGen       total 44032K, used 8K [0x00000000c1400000, 0x00000000c3f00000, 0x00000000eb180000)
  object space 44032K, 0% used [0x00000000c1400000,0x00000000c1402000,0x00000000c3f00000)
 Metaspace       used 4759K, capacity 5318K, committed 5376K, reserved 1056768K
  class space    used 458K, capacity 497K, committed 512K, reserved 1048576K
}
Event: 1.882 GC heap before
{Heap before GC invocations=2 (full 0):
 PSYoungGen      total 18944K, used 18098K [0x00000000eb180000, 0x00000000ec680000, 0x0000000100000000)
  eden space 16384K, 100% used [0x00000000eb180000,0x00000000ec180000,0x00000000ec180000)
  from space 2560K, 66% used [0x00000000ec180000,0x00000000ec32cac0,0x00000000ec400000)
  to   space 2560K, 0% used [0x00000000ec400000,0x00000000ec400000,0x00000000ec680000)
 ParOldGen       total 44032K, used 8K [0x00000000c1400000, 0x00000000c3f00000, 0x00000000eb180000)
  object space 44032K, 0% used [0x00000000c1400000,0x00000000c1402000,0x00000000c3f00000)
 Metaspace       used 6363K, capacity 6822K, committed 6912K, reserved 1056768K
  class space    used 681K, capacity 721K, committed 768K, reserved 1048576K
Event: 1.892 GC heap after
Heap after GC invocations=2 (full 0):
 PSYoungGen      total 18944K, used 2296K [0x00000000eb180000, 0x00000000ed680000, 0x0000000100000000)
  eden space 16384K, 0% used [0x00000000eb180000,0x00000000eb180000,0x00000000ec180000)
  from space 2560K, 89% used [0x00000000ec400000,0x00000000ec63e200,0x00000000ec680000)
  to   space 2560K, 0% used [0x00000000ec180000,0x00000000ec180000,0x00000000ec400000)
 ParOldGen       total 44032K, used 8K [0x00000000c1400000, 0x00000000c3f00000, 0x00000000eb180000)
  object space 44032K, 0% used [0x00000000c1400000,0x00000000c1402000,0x00000000c3f00000)
 Metaspace       used 6363K, capacity 6822K, committed 6912K, reserved 1056768K
  class space    used 681K, capacity 721K, committed 768K, reserved 1048576K
}
Event: 2.226 GC heap before
{Heap before GC invocations=3 (full 0):
 PSYoungGen      total 18944K, used 18680K [0x00000000eb180000, 0x00000000ed680000, 0x0000000100000000)
  eden space 16384K, 100% used [0x00000000eb180000,0x00000000ec180000,0x00000000ec180000)
  from space 2560K, 89% used [0x00000000ec400000,0x00000000ec63e200,0x00000000ec680000)
  to   space 2560K, 0% used [0x00000000ec180000,0x00000000ec180000,0x00000000ec400000)
 ParOldGen       total 44032K, used 8K [0x00000000c1400000, 0x00000000c3f00000, 0x00000000eb180000)
  object space 44032K, 0% used [0x00000000c1400000,0x00000000c1402000,0x00000000c3f00000)
 Metaspace       used 6688K, capacity 7078K, committed 7168K, reserved 1056768K
  class space    used 683K, capacity 721K, committed 768K, reserved 1048576K
Event: 2.233 GC heap after
Heap after GC invocations=3 (full 0):
 PSYoungGen      total 18944K, used 1424K [0x00000000eb180000, 0x00000000ed680000, 0x0000000100000000)
  eden space 16384K, 0% used [0x00000000eb180000,0x00000000eb180000,0x00000000ec180000)
  from space 2560K, 55% used [0x00000000ec180000,0x00000000ec2e4010,0x00000000ec400000)
  to   space 2560K, 0% used [0x00000000ed400000,0x00000000ed400000,0x00000000ed680000)
 ParOldGen       total 44032K, used 16K [0x00000000c1400000, 0x00000000c3f00000, 0x00000000eb180000)
  object space 44032K, 0% used [0x00000000c1400000,0x00000000c1404000,0x00000000c3f00000)
 Metaspace       used 6688K, capacity 7078K, committed 7168K, reserved 1056768K
  class space    used 683K, capacity 721K, committed 768K, reserved 1048576K
}
Event: 2.614 GC heap before
{Heap before GC invocations=4 (full 0):
 PSYoungGen      total 18944K, used 17808K [0x00000000eb180000, 0x00000000ed680000, 0x0000000100000000)
  eden space 16384K, 100% used [0x00000000eb180000,0x00000000ec180000,0x00000000ec180000)
  from space 2560K, 55% used [0x00000000ec180000,0x00000000ec2e4010,0x00000000ec400000)
  to   space 2560K, 0% used [0x00000000ed400000,0x00000000ed400000,0x00000000ed680000)
 ParOldGen       total 44032K, used 16K [0x00000000c1400000, 0x00000000c3f00000, 0x00000000eb180000)
  object space 44032K, 0% used [0x00000000c1400000,0x00000000c1404000,0x00000000c3f00000)
 Metaspace       used 6836K, capacity 7206K, committed 7424K, reserved 1056768K
  class space    used 702K, capacity 721K, committed 768K, reserved 1048576K
Event: 2.618 GC heap after
Heap after GC invocations=4 (full 0):
 PSYoungGen      total 35328K, used 1440K [0x00000000eb180000, 0x00000000ed680000, 0x0000000100000000)
  eden space 32768K, 0% used [0x00000000eb180000,0x00000000eb180000,0x00000000ed180000)
  from space 2560K, 56% used [0x00000000ed400000,0x00000000ed568000,0x00000000ed680000)
  to   space 2560K, 0% used [0x00000000ed180000,0x00000000ed180000,0x00000000ed400000)
 ParOldGen       total 44032K, used 24K [0x00000000c1400000, 0x00000000c3f00000, 0x00000000eb180000)
  object space 44032K, 0% used [0x00000000c1400000,0x00000000c1406000,0x00000000c3f00000)
 Metaspace       used 6836K, capacity 7206K, committed 7424K, reserved 1056768K
  class space    used 702K, capacity 721K, committed 768K, reserved 1048576K
}
Event: 3.062 GC heap before
{Heap before GC invocations=5 (full 0):
 PSYoungGen      total 35328K, used 34208K [0x00000000eb180000, 0x00000000ed680000, 0x0000000100000000)
  eden space 32768K, 100% used [0x00000000eb180000,0x00000000ed180000,0x00000000ed180000)
  from space 2560K, 56% used [0x00000000ed400000,0x00000000ed568000,0x00000000ed680000)
  to   space 2560K, 0% used [0x00000000ed180000,0x00000000ed180000,0x00000000ed400000)
 ParOldGen       total 44032K, used 24K [0x00000000c1400000, 0x00000000c3f00000, 0x00000000eb180000)
  object space 44032K, 0% used [0x00000000c1400000,0x00000000c1406000,0x00000000c3f00000)
 Metaspace       used 6862K, capacity 7206K, committed 7424K, reserved 1056768K
  class space    used 703K, capacity 721K, committed 768K, reserved 1048576K
Event: 3.066 GC heap after
Heap after GC invocations=5 (full 0):
 PSYoungGen      total 35328K, used 1440K [0x00000000eb180000, 0x00000000ef680000, 0x0000000100000000)
  eden space 32768K, 0% used [0x00000000eb180000,0x00000000eb180000,0x00000000ed180000)
  from space 2560K, 56% used [0x00000000ed180000,0x00000000ed2e8000,0x00000000ed400000)
  to   space 2560K, 0% used [0x00000000ef400000,0x00000000ef400000,0x00000000ef680000)
 ParOldGen       total 44032K, used 32K [0x00000000c1400000, 0x00000000c3f00000, 0x00000000eb180000)
  object space 44032K, 0% used [0x00000000c1400000,0x00000000c1408000,0x00000000c3f00000)
 Metaspace       used 6862K, capacity 7206K, committed 7424K, reserved 1056768K
  class space    used 703K, capacity 721K, committed 768K, reserved 1048576K
}

Deoptimization events (3 events):
Event: 0.626 Thread 0x00000000024c4000 Uncommon trap: reason=unstable_if action=reinterpret pc=0x00000000026cd538 method=java.lang.String.hashCode()I @ 14
Event: 0.731 Thread 0x00000000024c4000 Uncommon trap: reason=unstable_if action=reinterpret pc=0x0000000002747e74 method=java.lang.String.indexOf([CII[CIII)I @ 134
Event: 0.868 Thread 0x00000000024c4000 Uncommon trap: reason=unstable_if action=reinterpret pc=0x000000000278243c method=java.io.WinNTFileSystem.normalize(Ljava/lang/String;II)Ljava/lang/String; @ 8

Classes redefined (0 events):
No events

Internal exceptions (10 events):
Event: 0.466 Thread 0x00000000024c4000 Exception <a 'java/security/PrivilegedActionException'> (0x00000000eb446250) thrown at [C:\re\workspace\8-2-build-windows-amd64-cygwin\jdk8u161\10277\hotspot\src\share\vm\prims\jvm.cpp, line 1390]
Event: 0.466 Thread 0x00000000024c4000 Exception <a 'java/security/PrivilegedActionException'> (0x00000000eb446460) thrown at [C:\re\workspace\8-2-build-windows-amd64-cygwin\jdk8u161\10277\hotspot\src\share\vm\prims\jvm.cpp, line 1390]
Event: 0.467 Thread 0x00000000024c4000 Exception <a 'java/security/PrivilegedActionException'> (0x00000000eb4472d0) thrown at [C:\re\workspace\8-2-build-windows-amd64-cygwin\jdk8u161\10277\hotspot\src\share\vm\prims\jvm.cpp, line 1390]
Event: 0.467 Thread 0x00000000024c4000 Exception <a 'java/security/PrivilegedActionException'> (0x00000000eb4474e0) thrown at [C:\re\workspace\8-2-build-windows-amd64-cygwin\jdk8u161\10277\hotspot\src\share\vm\prims\jvm.cpp, line 1390]
Event: 0.524 Thread 0x00000000024c4000 Exception <a 'java/security/PrivilegedActionException'> (0x00000000eb4a1128) thrown at [C:\re\workspace\8-2-build-windows-amd64-cygwin\jdk8u161\10277\hotspot\src\share\vm\prims\jvm.cpp, line 1390]
Event: 0.524 Thread 0x00000000024c4000 Exception <a 'java/security/PrivilegedActionException'> (0x00000000eb4a1338) thrown at [C:\re\workspace\8-2-build-windows-amd64-cygwin\jdk8u161\10277\hotspot\src\share\vm\prims\jvm.cpp, line 1390]
Event: 0.727 Thread 0x00000000024c4000 Exception <a 'java/security/PrivilegedActionException'> (0x00000000eb598d10) thrown at [C:\re\workspace\8-2-build-windows-amd64-cygwin\jdk8u161\10277\hotspot\src\share\vm\prims\jvm.cpp, line 1390]
Event: 0.727 Thread 0x00000000024c4000 Exception <a 'java/security/PrivilegedActionException'> (0x00000000eb598f20) thrown at [C:\re\workspace\8-2-build-windows-amd64-cygwin\jdk8u161\10277\hotspot\src\share\vm\prims\jvm.cpp, line 1390]
Event: 0.729 Thread 0x00000000024c4000 Exception <a 'java/security/PrivilegedActionException'> (0x00000000eb59ce30) thrown at [C:\re\workspace\8-2-build-windows-amd64-cygwin\jdk8u161\10277\hotspot\src\share\vm\prims\jvm.cpp, line 1390]
Event: 0.729 Thread 0x00000000024c4000 Exception <a 'java/security/PrivilegedActionException'> (0x00000000eb59d040) thrown at [C:\re\workspace\8-2-build-windows-amd64-cygwin\jdk8u161\10277\hotspot\src\share\vm\prims\jvm.cpp, line 1390]

Events (10 events):
Event: 2.582 loading class java/nio/DoubleBuffer
Event: 2.582 loading class java/nio/DoubleBuffer done
Event: 2.583 loading class java/lang/UnsupportedOperationException
Event: 2.583 loading class java/lang/UnsupportedOperationException done
Event: 2.614 Executing VM operation: ParallelGCFailedAllocation
Event: 2.618 Executing VM operation: ParallelGCFailedAllocation done
Event: 2.758 loading class org/bytedeco/javacpp/annotation/Opaque
Event: 2.758 loading class org/bytedeco/javacpp/annotation/Opaque done
Event: 3.062 Executing VM operation: ParallelGCFailedAllocation
Event: 3.066 Executing VM operation: ParallelGCFailedAllocation done


Dynamic libraries:
0x00007ff62ae60000 - 0x00007ff62ae97000 	C:\Program Files\Java\jdk1.8.0_161\bin\java.exe
0x00007ff8efca0000 - 0x00007ff8efe81000 	C:\WINDOWS\SYSTEM32\ntdll.dll
0x00007ff8ee3a0000 - 0x00007ff8ee452000 	C:\WINDOWS\System32\KERNEL32.DLL
0x00007ff8ec040000 - 0x00007ff8ec2b3000 	C:\WINDOWS\System32\KERNELBASE.dll
0x00007ff8edf40000 - 0x00007ff8edfe1000 	C:\WINDOWS\System32\ADVAPI32.dll
0x00007ff8ee300000 - 0x00007ff8ee39e000 	C:\WINDOWS\System32\msvcrt.dll
0x00007ff8ed100000 - 0x00007ff8ed15b000 	C:\WINDOWS\System32\sechost.dll
0x00007ff8ed720000 - 0x00007ff8ed844000 	C:\WINDOWS\System32\RPCRT4.dll
0x00007ff8efa20000 - 0x00007ff8efbb0000 	C:\WINDOWS\System32\USER32.dll
0x00007ff8ed0e0000 - 0x00007ff8ed100000 	C:\WINDOWS\System32\win32u.dll
0x00007ff8ee150000 - 0x00007ff8ee178000 	C:\WINDOWS\System32\GDI32.dll
0x00007ff8ecb50000 - 0x00007ff8ecce2000 	C:\WINDOWS\System32\gdi32full.dll
0x00007ff8ecd50000 - 0x00007ff8ecdef000 	C:\WINDOWS\System32\msvcp_win.dll
0x00007ff8ec2c0000 - 0x00007ff8ec3ba000 	C:\WINDOWS\System32\ucrtbase.dll
0x00007ff8db500000 - 0x00007ff8db769000 	C:\WINDOWS\WinSxS\amd64_microsoft.windows.common-controls_6595b64144ccf1df_6.0.17134.286_none_fb43982d306480cc\COMCTL32.dll
0x00007ff8ed9c0000 - 0x00007ff8edce3000 	C:\WINDOWS\System32\combase.dll
0x00007ff8ecad0000 - 0x00007ff8ecb4a000 	C:\WINDOWS\System32\bcryptPrimitives.dll
0x00007ff8ee460000 - 0x00007ff8ee48d000 	C:\WINDOWS\System32\IMM32.DLL
0x0000000054330000 - 0x0000000054402000 	C:\Program Files\Java\jdk1.8.0_161\jre\bin\msvcr100.dll
0x0000000053390000 - 0x0000000053c2f000 	C:\Program Files\Java\jdk1.8.0_161\jre\bin\server\jvm.dll
0x00007ff8ee490000 - 0x00007ff8ee498000 	C:\WINDOWS\System32\PSAPI.DLL
0x00007ff8eade0000 - 0x00007ff8eade9000 	C:\WINDOWS\SYSTEM32\WSOCK32.dll
0x00007ff8e9a60000 - 0x00007ff8e9a83000 	C:\WINDOWS\SYSTEM32\WINMM.dll
0x00007ff8dda20000 - 0x00007ff8dda2a000 	C:\WINDOWS\SYSTEM32\VERSION.dll
0x00007ff8ed6b0000 - 0x00007ff8ed71c000 	C:\WINDOWS\System32\WS2_32.dll
0x00007ff8e9a30000 - 0x00007ff8e9a5a000 	C:\WINDOWS\SYSTEM32\winmmbase.dll
0x00007ff8ed090000 - 0x00007ff8ed0d9000 	C:\WINDOWS\System32\cfgmgr32.dll
0x0000000054320000 - 0x000000005432f000 	C:\Program Files\Java\jdk1.8.0_161\jre\bin\verify.dll
0x00000000542f0000 - 0x0000000054319000 	C:\Program Files\Java\jdk1.8.0_161\jre\bin\java.dll
0x00000000542d0000 - 0x00000000542e6000 	C:\Program Files\Java\jdk1.8.0_161\jre\bin\zip.dll
0x00007ff8ee4a0000 - 0x00007ff8ef8e0000 	C:\WINDOWS\System32\SHELL32.dll
0x00007ff8ede90000 - 0x00007ff8edf39000 	C:\WINDOWS\System32\shcore.dll
0x00007ff8ec3c0000 - 0x00007ff8ecacd000 	C:\WINDOWS\System32\windows.storage.dll
0x00007ff8ef8e0000 - 0x00007ff8ef931000 	C:\WINDOWS\System32\shlwapi.dll
0x00007ff8ec020000 - 0x00007ff8ec031000 	C:\WINDOWS\System32\kernel.appcore.dll
0x00007ff8ebfe0000 - 0x00007ff8ebfff000 	C:\WINDOWS\System32\profapi.dll
0x00007ff8ebf90000 - 0x00007ff8ebfdc000 	C:\WINDOWS\System32\powrprof.dll
0x00007ff8ebf80000 - 0x00007ff8ebf8a000 	C:\WINDOWS\System32\FLTLIB.DLL
0x00007ff8cd4f0000 - 0x00007ff8cd541000 	C:\Users\Deshan\.javacpp\cache\opencv-windows-x86_64.jar\org\bytedeco\javacpp\windows-x86_64\concrt140.dll
0x00007ff8e43b0000 - 0x00007ff8e43c6000 	C:\Program Files\Java\jdk1.8.0_161\jre\bin\VCRUNTIME140.dll
0x00007ff8cad50000 - 0x00007ff8cadec000 	C:\Program Files\Java\jdk1.8.0_161\jre\bin\MSVCP140.dll
0x00000000542b0000 - 0x00000000542ca000 	C:\Program Files\Java\jdk1.8.0_161\jre\bin\net.dll
0x00007ff8eb7a0000 - 0x00007ff8eb806000 	C:\WINDOWS\system32\mswsock.dll
0x0000000054290000 - 0x00000000542a1000 	C:\Program Files\Java\jdk1.8.0_161\jre\bin\nio.dll
0x00007ff8ca860000 - 0x00007ff8ca8fd000 	C:\Users\Deshan\.javacpp\cache\opencv-windows-x86_64.jar\org\bytedeco\javacpp\windows-x86_64\msvcp140.dll
0x00007ff8e4390000 - 0x00007ff8e43a7000 	C:\Users\Deshan\.javacpp\cache\opencv-windows-x86_64.jar\org\bytedeco\javacpp\windows-x86_64\vcruntime140.dll
0x00000000182e0000 - 0x00000000182e3000 	C:\Users\Deshan\.javacpp\cache\opencv-windows-x86_64.jar\org\bytedeco\javacpp\windows-x86_64\api-ms-win-crt-locale-l1-1-0.dll
0x00000000182f0000 - 0x00000000182f4000 	C:\Users\Deshan\.javacpp\cache\opencv-windows-x86_64.jar\org\bytedeco\javacpp\windows-x86_64\api-ms-win-crt-string-l1-1-0.dll
0x0000000018300000 - 0x0000000018304000 	C:\Users\Deshan\.javacpp\cache\opencv-windows-x86_64.jar\org\bytedeco\javacpp\windows-x86_64\api-ms-win-crt-stdio-l1-1-0.dll
0x0000000018310000 - 0x0000000018315000 	C:\Users\Deshan\.javacpp\cache\opencv-windows-x86_64.jar\org\bytedeco\javacpp\windows-x86_64\api-ms-win-crt-math-l1-1-0.dll
0x0000000018320000 - 0x0000000018323000 	C:\Users\Deshan\.javacpp\cache\opencv-windows-x86_64.jar\org\bytedeco\javacpp\windows-x86_64\api-ms-win-crt-heap-l1-1-0.dll
0x0000000018330000 - 0x0000000018334000 	C:\Users\Deshan\.javacpp\cache\opencv-windows-x86_64.jar\org\bytedeco\javacpp\windows-x86_64\api-ms-win-crt-runtime-l1-1-0.dll
0x0000000018340000 - 0x0000000018344000 	C:\Users\Deshan\.javacpp\cache\opencv-windows-x86_64.jar\org\bytedeco\javacpp\windows-x86_64\api-ms-win-crt-convert-l1-1-0.dll
0x0000000018350000 - 0x0000000018353000 	C:\Users\Deshan\.javacpp\cache\opencv-windows-x86_64.jar\org\bytedeco\javacpp\windows-x86_64\api-ms-win-crt-environment-l1-1-0.dll
0x0000000018360000 - 0x0000000018363000 	C:\Users\Deshan\.javacpp\cache\opencv-windows-x86_64.jar\org\bytedeco\javacpp\windows-x86_64\api-ms-win-crt-time-l1-1-0.dll
0x0000000018370000 - 0x0000000018373000 	C:\Users\Deshan\.javacpp\cache\opencv-windows-x86_64.jar\org\bytedeco\javacpp\windows-x86_64\api-ms-win-crt-filesystem-l1-1-0.dll
0x0000000018380000 - 0x0000000018383000 	C:\Users\Deshan\.javacpp\cache\opencv-windows-x86_64.jar\org\bytedeco\javacpp\windows-x86_64\api-ms-win-crt-utility-l1-1-0.dll
0x0000000018390000 - 0x0000000018395000 	C:\Users\Deshan\.javacpp\cache\opencv-windows-x86_64.jar\org\bytedeco\javacpp\windows-x86_64\api-ms-win-crt-multibyte-l1-1-0.dll
0x00007ff8bceb0000 - 0x00007ff8bd1b4000 	C:\Users\Deshan\.javacpp\cache\opencv-windows-x86_64.jar\org\bytedeco\javacpp\windows-x86_64\opencv_core342.dll
0x00007ff8b7d90000 - 0x00007ff8b81ac000 	C:\Users\Deshan\.javacpp\cache\opencv-windows-x86_64.jar\org\bytedeco\javacpp\windows-x86_64\opencv_imgproc342.dll
0x00007ff8b79f0000 - 0x00007ff8b7d82000 	C:\Users\Deshan\.javacpp\cache\opencv-windows-x86_64.jar\org\bytedeco\javacpp\windows-x86_64\jniopencv_core.dll
0x00007ff8c97e0000 - 0x00007ff8c9938000 	C:\Users\Deshan\.javacpp\cache\opencv-windows-x86_64.jar\org\bytedeco\javacpp\windows-x86_64\jniopencv_imgproc.dll
0x00007ff8be660000 - 0x00007ff8be944000 	C:\Users\Deshan\.javacpp\cache\opencv-windows-x86_64.jar\org\bytedeco\javacpp\windows-x86_64\opencv_imgcodecs342.dll
0x00007ff8df140000 - 0x00007ff8df174000 	C:\Users\Deshan\.javacpp\cache\opencv-windows-x86_64.jar\org\bytedeco\javacpp\windows-x86_64\jniopencv_imgcodecs.dll
0x00007ff8eac10000 - 0x00007ff8eadd9000 	C:\WINDOWS\SYSTEM32\dbghelp.dll

VM Arguments:
jvm_args: -Dfile.encoding=UTF-8 
java_command: javacv.Javacv
java_class_path (initial): C:\javacv\javacpp.jar;C:\javacv\javacv.jar;C:\javacv\ffmpeg.jar;C:\javacv\opencv.jar;C:\javacv\flandmark.jar;C:\javacv\flycapture.jar;C:\javacv\javacv-platform.jar;C:\javacv\leptonica.jar;C:\javacv\libdc1394.jar;C:\javacv\libfreenect.jar;C:\javacv\libfreenect2.jar;C:\javacv\librealsense.jar;C:\javacv\tesseract.jar;C:\javacvcpp-jars\artoolkitplus-android-arm.jar;C:\javacvcpp-jars\artoolkitplus-android-arm64.jar;C:\javacvcpp-jars\artoolkitplus-android-x86.jar;C:\javacvcpp-jars\artoolkitplus-android-x86_64.jar;C:\javacvcpp-jars\artoolkitplus-linux-armhf.jar;C:\javacvcpp-jars\artoolkitplus-linux-ppc64le.jar;C:\javacvcpp-jars\artoolkitplus-linux-x86.jar;C:\javacvcpp-jars\artoolkitplus-linux-x86_64.jar;C:\javacvcpp-jars\artoolkitplus-macosx-x86_64.jar;C:\javacvcpp-jars\artoolkitplus-platform.jar;C:\javacvcpp-jars\artoolkitplus-windows-x86.jar;C:\javacvcpp-jars\artoolkitplus-windows-x86_64.jar;C:\javacvcpp-jars\artoolkitplus.jar;C:\javacvcpp-jars\ffmpeg-android-arm.jar;C:\javacvcpp-jars\ffmpeg-android-arm64.jar;C:\javacvcpp-jars\ffmpeg-android-x86.jar;C:\javacvcpp-jars\ffmpeg-android-x86_64.jar;C:\javacvcpp-jars\ffmpeg-linux-armhf.jar;C:\javacvcpp-jars\ffmpeg-linux-ppc64le.jar;C:\javacvcpp-jars\ffmpeg-linux-x86.jar;C:\javacvcpp-jars\ffmpeg-linux-x86_64.jar;C:\javacvcpp-jars\ffmpeg-macosx-x86_64.jar;C:\javacvcpp-jars\ffmpeg-platform.jar;C:\javacvcpp-jars\ffmpeg-windows-x86.jar;C:\javacvcpp-jars\ffmpeg-windows-x86_64.jar;C:\javacvcpp-jars\ffmpeg.jar;C:\javacvcpp-jars\flandmark-android-arm.jar;C:\javacvcpp-jars\flandmark-android-arm64.jar;C:\javacvcpp-jars\flandmark-android-x86.jar;C:\javacvcpp-jars\flandmark-android-x86_64.jar;C:\javacvcpp-jars\flandmark-linux-armhf.jar;C:\javacvcpp-jars\flandmark-linux-ppc64le.jar;C:\javacvcpp-jars\flandmark-linux-x86.jar;C:\javacvcpp-jars\flandmark-linux-x86_64.jar;C:\javacvcpp-jars\flandmark-macosx-x86_64.jar;C:\javacvcpp-jars\flandmark-platform.jar;C:\javacvcpp-jars\flandmark-windows-x86.jar;C:\javacvcpp-jars
Launcher Type: SUN_STANDARD

Environment Variables:
PATH=C:\Program Files (x86)\Common Files\Oracle\Java\javapath;C:\Program Files (x86)\Intel\iCLS Client\;C:\Program Files\Intel\iCLS Client\;C:\WINDOWS\system32;C:\WINDOWS;C:\WINDOWS\System32\Wbem;C:\WINDOWS\System32\WindowsPowerShell\v1.0\;C:\Program Files (x86)\Intel\Intel(R) Management Engine Components\DAL;C:\Program Files\Intel\Intel(R) Management Engine Components\DAL;C:\Program Files (x86)\Intel\Intel(R) Management Engine Components\IPT;C:\Program Files\Intel\Intel(R) Management Engine Components\IPT;C:\Program Files\Java\jdk1.8.0_161\bin;C:\cygwin64;C:\WINDOWS\System32\OpenSSH\;"C:\Program Files\Java\jdk1.8.0_161\bin;";C:\Program Files\Intel\WiFi\bin\;C:\Program Files\Common Files\Intel\WirelessCommon\;C:\Program Files (x86)\Microsoft SQL Server\100\Tools\Binn\;C:\Program Files\Microsoft SQL Server\100\Tools\Binn\;C:\Program Files\Microsoft SQL Server\100\DTS\Binn\;C:\opencv\opencv\build\x64\vc15\bin;C:\Users\Deshan\AppData\Local\Programs\Python\Python36-32\Scripts\;C:\Users\Deshan\AppData\Local\Programs\Python\Python36-32\;C:\Users\Deshan\AppData\Local\Microsoft\WindowsApps;C:\Program Files\Intel\WiFi\bin\;C:\Program Files\Common Files\Intel\WirelessCommon\;
USERNAME=Deshan
OS=Windows_NT
PROCESSOR_IDENTIFIER=Intel64 Family 6 Model 142 Stepping 9, GenuineIntel



---------------  S Y S T E M  ---------------

OS: Windows 10.0 , 64 bit Build 17134 (10.0.17134.1)

CPU:total 4 (initial active 4) (2 cores per cpu, 2 threads per core) family 6 model 142 stepping 9, cmov, cx8, fxsr, mmx, sse, sse2, sse3, ssse3, sse4.1, sse4.2, popcnt, avx, avx2, aes, clmul, erms, 3dnowpref, lzcnt, ht, tsc, tscinvbit, bmi1, bmi2, adx

Memory: 4k page, physical 4108200k(605952k free), swap 6336424k(1687144k free)

vm_info: Java HotSpot(TM) 64-Bit Server VM (25.161-b12) for windows-amd64 JRE (1.8.0_161-b12), built on Dec 19 2017 17:52:25 by "java_re" with MS VC++ 10.0 (VS2010)

time: Fri Sep 28 12:00:53 2018
elapsed time: 3 seconds (0d 0h 0m 3s)

