#
# A fatal error has been detected by the Java Runtime Environment:
#
#  EXCEPTION_UNCAUGHT_CXX_EXCEPTION (0xe06d7363) at pc=0x00007ff8ec07a388, pid=3948, tid=0x000000000000289c
#
# JRE version: Java(TM) SE Runtime Environment (8.0_161-b12) (build 1.8.0_161-b12)
# Java VM: Java HotSpot(TM) 64-Bit Server VM (25.161-b12 mixed mode windows-amd64 compressed oops)
# Problematic frame:
# C  [KERNELBASE.dll+0x3a388]
#
# Failed to write core dump. Minidumps are not enabled by default on client versions of Windows
#
# If you would like to submit a bug report, please visit:
#   http://bugreport.java.com/bugreport/crash.jsp
# The crash happened outside the Java Virtual Machine in native code.
# See problematic frame for where to report the bug.
#

---------------  T H R E A D  ---------------

Current thread (0x0000000002ce3800):  JavaThread "main" [_thread_in_native, id=10396, stack(0x0000000002bb0000,0x0000000002cb0000)]

siginfo: ExceptionCode=0xe06d7363, ExceptionInformation=0x0000000019930520 0x0000000002caed18 0x00007ff8bd15e738 0x00007ff8bceb0000 

Registers:
RAX=0x0000000002cae730, RBX=0x0000000000d660f0, RCX=0x0000000002cae7c0, RDX=0x00007ff8ec2ca506
RSP=0x0000000002caeb80, RBP=0x0000000002caecc0, RSI=0x00007ff8bd15e738, RDI=0x0000000002caedd0
R8 =0x00007ff8bcebd2dc, R9 =0x00000000000000e0, R10=0x0000000002cae730, R11=0x00041ac000041374
R12=0x00000000ffffff29, R13=0x0000000000000000, R14=0x0000000002caed18, R15=0x0000000002caeea8
RIP=0x00007ff8ec07a388, EFLAGS=0x0000000000000202

Top of Stack: (sp=0x0000000002caeb80)
0x0000000002caeb80:   00007ff8bd0e08a4 0000000000d660f0
0x0000000002caeb90:   00007ff8bd15e738 0000000002caedd0
0x0000000002caeba0:   00000001e06d7363 0000000000000000
0x0000000002caebb0:   00007ff8ec07a388 0000000000000004
0x0000000002caebc0:   0000000019930520 0000000002caed18
0x0000000002caebd0:   00007ff8bd15e738 00007ff8bceb0000
0x0000000002caebe0:   0000000002caed18 00000000ffffff29
0x0000000002caebf0:   0000000002caedd0 00007ff8bd15e738
0x0000000002caec00:   0000000002caecc0 00007ff8efcaa39f
0x0000000002caec10:   0000000002caece0 00007ff800000000
0x0000000002caec20:   0000000000000002 0000000001020000
0x0000000002caec30:   00007ff8bd18d000 00007ff8bceb0000
0x0000000002caec40:   0000dd4371d75462 00000000535ae6aa
0x0000000002caec50:   0000000000d660f0 00007ff8e43b44f2
0x0000000002caec60:   0000000002caedd0 00007ff8ec2c81c6
0x0000000002caec70:   0000000000000000 00007ff8bd0cbc60 

Instructions: (pc=0x00007ff8ec07a388)
0x00007ff8ec07a368:   49 8b d1 44 0f 47 c0 44 89 44 24 38 49 c1 e0 03
0x00007ff8ec07a378:   e8 da 3d 04 00 48 8d 4c 24 20 ff 15 a0 82 14 00
0x00007ff8ec07a388:   48 8b 8c 24 c0 00 00 00 48 33 cc e8 08 fe 03 00
0x00007ff8ec07a398:   48 81 c4 d8 00 00 00 c3 83 64 24 38 00 eb d6 cc 


Register to memory mapping:

RAX=0x0000000002cae730 is pointing into the stack for thread: 0x0000000002ce3800
RBX=0x0000000000d660f0 is an unknown value
RCX=0x0000000002cae7c0 is pointing into the stack for thread: 0x0000000002ce3800
RDX=0x00007ff8ec2ca506 is an unknown value
RSP=0x0000000002caeb80 is pointing into the stack for thread: 0x0000000002ce3800
RBP=0x0000000002caecc0 is pointing into the stack for thread: 0x0000000002ce3800
RSI=0x00007ff8bd15e738 is an unknown value
RDI=0x0000000002caedd0 is pointing into the stack for thread: 0x0000000002ce3800
R8 =0x00007ff8bcebd2dc is an unknown value
R9 =0x00000000000000e0 is an unknown value
R10=0x0000000002cae730 is pointing into the stack for thread: 0x0000000002ce3800
R11=0x00041ac000041374 is an unknown value
R12=0x00000000ffffff29 is an unallocated location in the heap
R13=0x0000000000000000 is an unknown value
R14=0x0000000002caed18 is pointing into the stack for thread: 0x0000000002ce3800
R15=0x0000000002caeea8 is pointing into the stack for thread: 0x0000000002ce3800


Stack: [0x0000000002bb0000,0x0000000002cb0000],  sp=0x0000000002caeb80,  free space=1018k
Native frames: (J=compiled Java code, j=interpreted, Vv=VM code, C=native code)
C  [KERNELBASE.dll+0x3a388]
C  [VCRUNTIME140.dll+0x44f2]
C  [opencv_core342.dll+0x1b0ff6]
C  [opencv_core342.dll+0x1b114a]
C  [opencv_core342.dll+0x1349a7]
C  [opencv_core342.dll+0x60b81]
C  [opencv_imgcodecs342.dll+0x2e7b]
C  [opencv_imgcodecs342.dll+0xef5e]
C  [jniopencv_imgcodecs.dll+0x294e]
C  0x0000000002df8c67

Java frames: (J=compiled Java code, j=interpreted, Vv=VM code)
j  org.bytedeco.javacpp.opencv_imgcodecs.cvSaveImage(Ljava/lang/String;Lorg/bytedeco/javacpp/helper/opencv_core$CvArr;)I+0
j  javacv.Javacv.main([Ljava/lang/String;)V+45
v  ~StubRoutines::call_stub

---------------  P R O C E S S  ---------------

Java Threads: ( => current thread )
  0x00000000177fd800 JavaThread "JavaCPP Deallocator" daemon [_thread_blocked, id=12000, stack(0x0000000018bf0000,0x0000000018cf0000)]
  0x000000001544e000 JavaThread "Service Thread" daemon [_thread_blocked, id=12336, stack(0x0000000017140000,0x0000000017240000)]
  0x00000000153fe000 JavaThread "C1 CompilerThread2" daemon [_thread_blocked, id=7292, stack(0x0000000016c40000,0x0000000016d40000)]
  0x00000000153f8000 JavaThread "C2 CompilerThread1" daemon [_thread_blocked, id=9460, stack(0x0000000016b40000,0x0000000016c40000)]
  0x00000000153f3800 JavaThread "C2 CompilerThread0" daemon [_thread_blocked, id=10772, stack(0x0000000016a40000,0x0000000016b40000)]
  0x00000000153f2000 JavaThread "Attach Listener" daemon [_thread_blocked, id=10828, stack(0x0000000016940000,0x0000000016a40000)]
  0x00000000153ef000 JavaThread "Signal Dispatcher" daemon [_thread_blocked, id=7304, stack(0x0000000016840000,0x0000000016940000)]
  0x00000000153de800 JavaThread "Finalizer" daemon [_thread_blocked, id=7444, stack(0x0000000016640000,0x0000000016740000)]
  0x0000000002dd6000 JavaThread "Reference Handler" daemon [_thread_blocked, id=8616, stack(0x0000000016540000,0x0000000016640000)]
=>0x0000000002ce3800 JavaThread "main" [_thread_in_native, id=10396, stack(0x0000000002bb0000,0x0000000002cb0000)]

Other Threads:
  0x00000000153b7000 VMThread [stack: 0x0000000016440000,0x0000000016540000] [id=5092]
  0x0000000016d91800 WatcherThread [stack: 0x0000000017240000,0x0000000017340000] [id=1592]

VM state:not at safepoint (normal execution)

VM Mutex/Monitor currently owned by a thread: None

Heap:
 PSYoungGen      total 35328K, used 20531K [0x00000000eb180000, 0x00000000ef680000, 0x0000000100000000)
  eden space 32768K, 58% used [0x00000000eb180000,0x00000000ec428e40,0x00000000ed180000)
  from space 2560K, 55% used [0x00000000ed180000,0x00000000ed2e4010,0x00000000ed400000)
  to   space 2560K, 0% used [0x00000000ef400000,0x00000000ef400000,0x00000000ef680000)
 ParOldGen       total 44032K, used 40K [0x00000000c1400000, 0x00000000c3f00000, 0x00000000eb180000)
  object space 44032K, 0% used [0x00000000c1400000,0x00000000c140a000,0x00000000c3f00000)
 Metaspace       used 6897K, capacity 7206K, committed 7424K, reserved 1056768K
  class space    used 703K, capacity 721K, committed 768K, reserved 1048576K

Card table byte_map: [0x00000000121a0000,0x00000000123a0000] byte_map_base: 0x0000000011b96000

Marking Bits: (ParMarkBitMap*) 0x0000000053baf860
 Begin Bits: [0x00000000128f0000, 0x00000000138a0000)
 End Bits:   [0x00000000138a0000, 0x0000000014850000)

Polling page: 0x0000000002b70000

CodeCache: size=245760Kb used=3566Kb max_used=3585Kb free=242193Kb
 bounds [0x0000000002de0000, 0x0000000003170000, 0x0000000011de0000]
 total_blobs=1078 nmethods=676 adapters=315
 compilation: enabled

Compilation events (10 events):
Event: 2.590 Thread 0x00000000153fe000 nmethod 671 0x0000000003158710 code [0x0000000003158880, 0x0000000003158b70]
Event: 2.590 Thread 0x00000000153fe000  672       3       sun.util.calendar.CalendarUtils::isGregorianLeapYear (27 bytes)
Event: 2.591 Thread 0x00000000153fe000 nmethod 672 0x0000000003158250 code [0x00000000031583c0, 0x0000000003158630]
Event: 2.603 Thread 0x00000000153f3800  673       4       java.lang.String::indexOf (7 bytes)
Event: 2.626 Thread 0x00000000153f3800 nmethod 673 0x00000000031563d0 code [0x0000000003156520, 0x00000000031569b8]
Event: 2.633 Thread 0x00000000153f8000  674       4       sun.misc.URLClassPath::getResource (83 bytes)
Event: 2.635 Thread 0x00000000153fe000  675       1       java.lang.ClassLoader::findLibrary (2 bytes)
Event: 2.635 Thread 0x00000000153fe000 nmethod 675 0x0000000003156110 code [0x0000000003156260, 0x0000000003156370]
Event: 2.640 Thread 0x00000000153fe000  676       3       java.io.File::getCanonicalFile (21 bytes)
Event: 2.641 Thread 0x00000000153fe000 nmethod 676 0x0000000003157890 code [0x0000000003157a60, 0x0000000003157fe8]

GC Heap History (10 events):
Event: 1.170 GC heap before
{Heap before GC invocations=1 (full 0):
 PSYoungGen      total 18944K, used 16384K [0x00000000eb180000, 0x00000000ec680000, 0x0000000100000000)
  eden space 16384K, 100% used [0x00000000eb180000,0x00000000ec180000,0x00000000ec180000)
  from space 2560K, 0% used [0x00000000ec400000,0x00000000ec400000,0x00000000ec680000)
  to   space 2560K, 0% used [0x00000000ec180000,0x00000000ec180000,0x00000000ec400000)
 ParOldGen       total 44032K, used 0K [0x00000000c1400000, 0x00000000c3f00000, 0x00000000eb180000)
  object space 44032K, 0% used [0x00000000c1400000,0x00000000c1400000,0x00000000c3f00000)
 Metaspace       used 4752K, capacity 5318K, committed 5376K, reserved 1056768K
  class space    used 458K, capacity 497K, committed 512K, reserved 1048576K
Event: 1.177 GC heap after
Heap after GC invocations=1 (full 0):
 PSYoungGen      total 18944K, used 1719K [0x00000000eb180000, 0x00000000ec680000, 0x0000000100000000)
  eden space 16384K, 0% used [0x00000000eb180000,0x00000000eb180000,0x00000000ec180000)
  from space 2560K, 67% used [0x00000000ec180000,0x00000000ec32dc68,0x00000000ec400000)
  to   space 2560K, 0% used [0x00000000ec400000,0x00000000ec400000,0x00000000ec680000)
 ParOldGen       total 44032K, used 8K [0x00000000c1400000, 0x00000000c3f00000, 0x00000000eb180000)
  object space 44032K, 0% used [0x00000000c1400000,0x00000000c1402000,0x00000000c3f00000)
 Metaspace       used 4752K, capacity 5318K, committed 5376K, reserved 1056768K
  class space    used 458K, capacity 497K, committed 512K, reserved 1048576K
}
Event: 1.664 GC heap before
{Heap before GC invocations=2 (full 0):
 PSYoungGen      total 18944K, used 18103K [0x00000000eb180000, 0x00000000ec680000, 0x0000000100000000)
  eden space 16384K, 100% used [0x00000000eb180000,0x00000000ec180000,0x00000000ec180000)
  from space 2560K, 67% used [0x00000000ec180000,0x00000000ec32dc68,0x00000000ec400000)
  to   space 2560K, 0% used [0x00000000ec400000,0x00000000ec400000,0x00000000ec680000)
 ParOldGen       total 44032K, used 8K [0x00000000c1400000, 0x00000000c3f00000, 0x00000000eb180000)
  object space 44032K, 0% used [0x00000000c1400000,0x00000000c1402000,0x00000000c3f00000)
 Metaspace       used 6363K, capacity 6822K, committed 6912K, reserved 1056768K
  class space    used 681K, capacity 721K, committed 768K, reserved 1048576K
Event: 1.673 GC heap after
Heap after GC invocations=2 (full 0):
 PSYoungGen      total 18944K, used 2312K [0x00000000eb180000, 0x00000000ed680000, 0x0000000100000000)
  eden space 16384K, 0% used [0x00000000eb180000,0x00000000eb180000,0x00000000ec180000)
  from space 2560K, 90% used [0x00000000ec400000,0x00000000ec6421f0,0x00000000ec680000)
  to   space 2560K, 0% used [0x00000000ec180000,0x00000000ec180000,0x00000000ec400000)
 ParOldGen       total 44032K, used 16K [0x00000000c1400000, 0x00000000c3f00000, 0x00000000eb180000)
  object space 44032K, 0% used [0x00000000c1400000,0x00000000c1404000,0x00000000c3f00000)
 Metaspace       used 6363K, capacity 6822K, committed 6912K, reserved 1056768K
  class space    used 681K, capacity 721K, committed 768K, reserved 1048576K
}
Event: 1.892 GC heap before
{Heap before GC invocations=3 (full 0):
 PSYoungGen      total 18944K, used 18696K [0x00000000eb180000, 0x00000000ed680000, 0x0000000100000000)
  eden space 16384K, 100% used [0x00000000eb180000,0x00000000ec180000,0x00000000ec180000)
  from space 2560K, 90% used [0x00000000ec400000,0x00000000ec6421f0,0x00000000ec680000)
  to   space 2560K, 0% used [0x00000000ec180000,0x00000000ec180000,0x00000000ec400000)
 ParOldGen       total 44032K, used 16K [0x00000000c1400000, 0x00000000c3f00000, 0x00000000eb180000)
  object space 44032K, 0% used [0x00000000c1400000,0x00000000c1404000,0x00000000c3f00000)
 Metaspace       used 6743K, capacity 7142K, committed 7424K, reserved 1056768K
  class space    used 692K, capacity 721K, committed 768K, reserved 1048576K
Event: 1.896 GC heap after
Heap after GC invocations=3 (full 0):
 PSYoungGen      total 18944K, used 1472K [0x00000000eb180000, 0x00000000ed680000, 0x0000000100000000)
  eden space 16384K, 0% used [0x00000000eb180000,0x00000000eb180000,0x00000000ec180000)
  from space 2560K, 57% used [0x00000000ec180000,0x00000000ec2f0000,0x00000000ec400000)
  to   space 2560K, 0% used [0x00000000ed400000,0x00000000ed400000,0x00000000ed680000)
 ParOldGen       total 44032K, used 24K [0x00000000c1400000, 0x00000000c3f00000, 0x00000000eb180000)
  object space 44032K, 0% used [0x00000000c1400000,0x00000000c1406000,0x00000000c3f00000)
 Metaspace       used 6743K, capacity 7142K, committed 7424K, reserved 1056768K
  class space    used 692K, capacity 721K, committed 768K, reserved 1048576K
}
Event: 2.145 GC heap before
{Heap before GC invocations=4 (full 0):
 PSYoungGen      total 18944K, used 17856K [0x00000000eb180000, 0x00000000ed680000, 0x0000000100000000)
  eden space 16384K, 100% used [0x00000000eb180000,0x00000000ec180000,0x00000000ec180000)
  from space 2560K, 57% used [0x00000000ec180000,0x00000000ec2f0000,0x00000000ec400000)
  to   space 2560K, 0% used [0x00000000ed400000,0x00000000ed400000,0x00000000ed680000)
 ParOldGen       total 44032K, used 24K [0x00000000c1400000, 0x00000000c3f00000, 0x00000000eb180000)
  object space 44032K, 0% used [0x00000000c1400000,0x00000000c1406000,0x00000000c3f00000)
 Metaspace       used 6828K, capacity 7206K, committed 7424K, reserved 1056768K
  class space    used 702K, capacity 721K, committed 768K, reserved 1048576K
Event: 2.148 GC heap after
Heap after GC invocations=4 (full 0):
 PSYoungGen      total 35328K, used 1408K [0x00000000eb180000, 0x00000000ed680000, 0x0000000100000000)
  eden space 32768K, 0% used [0x00000000eb180000,0x00000000eb180000,0x00000000ed180000)
  from space 2560K, 55% used [0x00000000ed400000,0x00000000ed560000,0x00000000ed680000)
  to   space 2560K, 0% used [0x00000000ed180000,0x00000000ed180000,0x00000000ed400000)
 ParOldGen       total 44032K, used 32K [0x00000000c1400000, 0x00000000c3f00000, 0x00000000eb180000)
  object space 44032K, 0% used [0x00000000c1400000,0x00000000c1408000,0x00000000c3f00000)
 Metaspace       used 6828K, capacity 7206K, committed 7424K, reserved 1056768K
  class space    used 702K, capacity 721K, committed 768K, reserved 1048576K
}
Event: 2.481 GC heap before
{Heap before GC invocations=5 (full 0):
 PSYoungGen      total 35328K, used 34176K [0x00000000eb180000, 0x00000000ed680000, 0x0000000100000000)
  eden space 32768K, 100% used [0x00000000eb180000,0x00000000ed180000,0x00000000ed180000)
  from space 2560K, 55% used [0x00000000ed400000,0x00000000ed560000,0x00000000ed680000)
  to   space 2560K, 0% used [0x00000000ed180000,0x00000000ed180000,0x00000000ed400000)
 ParOldGen       total 44032K, used 32K [0x00000000c1400000, 0x00000000c3f00000, 0x00000000eb180000)
  object space 44032K, 0% used [0x00000000c1400000,0x00000000c1408000,0x00000000c3f00000)
 Metaspace       used 6852K, capacity 7206K, committed 7424K, reserved 1056768K
  class space    used 703K, capacity 721K, committed 768K, reserved 1048576K
Event: 2.485 GC heap after
Heap after GC invocations=5 (full 0):
 PSYoungGen      total 35328K, used 1424K [0x00000000eb180000, 0x00000000ef680000, 0x0000000100000000)
  eden space 32768K, 0% used [0x00000000eb180000,0x00000000eb180000,0x00000000ed180000)
  from space 2560K, 55% used [0x00000000ed180000,0x00000000ed2e4010,0x00000000ed400000)
  to   space 2560K, 0% used [0x00000000ef400000,0x00000000ef400000,0x00000000ef680000)
 ParOldGen       total 44032K, used 40K [0x00000000c1400000, 0x00000000c3f00000, 0x00000000eb180000)
  object space 44032K, 0% used [0x00000000c1400000,0x00000000c140a000,0x00000000c3f00000)
 Metaspace       used 6852K, capacity 7206K, committed 7424K, reserved 1056768K
  class space    used 703K, capacity 721K, committed 768K, reserved 1048576K
}

Deoptimization events (3 events):
Event: 0.568 Thread 0x0000000002ce3800 Uncommon trap: reason=unstable_if action=reinterpret pc=0x0000000002ee3078 method=java.lang.String.hashCode()I @ 14
Event: 0.686 Thread 0x0000000002ce3800 Uncommon trap: reason=unstable_if action=reinterpret pc=0x0000000002f7ceb4 method=java.lang.String.indexOf([CII[CIII)I @ 134
Event: 0.796 Thread 0x0000000002ce3800 Uncommon trap: reason=unstable_if action=reinterpret pc=0x0000000002fa197c method=java.io.WinNTFileSystem.normalize(Ljava/lang/String;II)Ljava/lang/String; @ 8

Classes redefined (0 events):
No events

Internal exceptions (10 events):
Event: 0.432 Thread 0x0000000002ce3800 Exception <a 'java/security/PrivilegedActionException'> (0x00000000eb446468) thrown at [C:\re\workspace\8-2-build-windows-amd64-cygwin\jdk8u161\10277\hotspot\src\share\vm\prims\jvm.cpp, line 1390]
Event: 0.433 Thread 0x0000000002ce3800 Exception <a 'java/security/PrivilegedActionException'> (0x00000000eb446678) thrown at [C:\re\workspace\8-2-build-windows-amd64-cygwin\jdk8u161\10277\hotspot\src\share\vm\prims\jvm.cpp, line 1390]
Event: 0.433 Thread 0x0000000002ce3800 Exception <a 'java/security/PrivilegedActionException'> (0x00000000eb4474e8) thrown at [C:\re\workspace\8-2-build-windows-amd64-cygwin\jdk8u161\10277\hotspot\src\share\vm\prims\jvm.cpp, line 1390]
Event: 0.433 Thread 0x0000000002ce3800 Exception <a 'java/security/PrivilegedActionException'> (0x00000000eb4476f8) thrown at [C:\re\workspace\8-2-build-windows-amd64-cygwin\jdk8u161\10277\hotspot\src\share\vm\prims\jvm.cpp, line 1390]
Event: 0.478 Thread 0x0000000002ce3800 Exception <a 'java/security/PrivilegedActionException'> (0x00000000eb4a1340) thrown at [C:\re\workspace\8-2-build-windows-amd64-cygwin\jdk8u161\10277\hotspot\src\share\vm\prims\jvm.cpp, line 1390]
Event: 0.478 Thread 0x0000000002ce3800 Exception <a 'java/security/PrivilegedActionException'> (0x00000000eb4a1550) thrown at [C:\re\workspace\8-2-build-windows-amd64-cygwin\jdk8u161\10277\hotspot\src\share\vm\prims\jvm.cpp, line 1390]
Event: 0.683 Thread 0x0000000002ce3800 Exception <a 'java/security/PrivilegedActionException'> (0x00000000eb599220) thrown at [C:\re\workspace\8-2-build-windows-amd64-cygwin\jdk8u161\10277\hotspot\src\share\vm\prims\jvm.cpp, line 1390]
Event: 0.683 Thread 0x0000000002ce3800 Exception <a 'java/security/PrivilegedActionException'> (0x00000000eb599430) thrown at [C:\re\workspace\8-2-build-windows-amd64-cygwin\jdk8u161\10277\hotspot\src\share\vm\prims\jvm.cpp, line 1390]
Event: 0.685 Thread 0x0000000002ce3800 Exception <a 'java/security/PrivilegedActionException'> (0x00000000eb59d340) thrown at [C:\re\workspace\8-2-build-windows-amd64-cygwin\jdk8u161\10277\hotspot\src\share\vm\prims\jvm.cpp, line 1390]
Event: 0.685 Thread 0x0000000002ce3800 Exception <a 'java/security/PrivilegedActionException'> (0x00000000eb59d550) thrown at [C:\re\workspace\8-2-build-windows-amd64-cygwin\jdk8u161\10277\hotspot\src\share\vm\prims\jvm.cpp, line 1390]

Events (10 events):
Event: 2.114 loading class java/nio/DoubleBuffer
Event: 2.115 loading class java/nio/DoubleBuffer done
Event: 2.115 loading class java/lang/UnsupportedOperationException
Event: 2.115 loading class java/lang/UnsupportedOperationException done
Event: 2.145 Executing VM operation: ParallelGCFailedAllocation
Event: 2.149 Executing VM operation: ParallelGCFailedAllocation done
Event: 2.239 loading class org/bytedeco/javacpp/annotation/Opaque
Event: 2.239 loading class org/bytedeco/javacpp/annotation/Opaque done
Event: 2.481 Executing VM operation: ParallelGCFailedAllocation
Event: 2.485 Executing VM operation: ParallelGCFailedAllocation done


Dynamic libraries:
0x00007ff62ae60000 - 0x00007ff62ae97000 	C:\Program Files\Java\jdk1.8.0_161\bin\java.exe
0x00007ff8efca0000 - 0x00007ff8efe81000 	C:\WINDOWS\SYSTEM32\ntdll.dll
0x00007ff8ee3a0000 - 0x00007ff8ee452000 	C:\WINDOWS\System32\KERNEL32.DLL
0x00007ff8ec040000 - 0x00007ff8ec2b3000 	C:\WINDOWS\System32\KERNELBASE.dll
0x00007ff8edf40000 - 0x00007ff8edfe1000 	C:\WINDOWS\System32\ADVAPI32.dll
0x00007ff8ee300000 - 0x00007ff8ee39e000 	C:\WINDOWS\System32\msvcrt.dll
0x00007ff8ed100000 - 0x00007ff8ed15b000 	C:\WINDOWS\System32\sechost.dll
0x00007ff8ed720000 - 0x00007ff8ed844000 	C:\WINDOWS\System32\RPCRT4.dll
0x00007ff8efa20000 - 0x00007ff8efbb0000 	C:\WINDOWS\System32\USER32.dll
0x00007ff8ed0e0000 - 0x00007ff8ed100000 	C:\WINDOWS\System32\win32u.dll
0x00007ff8ee150000 - 0x00007ff8ee178000 	C:\WINDOWS\System32\GDI32.dll
0x00007ff8ecb50000 - 0x00007ff8ecce2000 	C:\WINDOWS\System32\gdi32full.dll
0x00007ff8ecd50000 - 0x00007ff8ecdef000 	C:\WINDOWS\System32\msvcp_win.dll
0x00007ff8ec2c0000 - 0x00007ff8ec3ba000 	C:\WINDOWS\System32\ucrtbase.dll
0x00007ff8db500000 - 0x00007ff8db769000 	C:\WINDOWS\WinSxS\amd64_microsoft.windows.common-controls_6595b64144ccf1df_6.0.17134.286_none_fb43982d306480cc\COMCTL32.dll
0x00007ff8ed9c0000 - 0x00007ff8edce3000 	C:\WINDOWS\System32\combase.dll
0x00007ff8ecad0000 - 0x00007ff8ecb4a000 	C:\WINDOWS\System32\bcryptPrimitives.dll
0x00007ff8ee460000 - 0x00007ff8ee48d000 	C:\WINDOWS\System32\IMM32.DLL
0x0000000054330000 - 0x0000000054402000 	C:\Program Files\Java\jdk1.8.0_161\jre\bin\msvcr100.dll
0x0000000053390000 - 0x0000000053c2f000 	C:\Program Files\Java\jdk1.8.0_161\jre\bin\server\jvm.dll
0x00007ff8ee490000 - 0x00007ff8ee498000 	C:\WINDOWS\System32\PSAPI.DLL
0x00007ff8eade0000 - 0x00007ff8eade9000 	C:\WINDOWS\SYSTEM32\WSOCK32.dll
0x00007ff8e9a60000 - 0x00007ff8e9a83000 	C:\WINDOWS\SYSTEM32\WINMM.dll
0x00007ff8ed6b0000 - 0x00007ff8ed71c000 	C:\WINDOWS\System32\WS2_32.dll
0x00007ff8dda20000 - 0x00007ff8dda2a000 	C:\WINDOWS\SYSTEM32\VERSION.dll
0x00007ff8e9a30000 - 0x00007ff8e9a5a000 	C:\WINDOWS\SYSTEM32\WINMMBASE.dll
0x00007ff8ed090000 - 0x00007ff8ed0d9000 	C:\WINDOWS\System32\cfgmgr32.dll
0x0000000054320000 - 0x000000005432f000 	C:\Program Files\Java\jdk1.8.0_161\jre\bin\verify.dll
0x00000000542f0000 - 0x0000000054319000 	C:\Program Files\Java\jdk1.8.0_161\jre\bin\java.dll
0x00000000542d0000 - 0x00000000542e6000 	C:\Program Files\Java\jdk1.8.0_161\jre\bin\zip.dll
0x00007ff8ee4a0000 - 0x00007ff8ef8e0000 	C:\WINDOWS\System32\SHELL32.dll
0x00007ff8ede90000 - 0x00007ff8edf39000 	C:\WINDOWS\System32\shcore.dll
0x00007ff8ec3c0000 - 0x00007ff8ecacd000 	C:\WINDOWS\System32\windows.storage.dll
0x00007ff8ef8e0000 - 0x00007ff8ef931000 	C:\WINDOWS\System32\shlwapi.dll
0x00007ff8ec020000 - 0x00007ff8ec031000 	C:\WINDOWS\System32\kernel.appcore.dll
0x00007ff8ebfe0000 - 0x00007ff8ebfff000 	C:\WINDOWS\System32\profapi.dll
0x00007ff8ebf90000 - 0x00007ff8ebfdc000 	C:\WINDOWS\System32\powrprof.dll
0x00007ff8ebf80000 - 0x00007ff8ebf8a000 	C:\WINDOWS\System32\FLTLIB.DLL
0x00007ff8df400000 - 0x00007ff8df451000 	C:\Users\Deshan\.javacpp\cache\opencv-windows-x86_64.jar\org\bytedeco\javacpp\windows-x86_64\concrt140.dll
0x00007ff8e43b0000 - 0x00007ff8e43c6000 	C:\Program Files\Java\jdk1.8.0_161\jre\bin\VCRUNTIME140.dll
0x00007ff8cad50000 - 0x00007ff8cadec000 	C:\Program Files\Java\jdk1.8.0_161\jre\bin\MSVCP140.dll
0x00000000542b0000 - 0x00000000542ca000 	C:\Program Files\Java\jdk1.8.0_161\jre\bin\net.dll
0x00007ff8eb7a0000 - 0x00007ff8eb806000 	C:\WINDOWS\system32\mswsock.dll
0x0000000054290000 - 0x00000000542a1000 	C:\Program Files\Java\jdk1.8.0_161\jre\bin\nio.dll
0x00007ff8ca860000 - 0x00007ff8ca8fd000 	C:\Users\Deshan\.javacpp\cache\opencv-windows-x86_64.jar\org\bytedeco\javacpp\windows-x86_64\msvcp140.dll
0x00007ff8e4390000 - 0x00007ff8e43a7000 	C:\Users\Deshan\.javacpp\cache\opencv-windows-x86_64.jar\org\bytedeco\javacpp\windows-x86_64\vcruntime140.dll
0x0000000018b10000 - 0x0000000018b13000 	C:\Users\Deshan\.javacpp\cache\opencv-windows-x86_64.jar\org\bytedeco\javacpp\windows-x86_64\api-ms-win-crt-locale-l1-1-0.dll
0x0000000018b20000 - 0x0000000018b24000 	C:\Users\Deshan\.javacpp\cache\opencv-windows-x86_64.jar\org\bytedeco\javacpp\windows-x86_64\api-ms-win-crt-string-l1-1-0.dll
0x0000000018b30000 - 0x0000000018b34000 	C:\Users\Deshan\.javacpp\cache\opencv-windows-x86_64.jar\org\bytedeco\javacpp\windows-x86_64\api-ms-win-crt-stdio-l1-1-0.dll
0x0000000018b40000 - 0x0000000018b45000 	C:\Users\Deshan\.javacpp\cache\opencv-windows-x86_64.jar\org\bytedeco\javacpp\windows-x86_64\api-ms-win-crt-math-l1-1-0.dll
0x0000000018b50000 - 0x0000000018b53000 	C:\Users\Deshan\.javacpp\cache\opencv-windows-x86_64.jar\org\bytedeco\javacpp\windows-x86_64\api-ms-win-crt-heap-l1-1-0.dll
0x0000000018b60000 - 0x0000000018b64000 	C:\Users\Deshan\.javacpp\cache\opencv-windows-x86_64.jar\org\bytedeco\javacpp\windows-x86_64\api-ms-win-crt-runtime-l1-1-0.dll
0x0000000018b70000 - 0x0000000018b74000 	C:\Users\Deshan\.javacpp\cache\opencv-windows-x86_64.jar\org\bytedeco\javacpp\windows-x86_64\api-ms-win-crt-convert-l1-1-0.dll
0x0000000018b80000 - 0x0000000018b83000 	C:\Users\Deshan\.javacpp\cache\opencv-windows-x86_64.jar\org\bytedeco\javacpp\windows-x86_64\api-ms-win-crt-environment-l1-1-0.dll
0x0000000018b90000 - 0x0000000018b93000 	C:\Users\Deshan\.javacpp\cache\opencv-windows-x86_64.jar\org\bytedeco\javacpp\windows-x86_64\api-ms-win-crt-time-l1-1-0.dll
0x0000000018ba0000 - 0x0000000018ba3000 	C:\Users\Deshan\.javacpp\cache\opencv-windows-x86_64.jar\org\bytedeco\javacpp\windows-x86_64\api-ms-win-crt-filesystem-l1-1-0.dll
0x0000000018bb0000 - 0x0000000018bb3000 	C:\Users\Deshan\.javacpp\cache\opencv-windows-x86_64.jar\org\bytedeco\javacpp\windows-x86_64\api-ms-win-crt-utility-l1-1-0.dll
0x0000000018bc0000 - 0x0000000018bc5000 	C:\Users\Deshan\.javacpp\cache\opencv-windows-x86_64.jar\org\bytedeco\javacpp\windows-x86_64\api-ms-win-crt-multibyte-l1-1-0.dll
0x00007ff8bceb0000 - 0x00007ff8bd1b4000 	C:\Users\Deshan\.javacpp\cache\opencv-windows-x86_64.jar\org\bytedeco\javacpp\windows-x86_64\opencv_core342.dll
0x00007ff8b7d90000 - 0x00007ff8b81ac000 	C:\Users\Deshan\.javacpp\cache\opencv-windows-x86_64.jar\org\bytedeco\javacpp\windows-x86_64\opencv_imgproc342.dll
0x00007ff8b79f0000 - 0x00007ff8b7d82000 	C:\Users\Deshan\.javacpp\cache\opencv-windows-x86_64.jar\org\bytedeco\javacpp\windows-x86_64\jniopencv_core.dll
0x00007ff8c97e0000 - 0x00007ff8c9938000 	C:\Users\Deshan\.javacpp\cache\opencv-windows-x86_64.jar\org\bytedeco\javacpp\windows-x86_64\jniopencv_imgproc.dll
0x00007ff8be660000 - 0x00007ff8be944000 	C:\Users\Deshan\.javacpp\cache\opencv-windows-x86_64.jar\org\bytedeco\javacpp\windows-x86_64\opencv_imgcodecs342.dll
0x00007ff8df140000 - 0x00007ff8df174000 	C:\Users\Deshan\.javacpp\cache\opencv-windows-x86_64.jar\org\bytedeco\javacpp\windows-x86_64\jniopencv_imgcodecs.dll
0x00007ff8eac10000 - 0x00007ff8eadd9000 	C:\WINDOWS\SYSTEM32\dbghelp.dll

VM Arguments:
jvm_args: -Dfile.encoding=UTF-8 -Djava.library.path=C:\opencv\opencv\build\java\x64 
java_command: javacv.Javacv
java_class_path (initial): C:\javacv\javacpp.jar;C:\javacv\javacv.jar;C:\javacv\ffmpeg.jar;C:\javacv\opencv.jar;C:\javacv\flandmark.jar;C:\javacv\flycapture.jar;C:\javacv\javacv-platform.jar;C:\javacv\leptonica.jar;C:\javacv\libdc1394.jar;C:\javacv\libfreenect.jar;C:\javacv\libfreenect2.jar;C:\javacv\librealsense.jar;C:\javacv\tesseract.jar;C:\javacvcpp-jars\artoolkitplus-android-arm.jar;C:\javacvcpp-jars\artoolkitplus-android-arm64.jar;C:\javacvcpp-jars\artoolkitplus-android-x86.jar;C:\javacvcpp-jars\artoolkitplus-android-x86_64.jar;C:\javacvcpp-jars\artoolkitplus-linux-armhf.jar;C:\javacvcpp-jars\artoolkitplus-linux-ppc64le.jar;C:\javacvcpp-jars\artoolkitplus-linux-x86.jar;C:\javacvcpp-jars\artoolkitplus-linux-x86_64.jar;C:\javacvcpp-jars\artoolkitplus-macosx-x86_64.jar;C:\javacvcpp-jars\artoolkitplus-platform.jar;C:\javacvcpp-jars\artoolkitplus-windows-x86.jar;C:\javacvcpp-jars\artoolkitplus-windows-x86_64.jar;C:\javacvcpp-jars\artoolkitplus.jar;C:\javacvcpp-jars\ffmpeg-android-arm.jar;C:\javacvcpp-jars\ffmpeg-android-arm64.jar;C:\javacvcpp-jars\ffmpeg-android-x86.jar;C:\javacvcpp-jars\ffmpeg-android-x86_64.jar;C:\javacvcpp-jars\ffmpeg-linux-armhf.jar;C:\javacvcpp-jars\ffmpeg-linux-ppc64le.jar;C:\javacvcpp-jars\ffmpeg-linux-x86.jar;C:\javacvcpp-jars\ffmpeg-linux-x86_64.jar;C:\javacvcpp-jars\ffmpeg-macosx-x86_64.jar;C:\javacvcpp-jars\ffmpeg-platform.jar;C:\javacvcpp-jars\ffmpeg-windows-x86.jar;C:\javacvcpp-jars\ffmpeg-windows-x86_64.jar;C:\javacvcpp-jars\ffmpeg.jar;C:\javacvcpp-jars\flandmark-android-arm.jar;C:\javacvcpp-jars\flandmark-android-arm64.jar;C:\javacvcpp-jars\flandmark-android-x86.jar;C:\javacvcpp-jars\flandmark-android-x86_64.jar;C:\javacvcpp-jars\flandmark-linux-armhf.jar;C:\javacvcpp-jars\flandmark-linux-ppc64le.jar;C:\javacvcpp-jars\flandmark-linux-x86.jar;C:\javacvcpp-jars\flandmark-linux-x86_64.jar;C:\javacvcpp-jars\flandmark-macosx-x86_64.jar;C:\javacvcpp-jars\flandmark-platform.jar;C:\javacvcpp-jars\flandmark-windows-x86.jar;C:\javacvcpp-jars
Launcher Type: SUN_STANDARD

Environment Variables:
PATH=C:\Program Files (x86)\Common Files\Oracle\Java\javapath;C:\Program Files (x86)\Intel\iCLS Client\;C:\Program Files\Intel\iCLS Client\;C:\WINDOWS\system32;C:\WINDOWS;C:\WINDOWS\System32\Wbem;C:\WINDOWS\System32\WindowsPowerShell\v1.0\;C:\Program Files (x86)\Intel\Intel(R) Management Engine Components\DAL;C:\Program Files\Intel\Intel(R) Management Engine Components\DAL;C:\Program Files (x86)\Intel\Intel(R) Management Engine Components\IPT;C:\Program Files\Intel\Intel(R) Management Engine Components\IPT;C:\Program Files\Java\jdk1.8.0_161\bin;C:\cygwin64;C:\WINDOWS\System32\OpenSSH\;"C:\Program Files\Java\jdk1.8.0_161\bin;";C:\Program Files\Intel\WiFi\bin\;C:\Program Files\Common Files\Intel\WirelessCommon\;C:\Program Files (x86)\Microsoft SQL Server\100\Tools\Binn\;C:\Program Files\Microsoft SQL Server\100\Tools\Binn\;C:\Program Files\Microsoft SQL Server\100\DTS\Binn\;C:\opencv\opencv\build\x64\vc15\bin;C:\Users\Deshan\AppData\Local\Programs\Python\Python36-32\Scripts\;C:\Users\Deshan\AppData\Local\Programs\Python\Python36-32\;C:\Users\Deshan\AppData\Local\Microsoft\WindowsApps;C:\Program Files\Intel\WiFi\bin\;C:\Program Files\Common Files\Intel\WirelessCommon\;
USERNAME=Deshan
OS=Windows_NT
PROCESSOR_IDENTIFIER=Intel64 Family 6 Model 142 Stepping 9, GenuineIntel



---------------  S Y S T E M  ---------------

OS: Windows 10.0 , 64 bit Build 17134 (10.0.17134.1)

CPU:total 4 (initial active 4) (2 cores per cpu, 2 threads per core) family 6 model 142 stepping 9, cmov, cx8, fxsr, mmx, sse, sse2, sse3, ssse3, sse4.1, sse4.2, popcnt, avx, avx2, aes, clmul, erms, 3dnowpref, lzcnt, ht, tsc, tscinvbit, bmi1, bmi2, adx

Memory: 4k page, physical 4108200k(736716k free), swap 6336424k(1728884k free)

vm_info: Java HotSpot(TM) 64-Bit Server VM (25.161-b12) for windows-amd64 JRE (1.8.0_161-b12), built on Dec 19 2017 17:52:25 by "java_re" with MS VC++ 10.0 (VS2010)

time: Fri Sep 28 12:05:32 2018
elapsed time: 2 seconds (0d 0h 0m 2s)

