#
# A fatal error has been detected by the Java Runtime Environment:
#
#  EXCEPTION_UNCAUGHT_CXX_EXCEPTION (0xe06d7363) at pc=0x00007ff8ec07a388, pid=10876, tid=0x00000000000007bc
#
# JRE version: Java(TM) SE Runtime Environment (8.0_161-b12) (build 1.8.0_161-b12)
# Java VM: Java HotSpot(TM) 64-Bit Server VM (25.161-b12 mixed mode windows-amd64 compressed oops)
# Problematic frame:
# C  [KERNELBASE.dll+0x3a388]
#
# Failed to write core dump. Minidumps are not enabled by default on client versions of Windows
#
# If you would like to submit a bug report, please visit:
#   http://bugreport.java.com/bugreport/crash.jsp
# The crash happened outside the Java Virtual Machine in native code.
# See problematic frame for where to report the bug.
#

---------------  T H R E A D  ---------------

Current thread (0x0000000002803800):  JavaThread "main" [_thread_in_native, id=1980, stack(0x0000000002700000,0x0000000002800000)]

siginfo: ExceptionCode=0xe06d7363, ExceptionInformation=0x0000000019930520 0x00000000027fe7d8 0x00007ff8bd9fe738 0x00007ff8bd750000 

Registers:
RAX=0x00000000027fe1f0, RBX=0x00000000008b64a0, RCX=0x00000000027fe280, RDX=0x00007ff8ec2ca506
RSP=0x00000000027fe640, RBP=0x00000000027fe780, RSI=0x00007ff8bd9fe738, RDI=0x00000000027fe890
R8 =0x00007ff8bd75d2dc, R9 =0x00000000000000e0, R10=0x00000000027fe1f0, R11=0x0000000100000032
R12=0x00000000ffffff29, R13=0x0000000000000000, R14=0x00000000027fe7d8, R15=0x00000000027fe968
RIP=0x00007ff8ec07a388, EFLAGS=0x0000000000000202

Top of Stack: (sp=0x00000000027fe640)
0x00000000027fe640:   00007ff8bd9808a4 00000000008b64a0
0x00000000027fe650:   00007ff8bd9fe738 00000000027fe890
0x00000000027fe660:   00000001e06d7363 0000000000000000
0x00000000027fe670:   00007ff8ec07a388 0000000000000004
0x00000000027fe680:   0000000019930520 00000000027fe7d8
0x00000000027fe690:   00007ff8bd9fe738 00007ff8bd750000
0x00000000027fe6a0:   00000000027fe7d8 00000000ffffff29
0x00000000027fe6b0:   00000000027fe890 00007ff8bd9fe738
0x00000000027fe6c0:   00000000027fe780 00007ff8efcaa39f
0x00000000027fe6d0:   00000000027fe7a0 00007ff800000000
0x00000000027fe6e0:   0000000000000002 00000000003e0000
0x00000000027fe6f0:   00007ff8bda2d000 00007ff8bd750000
0x00000000027fe700:   000017e44eb54d45 00000000535ae6aa
0x00000000027fe710:   00000000008b64a0 00007ff8e6df44f2
0x00000000027fe720:   00000000027fe890 00007ff8ec2c81c6
0x00000000027fe730:   0000000000000000 00007ff8bd96bc60 

Instructions: (pc=0x00007ff8ec07a388)
0x00007ff8ec07a368:   49 8b d1 44 0f 47 c0 44 89 44 24 38 49 c1 e0 03
0x00007ff8ec07a378:   e8 da 3d 04 00 48 8d 4c 24 20 ff 15 a0 82 14 00
0x00007ff8ec07a388:   48 8b 8c 24 c0 00 00 00 48 33 cc e8 08 fe 03 00
0x00007ff8ec07a398:   48 81 c4 d8 00 00 00 c3 83 64 24 38 00 eb d6 cc 


Register to memory mapping:

RAX=0x00000000027fe1f0 is pointing into the stack for thread: 0x0000000002803800
RBX=0x00000000008b64a0 is an unknown value
RCX=0x00000000027fe280 is pointing into the stack for thread: 0x0000000002803800
RDX=0x00007ff8ec2ca506 is an unknown value
RSP=0x00000000027fe640 is pointing into the stack for thread: 0x0000000002803800
RBP=0x00000000027fe780 is pointing into the stack for thread: 0x0000000002803800
RSI=0x00007ff8bd9fe738 is an unknown value
RDI=0x00000000027fe890 is pointing into the stack for thread: 0x0000000002803800
R8 =0x00007ff8bd75d2dc is an unknown value
R9 =0x00000000000000e0 is an unknown value
R10=0x00000000027fe1f0 is pointing into the stack for thread: 0x0000000002803800
R11=0x0000000100000032 is pointing into metadata
R12=0x00000000ffffff29 is an unallocated location in the heap
R13=0x0000000000000000 is an unknown value
R14=0x00000000027fe7d8 is pointing into the stack for thread: 0x0000000002803800
R15=0x00000000027fe968 is pointing into the stack for thread: 0x0000000002803800


Stack: [0x0000000002700000,0x0000000002800000],  sp=0x00000000027fe640,  free space=1017k
Native frames: (J=compiled Java code, j=interpreted, Vv=VM code, C=native code)
C  [KERNELBASE.dll+0x3a388]
C  [VCRUNTIME140.dll+0x44f2]
C  [opencv_core342.dll+0x1b0ff6]
C  [opencv_core342.dll+0x1b114a]
C  [opencv_core342.dll+0x1349a7]
C  [opencv_core342.dll+0x60b81]
C  [opencv_imgcodecs342.dll+0x2e7b]
C  [opencv_imgcodecs342.dll+0xef5e]
C  [jniopencv_imgcodecs.dll+0x294e]
C  0x0000000002918c67

Java frames: (J=compiled Java code, j=interpreted, Vv=VM code)
j  org.bytedeco.javacpp.opencv_imgcodecs.cvSaveImage(Ljava/lang/String;Lorg/bytedeco/javacpp/helper/opencv_core$CvArr;)I+0
j  javacv.Javacv.main([Ljava/lang/String;)V+67
v  ~StubRoutines::call_stub

---------------  P R O C E S S  ---------------

Java Threads: ( => current thread )
  0x0000000017975800 JavaThread "JavaCPP Deallocator" daemon [_thread_blocked, id=2272, stack(0x0000000018590000,0x0000000018690000)]
  0x0000000014f6d800 JavaThread "Service Thread" daemon [_thread_blocked, id=1532, stack(0x0000000016b60000,0x0000000016c60000)]
  0x0000000014f19000 JavaThread "C1 CompilerThread2" daemon [_thread_blocked, id=11772, stack(0x0000000016660000,0x0000000016760000)]
  0x0000000014f11800 JavaThread "C2 CompilerThread1" daemon [_thread_blocked, id=9416, stack(0x0000000016560000,0x0000000016660000)]
  0x0000000014f1e000 JavaThread "C2 CompilerThread0" daemon [_thread_blocked, id=5712, stack(0x0000000016460000,0x0000000016560000)]
  0x0000000014f1d000 JavaThread "Attach Listener" daemon [_thread_blocked, id=2296, stack(0x0000000016360000,0x0000000016460000)]
  0x0000000014f1a000 JavaThread "Signal Dispatcher" daemon [_thread_blocked, id=12092, stack(0x0000000016260000,0x0000000016360000)]
  0x00000000028fe000 JavaThread "Finalizer" daemon [_thread_blocked, id=9884, stack(0x0000000016160000,0x0000000016260000)]
  0x0000000014ed9800 JavaThread "Reference Handler" daemon [_thread_blocked, id=9948, stack(0x0000000016060000,0x0000000016160000)]
=>0x0000000002803800 JavaThread "main" [_thread_in_native, id=1980, stack(0x0000000002700000,0x0000000002800000)]

Other Threads:
  0x0000000014ed7800 VMThread [stack: 0x0000000015f60000,0x0000000016060000] [id=5200]
  0x0000000014f6e800 WatcherThread [stack: 0x0000000016c60000,0x0000000016d60000] [id=11984]

VM state:not at safepoint (normal execution)

VM Mutex/Monitor currently owned by a thread: None

Heap:
 PSYoungGen      total 68096K, used 17848K [0x00000000eb180000, 0x00000000ef680000, 0x0000000100000000)
  eden space 65536K, 24% used [0x00000000eb180000,0x00000000ec171950,0x00000000ef180000)
  from space 2560K, 59% used [0x00000000ef400000,0x00000000ef57c820,0x00000000ef680000)
  to   space 2560K, 0% used [0x00000000ef180000,0x00000000ef180000,0x00000000ef400000)
 ParOldGen       total 44032K, used 40K [0x00000000c1400000, 0x00000000c3f00000, 0x00000000eb180000)
  object space 44032K, 0% used [0x00000000c1400000,0x00000000c140a000,0x00000000c3f00000)
 Metaspace       used 7076K, capacity 7366K, committed 7424K, reserved 1056768K
  class space    used 719K, capacity 753K, committed 768K, reserved 1048576K

Card table byte_map: [0x0000000011cc0000,0x0000000011ec0000] byte_map_base: 0x00000000116b6000

Marking Bits: (ParMarkBitMap*) 0x0000000053baf860
 Begin Bits: [0x0000000012410000, 0x00000000133c0000)
 End Bits:   [0x00000000133c0000, 0x0000000014370000)

Polling page: 0x0000000000860000

CodeCache: size=245760Kb used=3732Kb max_used=3750Kb free=242027Kb
 bounds [0x0000000002900000, 0x0000000002cb0000, 0x0000000011900000]
 total_blobs=1151 nmethods=745 adapters=319
 compilation: enabled

Compilation events (10 events):
Event: 1.737 Thread 0x0000000014f19000  741       1       sun.util.calendar.BaseCalendar$Date::getCachedYear (5 bytes)
Event: 1.737 Thread 0x0000000014f19000 nmethod 741 0x0000000002c99e50 code [0x0000000002c99fa0, 0x0000000002c9a0b0]
Event: 1.770 Thread 0x0000000014f1e000  742 %     4       sun.nio.fs.WindowsPathParser::normalize @ 18 (233 bytes)
Event: 1.796 Thread 0x0000000014f19000  743       3       java.net.URI::isAbsolute (13 bytes)
Event: 1.797 Thread 0x0000000014f19000 nmethod 743 0x0000000002c99ad0 code [0x0000000002c99c20, 0x0000000002c99dd0]
Event: 1.800 Thread 0x0000000014f19000  744       3       org.bytedeco.javacpp.ClassProperties::getProperty (7 bytes)
Event: 1.800 Thread 0x0000000014f19000 nmethod 744 0x0000000002c9f590 code [0x0000000002c9f7c0, 0x0000000002ca0518]
Event: 1.805 Thread 0x0000000014f19000  745       3       java.net.URLClassLoader::defineClass (142 bytes)
Event: 1.806 Thread 0x0000000014f19000 nmethod 745 0x0000000002ca0cd0 code [0x0000000002ca1040, 0x0000000002ca3318]
Event: 1.808 Thread 0x0000000014f1e000 nmethod 742% 0x0000000002ca8d90 code [0x0000000002ca8f80, 0x0000000002caab78]

GC Heap History (10 events):
Event: 0.802 GC heap before
{Heap before GC invocations=2 (full 0):
 PSYoungGen      total 18944K, used 18087K [0x00000000eb180000, 0x00000000ec680000, 0x0000000100000000)
  eden space 16384K, 100% used [0x00000000eb180000,0x00000000ec180000,0x00000000ec180000)
  from space 2560K, 66% used [0x00000000ec180000,0x00000000ec329c58,0x00000000ec400000)
  to   space 2560K, 0% used [0x00000000ec400000,0x00000000ec400000,0x00000000ec680000)
 ParOldGen       total 44032K, used 8K [0x00000000c1400000, 0x00000000c3f00000, 0x00000000eb180000)
  object space 44032K, 0% used [0x00000000c1400000,0x00000000c1402000,0x00000000c3f00000)
 Metaspace       used 6369K, capacity 6822K, committed 6912K, reserved 1056768K
  class space    used 681K, capacity 721K, committed 768K, reserved 1048576K
Event: 0.805 GC heap after
Heap after GC invocations=2 (full 0):
 PSYoungGen      total 18944K, used 2312K [0x00000000eb180000, 0x00000000ec680000, 0x0000000100000000)
  eden space 16384K, 0% used [0x00000000eb180000,0x00000000eb180000,0x00000000ec180000)
  from space 2560K, 90% used [0x00000000ec400000,0x00000000ec6421f0,0x00000000ec680000)
  to   space 2560K, 0% used [0x00000000ec180000,0x00000000ec180000,0x00000000ec400000)
 ParOldGen       total 44032K, used 16K [0x00000000c1400000, 0x00000000c3f00000, 0x00000000eb180000)
  object space 44032K, 0% used [0x00000000c1400000,0x00000000c1404000,0x00000000c3f00000)
 Metaspace       used 6369K, capacity 6822K, committed 6912K, reserved 1056768K
  class space    used 681K, capacity 721K, committed 768K, reserved 1048576K
}
Event: 0.910 GC heap before
{Heap before GC invocations=3 (full 0):
 PSYoungGen      total 18944K, used 18696K [0x00000000eb180000, 0x00000000ec680000, 0x0000000100000000)
  eden space 16384K, 100% used [0x00000000eb180000,0x00000000ec180000,0x00000000ec180000)
  from space 2560K, 90% used [0x00000000ec400000,0x00000000ec6421f0,0x00000000ec680000)
  to   space 2560K, 0% used [0x00000000ec180000,0x00000000ec180000,0x00000000ec400000)
 ParOldGen       total 44032K, used 16K [0x00000000c1400000, 0x00000000c3f00000, 0x00000000eb180000)
  object space 44032K, 0% used [0x00000000c1400000,0x00000000c1404000,0x00000000c3f00000)
 Metaspace       used 6775K, capacity 7206K, committed 7424K, reserved 1056768K
  class space    used 698K, capacity 721K, committed 768K, reserved 1048576K
Event: 0.912 GC heap after
Heap after GC invocations=3 (full 0):
 PSYoungGen      total 18944K, used 1472K [0x00000000eb180000, 0x00000000ed680000, 0x0000000100000000)
  eden space 16384K, 0% used [0x00000000eb180000,0x00000000eb180000,0x00000000ec180000)
  from space 2560K, 57% used [0x00000000ec180000,0x00000000ec2f0000,0x00000000ec400000)
  to   space 2560K, 0% used [0x00000000ed400000,0x00000000ed400000,0x00000000ed680000)
 ParOldGen       total 44032K, used 24K [0x00000000c1400000, 0x00000000c3f00000, 0x00000000eb180000)
  object space 44032K, 0% used [0x00000000c1400000,0x00000000c1406000,0x00000000c3f00000)
 Metaspace       used 6775K, capacity 7206K, committed 7424K, reserved 1056768K
  class space    used 698K, capacity 721K, committed 768K, reserved 1048576K
}
Event: 1.062 GC heap before
{Heap before GC invocations=4 (full 0):
 PSYoungGen      total 18944K, used 17856K [0x00000000eb180000, 0x00000000ed680000, 0x0000000100000000)
  eden space 16384K, 100% used [0x00000000eb180000,0x00000000ec180000,0x00000000ec180000)
  from space 2560K, 57% used [0x00000000ec180000,0x00000000ec2f0000,0x00000000ec400000)
  to   space 2560K, 0% used [0x00000000ed400000,0x00000000ed400000,0x00000000ed680000)
 ParOldGen       total 44032K, used 24K [0x00000000c1400000, 0x00000000c3f00000, 0x00000000eb180000)
  object space 44032K, 0% used [0x00000000c1400000,0x00000000c1406000,0x00000000c3f00000)
 Metaspace       used 6834K, capacity 7206K, committed 7424K, reserved 1056768K
  class space    used 702K, capacity 721K, committed 768K, reserved 1048576K
Event: 1.064 GC heap after
Heap after GC invocations=4 (full 0):
 PSYoungGen      total 35328K, used 1360K [0x00000000eb180000, 0x00000000ed680000, 0x0000000100000000)
  eden space 32768K, 0% used [0x00000000eb180000,0x00000000eb180000,0x00000000ed180000)
  from space 2560K, 53% used [0x00000000ed400000,0x00000000ed554010,0x00000000ed680000)
  to   space 2560K, 0% used [0x00000000ed180000,0x00000000ed180000,0x00000000ed400000)
 ParOldGen       total 44032K, used 24K [0x00000000c1400000, 0x00000000c3f00000, 0x00000000eb180000)
  object space 44032K, 0% used [0x00000000c1400000,0x00000000c1406000,0x00000000c3f00000)
 Metaspace       used 6834K, capacity 7206K, committed 7424K, reserved 1056768K
  class space    used 702K, capacity 721K, committed 768K, reserved 1048576K
}
Event: 1.346 GC heap before
{Heap before GC invocations=5 (full 0):
 PSYoungGen      total 35328K, used 34128K [0x00000000eb180000, 0x00000000ed680000, 0x0000000100000000)
  eden space 32768K, 100% used [0x00000000eb180000,0x00000000ed180000,0x00000000ed180000)
  from space 2560K, 53% used [0x00000000ed400000,0x00000000ed554010,0x00000000ed680000)
  to   space 2560K, 0% used [0x00000000ed180000,0x00000000ed180000,0x00000000ed400000)
 ParOldGen       total 44032K, used 24K [0x00000000c1400000, 0x00000000c3f00000, 0x00000000eb180000)
  object space 44032K, 0% used [0x00000000c1400000,0x00000000c1406000,0x00000000c3f00000)
 Metaspace       used 6858K, capacity 7206K, committed 7424K, reserved 1056768K
  class space    used 703K, capacity 721K, committed 768K, reserved 1048576K
Event: 1.360 GC heap after
Heap after GC invocations=5 (full 0):
 PSYoungGen      total 35328K, used 1392K [0x00000000eb180000, 0x00000000ef680000, 0x0000000100000000)
  eden space 32768K, 0% used [0x00000000eb180000,0x00000000eb180000,0x00000000ed180000)
  from space 2560K, 54% used [0x00000000ed180000,0x00000000ed2dc010,0x00000000ed400000)
  to   space 2560K, 0% used [0x00000000ef400000,0x00000000ef400000,0x00000000ef680000)
 ParOldGen       total 44032K, used 32K [0x00000000c1400000, 0x00000000c3f00000, 0x00000000eb180000)
  object space 44032K, 0% used [0x00000000c1400000,0x00000000c1408000,0x00000000c3f00000)
 Metaspace       used 6858K, capacity 7206K, committed 7424K, reserved 1056768K
  class space    used 703K, capacity 721K, committed 768K, reserved 1048576K
}
Event: 1.733 GC heap before
{Heap before GC invocations=6 (full 0):
 PSYoungGen      total 35328K, used 34160K [0x00000000eb180000, 0x00000000ef680000, 0x0000000100000000)
  eden space 32768K, 100% used [0x00000000eb180000,0x00000000ed180000,0x00000000ed180000)
  from space 2560K, 54% used [0x00000000ed180000,0x00000000ed2dc010,0x00000000ed400000)
  to   space 2560K, 0% used [0x00000000ef400000,0x00000000ef400000,0x00000000ef680000)
 ParOldGen       total 44032K, used 32K [0x00000000c1400000, 0x00000000c3f00000, 0x00000000eb180000)
  object space 44032K, 0% used [0x00000000c1400000,0x00000000c1408000,0x00000000c3f00000)
 Metaspace       used 7012K, capacity 7334K, committed 7424K, reserved 1056768K
  class space    used 705K, capacity 721K, committed 768K, reserved 1048576K
Event: 1.736 GC heap after
Heap after GC invocations=6 (full 0):
 PSYoungGen      total 68096K, used 1522K [0x00000000eb180000, 0x00000000ef680000, 0x0000000100000000)
  eden space 65536K, 0% used [0x00000000eb180000,0x00000000eb180000,0x00000000ef180000)
  from space 2560K, 59% used [0x00000000ef400000,0x00000000ef57c820,0x00000000ef680000)
  to   space 2560K, 0% used [0x00000000ef180000,0x00000000ef180000,0x00000000ef400000)
 ParOldGen       total 44032K, used 40K [0x00000000c1400000, 0x00000000c3f00000, 0x00000000eb180000)
  object space 44032K, 0% used [0x00000000c1400000,0x00000000c140a000,0x00000000c3f00000)
 Metaspace       used 7012K, capacity 7334K, committed 7424K, reserved 1056768K
  class space    used 705K, capacity 721K, committed 768K, reserved 1048576K
}

Deoptimization events (4 events):
Event: 0.237 Thread 0x0000000002803800 Uncommon trap: reason=unstable_if action=reinterpret pc=0x0000000002a0d4b8 method=java.lang.String.hashCode()I @ 14
Event: 0.280 Thread 0x0000000002803800 Uncommon trap: reason=unstable_if action=reinterpret pc=0x0000000002a9ccb4 method=java.lang.String.indexOf([CII[CIII)I @ 134
Event: 0.330 Thread 0x0000000002803800 Uncommon trap: reason=unstable_if action=reinterpret pc=0x0000000002ab387c method=java.io.WinNTFileSystem.normalize(Ljava/lang/String;II)Ljava/lang/String; @ 8
Event: 0.425 Thread 0x0000000002803800 Uncommon trap: reason=unstable_if action=reinterpret pc=0x0000000002b13c24 method=sun.misc.URLClassPath$JarLoader.findResource(Ljava/lang/String;Z)Ljava/net/URL; @ 8

Classes redefined (0 events):
No events

Internal exceptions (10 events):
Event: 0.179 Thread 0x0000000002803800 Exception <a 'java/security/PrivilegedActionException'> (0x00000000eb446468) thrown at [C:\re\workspace\8-2-build-windows-amd64-cygwin\jdk8u161\10277\hotspot\src\share\vm\prims\jvm.cpp, line 1390]
Event: 0.179 Thread 0x0000000002803800 Exception <a 'java/security/PrivilegedActionException'> (0x00000000eb446678) thrown at [C:\re\workspace\8-2-build-windows-amd64-cygwin\jdk8u161\10277\hotspot\src\share\vm\prims\jvm.cpp, line 1390]
Event: 0.179 Thread 0x0000000002803800 Exception <a 'java/security/PrivilegedActionException'> (0x00000000eb4474e8) thrown at [C:\re\workspace\8-2-build-windows-amd64-cygwin\jdk8u161\10277\hotspot\src\share\vm\prims\jvm.cpp, line 1390]
Event: 0.179 Thread 0x0000000002803800 Exception <a 'java/security/PrivilegedActionException'> (0x00000000eb4476f8) thrown at [C:\re\workspace\8-2-build-windows-amd64-cygwin\jdk8u161\10277\hotspot\src\share\vm\prims\jvm.cpp, line 1390]
Event: 0.196 Thread 0x0000000002803800 Exception <a 'java/security/PrivilegedActionException'> (0x00000000eb4a1340) thrown at [C:\re\workspace\8-2-build-windows-amd64-cygwin\jdk8u161\10277\hotspot\src\share\vm\prims\jvm.cpp, line 1390]
Event: 0.196 Thread 0x0000000002803800 Exception <a 'java/security/PrivilegedActionException'> (0x00000000eb4a1550) thrown at [C:\re\workspace\8-2-build-windows-amd64-cygwin\jdk8u161\10277\hotspot\src\share\vm\prims\jvm.cpp, line 1390]
Event: 0.278 Thread 0x0000000002803800 Exception <a 'java/security/PrivilegedActionException'> (0x00000000eb599220) thrown at [C:\re\workspace\8-2-build-windows-amd64-cygwin\jdk8u161\10277\hotspot\src\share\vm\prims\jvm.cpp, line 1390]
Event: 0.278 Thread 0x0000000002803800 Exception <a 'java/security/PrivilegedActionException'> (0x00000000eb599430) thrown at [C:\re\workspace\8-2-build-windows-amd64-cygwin\jdk8u161\10277\hotspot\src\share\vm\prims\jvm.cpp, line 1390]
Event: 0.279 Thread 0x0000000002803800 Exception <a 'java/security/PrivilegedActionException'> (0x00000000eb59d340) thrown at [C:\re\workspace\8-2-build-windows-amd64-cygwin\jdk8u161\10277\hotspot\src\share\vm\prims\jvm.cpp, line 1390]
Event: 0.279 Thread 0x0000000002803800 Exception <a 'java/security/PrivilegedActionException'> (0x00000000eb59d550) thrown at [C:\re\workspace\8-2-build-windows-amd64-cygwin\jdk8u161\10277\hotspot\src\share\vm\prims\jvm.cpp, line 1390]

Events (10 events):
Event: 1.804 loading class org/bytedeco/javacpp/opencv_highgui$Pt2Func_int_byte__
Event: 1.804 loading class org/bytedeco/javacpp/opencv_highgui$Pt2Func_int_byte__ done
Event: 1.805 loading class org/bytedeco/javacpp/opencv_highgui$Pt2Func_int_ByteBuffer
Event: 1.805 loading class org/bytedeco/javacpp/opencv_highgui$Pt2Func_int_ByteBuffer done
Event: 1.805 loading class org/bytedeco/javacpp/opencv_highgui$Pt2Func_int_BytePointer
Event: 1.805 loading class org/bytedeco/javacpp/opencv_highgui$Pt2Func_int_BytePointer done
Event: 1.806 loading class org/bytedeco/javacpp/opencv_highgui$Pt2Func_int_PointerPointer
Event: 1.806 loading class org/bytedeco/javacpp/opencv_highgui$Pt2Func_int_PointerPointer done
Event: 4.158 Executing VM operation: EnableBiasedLocking
Event: 4.158 Executing VM operation: EnableBiasedLocking done


Dynamic libraries:
0x00007ff7462f0000 - 0x00007ff746327000 	C:\Program Files\Java\jdk1.8.0_161\bin\java.exe
0x00007ff8efca0000 - 0x00007ff8efe81000 	C:\WINDOWS\SYSTEM32\ntdll.dll
0x00007ff8ee3a0000 - 0x00007ff8ee452000 	C:\WINDOWS\System32\KERNEL32.DLL
0x00007ff8ec040000 - 0x00007ff8ec2b3000 	C:\WINDOWS\System32\KERNELBASE.dll
0x00007ff8edf40000 - 0x00007ff8edfe1000 	C:\WINDOWS\System32\ADVAPI32.dll
0x00007ff8ee300000 - 0x00007ff8ee39e000 	C:\WINDOWS\System32\msvcrt.dll
0x00007ff8ed100000 - 0x00007ff8ed15b000 	C:\WINDOWS\System32\sechost.dll
0x00007ff8ed720000 - 0x00007ff8ed844000 	C:\WINDOWS\System32\RPCRT4.dll
0x00007ff8efa20000 - 0x00007ff8efbb0000 	C:\WINDOWS\System32\USER32.dll
0x00007ff8ed0e0000 - 0x00007ff8ed100000 	C:\WINDOWS\System32\win32u.dll
0x00007ff8ee150000 - 0x00007ff8ee178000 	C:\WINDOWS\System32\GDI32.dll
0x00007ff8ecb50000 - 0x00007ff8ecce2000 	C:\WINDOWS\System32\gdi32full.dll
0x00007ff8ecd50000 - 0x00007ff8ecdef000 	C:\WINDOWS\System32\msvcp_win.dll
0x00007ff8ec2c0000 - 0x00007ff8ec3ba000 	C:\WINDOWS\System32\ucrtbase.dll
0x00007ff8db500000 - 0x00007ff8db769000 	C:\WINDOWS\WinSxS\amd64_microsoft.windows.common-controls_6595b64144ccf1df_6.0.17134.286_none_fb43982d306480cc\COMCTL32.dll
0x00007ff8ed9c0000 - 0x00007ff8edce3000 	C:\WINDOWS\System32\combase.dll
0x00007ff8ecad0000 - 0x00007ff8ecb4a000 	C:\WINDOWS\System32\bcryptPrimitives.dll
0x00007ff8ee460000 - 0x00007ff8ee48d000 	C:\WINDOWS\System32\IMM32.DLL
0x00000000546d0000 - 0x00000000547a2000 	C:\Program Files\Java\jdk1.8.0_161\jre\bin\msvcr100.dll
0x0000000053390000 - 0x0000000053c2f000 	C:\Program Files\Java\jdk1.8.0_161\jre\bin\server\jvm.dll
0x00007ff8ee490000 - 0x00007ff8ee498000 	C:\WINDOWS\System32\PSAPI.DLL
0x00007ff8eade0000 - 0x00007ff8eade9000 	C:\WINDOWS\SYSTEM32\WSOCK32.dll
0x00007ff8dda20000 - 0x00007ff8dda2a000 	C:\WINDOWS\SYSTEM32\VERSION.dll
0x00007ff8e9a60000 - 0x00007ff8e9a83000 	C:\WINDOWS\SYSTEM32\WINMM.dll
0x00007ff8ed6b0000 - 0x00007ff8ed71c000 	C:\WINDOWS\System32\WS2_32.dll
0x00007ff8e9a30000 - 0x00007ff8e9a5a000 	C:\WINDOWS\SYSTEM32\winmmbase.dll
0x00007ff8ed090000 - 0x00007ff8ed0d9000 	C:\WINDOWS\System32\cfgmgr32.dll
0x0000000054860000 - 0x000000005486f000 	C:\Program Files\Java\jdk1.8.0_161\jre\bin\verify.dll
0x00000000543e0000 - 0x0000000054409000 	C:\Program Files\Java\jdk1.8.0_161\jre\bin\java.dll
0x00000000543c0000 - 0x00000000543d6000 	C:\Program Files\Java\jdk1.8.0_161\jre\bin\zip.dll
0x00007ff8ee4a0000 - 0x00007ff8ef8e0000 	C:\WINDOWS\System32\SHELL32.dll
0x00007ff8ede90000 - 0x00007ff8edf39000 	C:\WINDOWS\System32\shcore.dll
0x00007ff8ec3c0000 - 0x00007ff8ecacd000 	C:\WINDOWS\System32\windows.storage.dll
0x00007ff8ef8e0000 - 0x00007ff8ef931000 	C:\WINDOWS\System32\shlwapi.dll
0x00007ff8ec020000 - 0x00007ff8ec031000 	C:\WINDOWS\System32\kernel.appcore.dll
0x00007ff8ebfe0000 - 0x00007ff8ebfff000 	C:\WINDOWS\System32\profapi.dll
0x00007ff8ebf90000 - 0x00007ff8ebfdc000 	C:\WINDOWS\System32\powrprof.dll
0x00007ff8ebf80000 - 0x00007ff8ebf8a000 	C:\WINDOWS\System32\FLTLIB.DLL
0x00007ff8d3500000 - 0x00007ff8d3551000 	C:\Users\Deshan\.javacpp\cache\opencv-windows-x86_64.jar\org\bytedeco\javacpp\windows-x86_64\concrt140.dll
0x00007ff8cf050000 - 0x00007ff8cf0ec000 	C:\Program Files\Java\jdk1.8.0_161\jre\bin\MSVCP140.dll
0x00007ff8e6df0000 - 0x00007ff8e6e06000 	C:\Program Files\Java\jdk1.8.0_161\jre\bin\VCRUNTIME140.dll
0x00000000543a0000 - 0x00000000543ba000 	C:\Program Files\Java\jdk1.8.0_161\jre\bin\net.dll
0x00007ff8eb7a0000 - 0x00007ff8eb806000 	C:\WINDOWS\system32\mswsock.dll
0x0000000054380000 - 0x0000000054391000 	C:\Program Files\Java\jdk1.8.0_161\jre\bin\nio.dll
0x00007ff8ce540000 - 0x00007ff8ce5dd000 	C:\Users\Deshan\.javacpp\cache\opencv-windows-x86_64.jar\org\bytedeco\javacpp\windows-x86_64\msvcp140.dll
0x00007ff8e1170000 - 0x00007ff8e1187000 	C:\Users\Deshan\.javacpp\cache\opencv-windows-x86_64.jar\org\bytedeco\javacpp\windows-x86_64\vcruntime140.dll
0x0000000000e50000 - 0x0000000000e53000 	C:\Users\Deshan\.javacpp\cache\opencv-windows-x86_64.jar\org\bytedeco\javacpp\windows-x86_64\api-ms-win-crt-locale-l1-1-0.dll
0x0000000000e60000 - 0x0000000000e64000 	C:\Users\Deshan\.javacpp\cache\opencv-windows-x86_64.jar\org\bytedeco\javacpp\windows-x86_64\api-ms-win-crt-string-l1-1-0.dll
0x0000000002590000 - 0x0000000002594000 	C:\Users\Deshan\.javacpp\cache\opencv-windows-x86_64.jar\org\bytedeco\javacpp\windows-x86_64\api-ms-win-crt-stdio-l1-1-0.dll
0x00000000025a0000 - 0x00000000025a5000 	C:\Users\Deshan\.javacpp\cache\opencv-windows-x86_64.jar\org\bytedeco\javacpp\windows-x86_64\api-ms-win-crt-math-l1-1-0.dll
0x00000000025b0000 - 0x00000000025b3000 	C:\Users\Deshan\.javacpp\cache\opencv-windows-x86_64.jar\org\bytedeco\javacpp\windows-x86_64\api-ms-win-crt-heap-l1-1-0.dll
0x00000000025c0000 - 0x00000000025c4000 	C:\Users\Deshan\.javacpp\cache\opencv-windows-x86_64.jar\org\bytedeco\javacpp\windows-x86_64\api-ms-win-crt-runtime-l1-1-0.dll
0x00000000025d0000 - 0x00000000025d4000 	C:\Users\Deshan\.javacpp\cache\opencv-windows-x86_64.jar\org\bytedeco\javacpp\windows-x86_64\api-ms-win-crt-convert-l1-1-0.dll
0x00000000025e0000 - 0x00000000025e3000 	C:\Users\Deshan\.javacpp\cache\opencv-windows-x86_64.jar\org\bytedeco\javacpp\windows-x86_64\api-ms-win-crt-environment-l1-1-0.dll
0x0000000018530000 - 0x0000000018533000 	C:\Users\Deshan\.javacpp\cache\opencv-windows-x86_64.jar\org\bytedeco\javacpp\windows-x86_64\api-ms-win-crt-time-l1-1-0.dll
0x0000000018540000 - 0x0000000018543000 	C:\Users\Deshan\.javacpp\cache\opencv-windows-x86_64.jar\org\bytedeco\javacpp\windows-x86_64\api-ms-win-crt-filesystem-l1-1-0.dll
0x0000000018550000 - 0x0000000018553000 	C:\Users\Deshan\.javacpp\cache\opencv-windows-x86_64.jar\org\bytedeco\javacpp\windows-x86_64\api-ms-win-crt-utility-l1-1-0.dll
0x0000000018560000 - 0x0000000018565000 	C:\Users\Deshan\.javacpp\cache\opencv-windows-x86_64.jar\org\bytedeco\javacpp\windows-x86_64\api-ms-win-crt-multibyte-l1-1-0.dll
0x00007ff8bd750000 - 0x00007ff8bda54000 	C:\Users\Deshan\.javacpp\cache\opencv-windows-x86_64.jar\org\bytedeco\javacpp\windows-x86_64\opencv_core342.dll
0x00007ff8b7a30000 - 0x00007ff8b7e4c000 	C:\Users\Deshan\.javacpp\cache\opencv-windows-x86_64.jar\org\bytedeco\javacpp\windows-x86_64\opencv_imgproc342.dll
0x00007ff8b7690000 - 0x00007ff8b7a22000 	C:\Users\Deshan\.javacpp\cache\opencv-windows-x86_64.jar\org\bytedeco\javacpp\windows-x86_64\jniopencv_core.dll
0x00007ff8bd5f0000 - 0x00007ff8bd748000 	C:\Users\Deshan\.javacpp\cache\opencv-windows-x86_64.jar\org\bytedeco\javacpp\windows-x86_64\jniopencv_imgproc.dll
0x00007ff8a9850000 - 0x00007ff8a9b34000 	C:\Users\Deshan\.javacpp\cache\opencv-windows-x86_64.jar\org\bytedeco\javacpp\windows-x86_64\opencv_imgcodecs342.dll
0x00007ff8dffa0000 - 0x00007ff8dffd4000 	C:\Users\Deshan\.javacpp\cache\opencv-windows-x86_64.jar\org\bytedeco\javacpp\windows-x86_64\jniopencv_imgcodecs.dll
0x00007ff8cd2f0000 - 0x00007ff8cd36e000 	C:\Users\Deshan\.javacpp\cache\opencv-windows-x86_64.jar\org\bytedeco\javacpp\windows-x86_64\opencv_videoio342.dll
0x00007ff8edff0000 - 0x00007ff8ee141000 	C:\WINDOWS\System32\ole32.dll
0x00007ff8ef940000 - 0x00007ff8efa02000 	C:\WINDOWS\System32\OLEAUT32.dll
0x00007ff8df4d0000 - 0x00007ff8df4ef000 	C:\WINDOWS\SYSTEM32\AVIFIL32.dll
0x00007ff8df190000 - 0x00007ff8df1a8000 	C:\WINDOWS\SYSTEM32\AVICAP32.dll
0x00007ff8d9c30000 - 0x00007ff8d9c59000 	C:\WINDOWS\SYSTEM32\MSVFW32.dll
0x00007ff8d8a30000 - 0x00007ff8d8aab000 	C:\WINDOWS\SYSTEM32\MF.dll
0x00007ff8bc840000 - 0x00007ff8bc938000 	C:\WINDOWS\SYSTEM32\MFReadWrite.dll
0x00007ff8e0650000 - 0x00007ff8e082b000 	C:\WINDOWS\SYSTEM32\MFPlat.DLL
0x00007ff8e86d0000 - 0x00007ff8e86ec000 	C:\WINDOWS\SYSTEM32\MSACM32.dll
0x00007ff8a8aa0000 - 0x00007ff8a8ece000 	C:\WINDOWS\SYSTEM32\MFCORE.DLL
0x00007ff8ecdf0000 - 0x00007ff8ecfd2000 	C:\WINDOWS\System32\CRYPT32.dll
0x00007ff8ec000000 - 0x00007ff8ec012000 	C:\WINDOWS\System32\MSASN1.dll
0x00007ff8eba80000 - 0x00007ff8ebaa5000 	C:\WINDOWS\SYSTEM32\bcrypt.dll
0x00007ff8e98a0000 - 0x00007ff8e98a9000 	C:\WINDOWS\SYSTEM32\ksuser.dll
0x00007ff8eb950000 - 0x00007ff8eb95b000 	C:\WINDOWS\SYSTEM32\CRYPTBASE.DLL
0x00007ff8e46f0000 - 0x00007ff8e471e000 	C:\WINDOWS\SYSTEM32\RTWorkQ.DLL
0x00007ff8df0c0000 - 0x00007ff8df0df000 	C:\Users\Deshan\.javacpp\cache\opencv-windows-x86_64.jar\org\bytedeco\javacpp\windows-x86_64\jniopencv_videoio.dll
0x00007ff8cf010000 - 0x00007ff8cf046000 	C:\Users\Deshan\.javacpp\cache\opencv-windows-x86_64.jar\org\bytedeco\javacpp\windows-x86_64\opencv_highgui342.dll
0x00007ff8ed850000 - 0x00007ff8ed93d000 	C:\WINDOWS\System32\COMDLG32.dll
0x00007ff8cec20000 - 0x00007ff8cec70000 	C:\Users\Deshan\.javacpp\cache\opencv-windows-x86_64.jar\org\bytedeco\javacpp\windows-x86_64\jniopencv_highgui.dll
0x00007ff8ea230000 - 0x00007ff8ea2c8000 	C:\WINDOWS\system32\uxtheme.dll
0x00007ff8ee180000 - 0x00007ff8ee2f5000 	C:\WINDOWS\System32\MSCTF.dll
0x00007ff8ea650000 - 0x00007ff8ea679000 	C:\WINDOWS\system32\dwmapi.dll
0x00007ff8e4450000 - 0x00007ff8e44e7000 	C:\WINDOWS\System32\TextInputFramework.dll
0x00007ff8e9cf0000 - 0x00007ff8e9dca000 	C:\WINDOWS\System32\CoreMessaging.dll
0x00007ff8e52f0000 - 0x00007ff8e560e000 	C:\WINDOWS\System32\CoreUIComponents.dll
0x00007ff8eb070000 - 0x00007ff8eb0a1000 	C:\WINDOWS\SYSTEM32\ntmarta.dll
0x00007ff8e8a00000 - 0x00007ff8e8b4d000 	C:\WINDOWS\SYSTEM32\wintypes.dll
0x00007ff8eac10000 - 0x00007ff8eadd9000 	C:\WINDOWS\SYSTEM32\dbghelp.dll

VM Arguments:
jvm_args: -Dfile.encoding=UTF-8 -Djava.library.path=C:\opencv\opencv\build\java\x64 
java_command: javacv.Javacv
java_class_path (initial): C:\javacv\javacpp.jar;C:\javacv\javacv.jar;C:\javacv\ffmpeg.jar;C:\javacv\opencv.jar;C:\javacv\flandmark.jar;C:\javacv\flycapture.jar;C:\javacv\javacv-platform.jar;C:\javacv\leptonica.jar;C:\javacv\libdc1394.jar;C:\javacv\libfreenect.jar;C:\javacv\libfreenect2.jar;C:\javacv\librealsense.jar;C:\javacv\tesseract.jar;C:\javacvcpp-jars\artoolkitplus-android-arm.jar;C:\javacvcpp-jars\artoolkitplus-android-arm64.jar;C:\javacvcpp-jars\artoolkitplus-android-x86.jar;C:\javacvcpp-jars\artoolkitplus-android-x86_64.jar;C:\javacvcpp-jars\artoolkitplus-linux-armhf.jar;C:\javacvcpp-jars\artoolkitplus-linux-ppc64le.jar;C:\javacvcpp-jars\artoolkitplus-linux-x86.jar;C:\javacvcpp-jars\artoolkitplus-linux-x86_64.jar;C:\javacvcpp-jars\artoolkitplus-macosx-x86_64.jar;C:\javacvcpp-jars\artoolkitplus-platform.jar;C:\javacvcpp-jars\artoolkitplus-windows-x86.jar;C:\javacvcpp-jars\artoolkitplus-windows-x86_64.jar;C:\javacvcpp-jars\artoolkitplus.jar;C:\javacvcpp-jars\ffmpeg-android-arm.jar;C:\javacvcpp-jars\ffmpeg-android-arm64.jar;C:\javacvcpp-jars\ffmpeg-android-x86.jar;C:\javacvcpp-jars\ffmpeg-android-x86_64.jar;C:\javacvcpp-jars\ffmpeg-linux-armhf.jar;C:\javacvcpp-jars\ffmpeg-linux-ppc64le.jar;C:\javacvcpp-jars\ffmpeg-linux-x86.jar;C:\javacvcpp-jars\ffmpeg-linux-x86_64.jar;C:\javacvcpp-jars\ffmpeg-macosx-x86_64.jar;C:\javacvcpp-jars\ffmpeg-platform.jar;C:\javacvcpp-jars\ffmpeg-windows-x86.jar;C:\javacvcpp-jars\ffmpeg-windows-x86_64.jar;C:\javacvcpp-jars\ffmpeg.jar;C:\javacvcpp-jars\flandmark-android-arm.jar;C:\javacvcpp-jars\flandmark-android-arm64.jar;C:\javacvcpp-jars\flandmark-android-x86.jar;C:\javacvcpp-jars\flandmark-android-x86_64.jar;C:\javacvcpp-jars\flandmark-linux-armhf.jar;C:\javacvcpp-jars\flandmark-linux-ppc64le.jar;C:\javacvcpp-jars\flandmark-linux-x86.jar;C:\javacvcpp-jars\flandmark-linux-x86_64.jar;C:\javacvcpp-jars\flandmark-macosx-x86_64.jar;C:\javacvcpp-jars\flandmark-platform.jar;C:\javacvcpp-jars\flandmark-windows-x86.jar;C:\javacvcpp-jars
Launcher Type: SUN_STANDARD

Environment Variables:
PATH=C:\Program Files (x86)\Common Files\Oracle\Java\javapath;C:\Program Files (x86)\Intel\iCLS Client\;C:\Program Files\Intel\iCLS Client\;C:\WINDOWS\system32;C:\WINDOWS;C:\WINDOWS\System32\Wbem;C:\WINDOWS\System32\WindowsPowerShell\v1.0\;C:\Program Files (x86)\Intel\Intel(R) Management Engine Components\DAL;C:\Program Files\Intel\Intel(R) Management Engine Components\DAL;C:\Program Files (x86)\Intel\Intel(R) Management Engine Components\IPT;C:\Program Files\Intel\Intel(R) Management Engine Components\IPT;C:\Program Files\Java\jdk1.8.0_161\bin;C:\cygwin64;C:\WINDOWS\System32\OpenSSH\;"C:\Program Files\Java\jdk1.8.0_161\bin;";C:\Program Files\Intel\WiFi\bin\;C:\Program Files\Common Files\Intel\WirelessCommon\;C:\Program Files (x86)\Microsoft SQL Server\100\Tools\Binn\;C:\Program Files\Microsoft SQL Server\100\Tools\Binn\;C:\Program Files\Microsoft SQL Server\100\DTS\Binn\;C:\opencv\opencv\build\x64\vc15\bin;C:\Users\Deshan\AppData\Local\Programs\Python\Python36-32\Scripts\;C:\Users\Deshan\AppData\Local\Programs\Python\Python36-32\;C:\Users\Deshan\AppData\Local\Microsoft\WindowsApps;C:\Program Files\Intel\WiFi\bin\;C:\Program Files\Common Files\Intel\WirelessCommon\;
USERNAME=Deshan
OS=Windows_NT
PROCESSOR_IDENTIFIER=Intel64 Family 6 Model 142 Stepping 9, GenuineIntel



---------------  S Y S T E M  ---------------

OS: Windows 10.0 , 64 bit Build 17134 (10.0.17134.1)

CPU:total 4 (initial active 4) (2 cores per cpu, 2 threads per core) family 6 model 142 stepping 9, cmov, cx8, fxsr, mmx, sse, sse2, sse3, ssse3, sse4.1, sse4.2, popcnt, avx, avx2, aes, clmul, erms, 3dnowpref, lzcnt, ht, tsc, tscinvbit, bmi1, bmi2, adx

Memory: 4k page, physical 4108200k(881156k free), swap 6336424k(2068476k free)

vm_info: Java HotSpot(TM) 64-Bit Server VM (25.161-b12) for windows-amd64 JRE (1.8.0_161-b12), built on Dec 19 2017 17:52:25 by "java_re" with MS VC++ 10.0 (VS2010)

time: Fri Sep 28 19:38:17 2018
elapsed time: 7 seconds (0d 0h 0m 7s)

